10:36:11  Acquired tunnel connection to device.
10:36:11  Enabling developer disk image services.
10:36:12  Acquired usage assertion.
Launched application with dev.mob.node.harness bundle identifier.
Waiting for the application to terminate…
MobMessageObserver: scan_requested
MobMessageObserver: state CBManagerState(rawValue: 5)
MobMessageObserver: scan_started
MobMessageObserver: legacy_beacon_received device_id=D4B98273-E3ED-FD12-D06C-8F404AC61DBE rssi=-58 message_id_hash=f2697a5a7162dfbf sender_peer_id_hash=f70806eddc285bcc payload_kind=TX beacon_version=1 envelope_version=1
MobMessageObserver: legacy_beacon_received device_id=D4B98273-E3ED-FD12-D06C-8F404AC61DBE rssi=-59 message_id_hash=f2697a5a7162dfbf sender_peer_id_hash=f70806eddc285bcc payload_kind=TX beacon_version=1 envelope_version=1
MobMessageObserver: legacy_beacon_received device_id=D4B98273-E3ED-FD12-D06C-8F404AC61DBE rssi=-61 message_id_hash=f2697a5a7162dfbf sender_peer_id_hash=f70806eddc285bcc payload_kind=TX beacon_version=1 envelope_version=1
MobMessageObserver: legacy_beacon_received device_id=D4B98273-E3ED-FD12-D06C-8F404AC61DBE rssi=-60 message_id_hash=f2697a5a7162dfbf sender_peer_id_hash=f70806eddc285bcc payload_kind=TX beacon_version=1 envelope_version=1
MobMessageObserver: legacy_beacon_received device_id=D4B98273-E3ED-FD12-D06C-8F404AC61DBE rssi=-57 message_id_hash=f2697a5a7162dfbf sender_peer_id_hash=f70806eddc285bcc payload_kind=TX beacon_version=1 envelope_version=1
MobMessageObserver: legacy_beacon_received device_id=D4B98273-E3ED-FD12-D06C-8F404AC61DBE rssi=127 message_id_hash=f2697a5a7162dfbf sender_peer_id_hash=f70806eddc285bcc payload_kind=TX beacon_version=1 envelope_version=1
MobMessageObserver: legacy_beacon_received device_id=D4B98273-E3ED-FD12-D06C-8F404AC61DBE rssi=-58 message_id_hash=f2697a5a7162dfbf sender_peer_id_hash=f70806eddc285bcc payload_kind=TX beacon_version=1 envelope_version=1
MobMessageObserver: legacy_beacon_received device_id=D4B98273-E3ED-FD12-D06C-8F404AC61DBE rssi=-58 message_id_hash=f2697a5a7162dfbf sender_peer_id_hash=f70806eddc285bcc payload_kind=TX beacon_version=1 envelope_version=1
MobMessageObserver: legacy_beacon_received device_id=D4B98273-E3ED-FD12-D06C-8F404AC61DBE rssi=-60 message_id_hash=f2697a5a7162dfbf sender_peer_id_hash=f70806eddc285bcc payload_kind=TX beacon_version=1 envelope_version=1
MobMessageObserver: legacy_beacon_received device_id=D4B98273-E3ED-FD12-D06C-8F404AC61DBE rssi=-61 message_id_hash=f2697a5a7162dfbf sender_peer_id_hash=f70806eddc285bcc payload_kind=TX beacon_version=1 envelope_version=1
MobMessageObserver: legacy_beacon_received device_id=D4B98273-E3ED-FD12-D06C-8F404AC61DBE rssi=-58 message_id_hash=f2697a5a7162dfbf sender_peer_id_hash=f70806eddc285bcc payload_kind=TX beacon_version=1 envelope_version=1
MobMessageObserver: legacy_beacon_received device_id=D4B98273-E3ED-FD12-D06C-8F404AC61DBE rssi=127 message_id_hash=f2697a5a7162dfbf sender_peer_id_hash=f70806eddc285bcc payload_kind=TX beacon_version=1 envelope_version=1
MobMessageObserver: legacy_beacon_received device_id=D4B98273-E3ED-FD12-D06C-8F404AC61DBE rssi=127 message_id_hash=f2697a5a7162dfbf sender_peer_id_hash=f70806eddc285bcc payload_kind=TX beacon_version=1 envelope_version=1
MobMessageObserver: legacy_beacon_received device_id=D4B98273-E3ED-FD12-D06C-8F404AC61DBE rssi=-58 message_id_hash=f2697a5a7162dfbf sender_peer_id_hash=f70806eddc285bcc payload_kind=TX beacon_version=1 envelope_version=1
MobMessageObserver: legacy_beacon_received device_id=D4B98273-E3ED-FD12-D06C-8F404AC61DBE rssi=127 message_id_hash=f2697a5a7162dfbf sender_peer_id_hash=f70806eddc285bcc payload_kind=TX beacon_version=1 envelope_version=1
MobMessageObserver: legacy_beacon_received device_id=D4B98273-E3ED-FD12-D06C-8F404AC61DBE rssi=127 message_id_hash=f2697a5a7162dfbf sender_peer_id_hash=f70806eddc285bcc payload_kind=TX beacon_version=1 envelope_version=1
MobMessageObserver: legacy_beacon_received device_id=D4B98273-E3ED-FD12-D06C-8F404AC61DBE rssi=-61 message_id_hash=f2697a5a7162dfbf sender_peer_id_hash=f70806eddc285bcc payload_kind=TX beacon_version=1 envelope_version=1
MobMessageObserver: legacy_beacon_received device_id=D4B98273-E3ED-FD12-D06C-8F404AC61DBE rssi=-60 message_id_hash=f2697a5a7162dfbf sender_peer_id_hash=f70806eddc285bcc payload_kind=TX beacon_version=1 envelope_version=1
MobMessageObserver: legacy_beacon_received device_id=D4B98273-E3ED-FD12-D06C-8F404AC61DBE rssi=-60 message_id_hash=f2697a5a7162dfbf sender_peer_id_hash=f70806eddc285bcc payload_kind=TX beacon_version=1 envelope_version=1
MobMessageObserver: legacy_beacon_received device_id=D4B98273-E3ED-FD12-D06C-8F404AC61DBE rssi=-60 message_id_hash=f2697a5a7162dfbf sender_peer_id_hash=f70806eddc285bcc payload_kind=TX beacon_version=1 envelope_version=1
MobMessageObserver: legacy_beacon_received device_id=D4B98273-E3ED-FD12-D06C-8F404AC61DBE rssi=127 message_id_hash=f2697a5a7162dfbf sender_peer_id_hash=f70806eddc285bcc payload_kind=TX beacon_version=1 envelope_version=1
MobMessageObserver: legacy_beacon_received device_id=D4B98273-E3ED-FD12-D06C-8F404AC61DBE rssi=-58 message_id_hash=f2697a5a7162dfbf sender_peer_id_hash=f70806eddc285bcc payload_kind=TX beacon_version=1 envelope_version=1
MobMessageObserver: legacy_beacon_received device_id=D4B98273-E3ED-FD12-D06C-8F404AC61DBE rssi=127 message_id_hash=f2697a5a7162dfbf sender_peer_id_hash=f70806eddc285bcc payload_kind=TX beacon_version=1 envelope_version=1
MobMessageObserver: legacy_beacon_received device_id=D4B98273-E3ED-FD12-D06C-8F404AC61DBE rssi=127 message_id_hash=f2697a5a7162dfbf sender_peer_id_hash=f70806eddc285bcc payload_kind=TX beacon_version=1 envelope_version=1
MobMessageObserver: legacy_beacon_received device_id=D4B98273-E3ED-FD12-D06C-8F404AC61DBE rssi=-60 message_id_hash=f2697a5a7162dfbf sender_peer_id_hash=f70806eddc285bcc payload_kind=TX beacon_version=1 envelope_version=1
MobMessageObserver: legacy_beacon_received device_id=D4B98273-E3ED-FD12-D06C-8F404AC61DBE rssi=-60 message_id_hash=f2697a5a7162dfbf sender_peer_id_hash=f70806eddc285bcc payload_kind=TX beacon_version=1 envelope_version=1
MobMessageObserver: legacy_beacon_received device_id=D4B98273-E3ED-FD12-D06C-8F404AC61DBE rssi=-61 message_id_hash=f2697a5a7162dfbf sender_peer_id_hash=f70806eddc285bcc payload_kind=TX beacon_version=1 envelope_version=1
MobMessageObserver: legacy_beacon_received device_id=D4B98273-E3ED-FD12-D06C-8F404AC61DBE rssi=-60 message_id_hash=f2697a5a7162dfbf sender_peer_id_hash=f70806eddc285bcc payload_kind=TX beacon_version=1 envelope_version=1
MobMessageObserver: legacy_beacon_received device_id=D4B98273-E3ED-FD12-D06C-8F404AC61DBE rssi=-60 message_id_hash=f2697a5a7162dfbf sender_peer_id_hash=f70806eddc285bcc payload_kind=TX beacon_version=1 envelope_version=1
MobMessageObserver: legacy_beacon_received device_id=D4B98273-E3ED-FD12-D06C-8F404AC61DBE rssi=127 message_id_hash=f2697a5a7162dfbf sender_peer_id_hash=f70806eddc285bcc payload_kind=TX beacon_version=1 envelope_version=1
MobMessageObserver: legacy_beacon_received device_id=D4B98273-E3ED-FD12-D06C-8F404AC61DBE rssi=127 message_id_hash=f2697a5a7162dfbf sender_peer_id_hash=f70806eddc285bcc payload_kind=TX beacon_version=1 envelope_version=1
MobMessageObserver: legacy_beacon_received device_id=D4B98273-E3ED-FD12-D06C-8F404AC61DBE rssi=127 message_id_hash=f2697a5a7162dfbf sender_peer_id_hash=f70806eddc285bcc payload_kind=TX beacon_version=1 envelope_version=1
MobMessageObserver: legacy_beacon_received device_id=D4B98273-E3ED-FD12-D06C-8F404AC61DBE rssi=127 message_id_hash=f2697a5a7162dfbf sender_peer_id_hash=f70806eddc285bcc payload_kind=TX beacon_version=1 envelope_version=1
MobMessageObserver: legacy_beacon_received device_id=D4B98273-E3ED-FD12-D06C-8F404AC61DBE rssi=-58 message_id_hash=f2697a5a7162dfbf sender_peer_id_hash=f70806eddc285bcc payload_kind=TX beacon_version=1 envelope_version=1
MobMessageObserver: legacy_beacon_received device_id=D4B98273-E3ED-FD12-D06C-8F404AC61DBE rssi=-58 message_id_hash=f2697a5a7162dfbf sender_peer_id_hash=f70806eddc285bcc payload_kind=TX beacon_version=1 envelope_version=1
MobMessageObserver: legacy_beacon_received device_id=D4B98273-E3ED-FD12-D06C-8F404AC61DBE rssi=-58 message_id_hash=f2697a5a7162dfbf sender_peer_id_hash=f70806eddc285bcc payload_kind=TX beacon_version=1 envelope_version=1
MobMessageObserver: legacy_beacon_received device_id=D4B98273-E3ED-FD12-D06C-8F404AC61DBE rssi=-60 message_id_hash=f2697a5a7162dfbf sender_peer_id_hash=f70806eddc285bcc payload_kind=TX beacon_version=1 envelope_version=1
MobMessageObserver: legacy_beacon_received device_id=D4B98273-E3ED-FD12-D06C-8F404AC61DBE rssi=-61 message_id_hash=f2697a5a7162dfbf sender_peer_id_hash=f70806eddc285bcc payload_kind=TX beacon_version=1 envelope_version=1
MobMessageObserver: legacy_beacon_received device_id=D4B98273-E3ED-FD12-D06C-8F404AC61DBE rssi=-60 message_id_hash=f2697a5a7162dfbf sender_peer_id_hash=f70806eddc285bcc payload_kind=TX beacon_version=1 envelope_version=1
MobMessageObserver: legacy_beacon_received device_id=D4B98273-E3ED-FD12-D06C-8F404AC61DBE rssi=-61 message_id_hash=f2697a5a7162dfbf sender_peer_id_hash=f70806eddc285bcc payload_kind=TX beacon_version=1 envelope_version=1
MobMessageObserver: legacy_beacon_received device_id=D4B98273-E3ED-FD12-D06C-8F404AC61DBE rssi=-58 message_id_hash=f2697a5a7162dfbf sender_peer_id_hash=f70806eddc285bcc payload_kind=TX beacon_version=1 envelope_version=1
MobMessageObserver: legacy_beacon_received device_id=D4B98273-E3ED-FD12-D06C-8F404AC61DBE rssi=-58 message_id_hash=f2697a5a7162dfbf sender_peer_id_hash=f70806eddc285bcc payload_kind=TX beacon_version=1 envelope_version=1
MobMessageObserver: legacy_beacon_received device_id=D4B98273-E3ED-FD12-D06C-8F404AC61DBE rssi=-61 message_id_hash=f2697a5a7162dfbf sender_peer_id_hash=f70806eddc285bcc payload_kind=TX beacon_version=1 envelope_version=1
MobMessageObserver: legacy_beacon_received device_id=D4B98273-E3ED-FD12-D06C-8F404AC61DBE rssi=-61 message_id_hash=f2697a5a7162dfbf sender_peer_id_hash=f70806eddc285bcc payload_kind=TX beacon_version=1 envelope_version=1
MobMessageObserver: legacy_beacon_received device_id=D4B98273-E3ED-FD12-D06C-8F404AC61DBE rssi=127 message_id_hash=f2697a5a7162dfbf sender_peer_id_hash=f70806eddc285bcc payload_kind=TX beacon_version=1 envelope_version=1
MobMessageObserver: legacy_beacon_received device_id=D4B98273-E3ED-FD12-D06C-8F404AC61DBE rssi=127 message_id_hash=f2697a5a7162dfbf sender_peer_id_hash=f70806eddc285bcc payload_kind=TX beacon_version=1 envelope_version=1
MobMessageObserver: legacy_beacon_received device_id=D4B98273-E3ED-FD12-D06C-8F404AC61DBE rssi=-58 message_id_hash=f2697a5a7162dfbf sender_peer_id_hash=f70806eddc285bcc payload_kind=TX beacon_version=1 envelope_version=1
MobMessageObserver: legacy_beacon_received device_id=D4B98273-E3ED-FD12-D06C-8F404AC61DBE rssi=-58 message_id_hash=f2697a5a7162dfbf sender_peer_id_hash=f70806eddc285bcc payload_kind=TX beacon_version=1 envelope_version=1
MobMessageObserver: legacy_beacon_received device_id=D4B98273-E3ED-FD12-D06C-8F404AC61DBE rssi=-58 message_id_hash=f2697a5a7162dfbf sender_peer_id_hash=f70806eddc285bcc payload_kind=TX beacon_version=1 envelope_version=1
MobMessageObserver: legacy_beacon_received device_id=D4B98273-E3ED-FD12-D06C-8F404AC61DBE rssi=-60 message_id_hash=f2697a5a7162dfbf sender_peer_id_hash=f70806eddc285bcc payload_kind=TX beacon_version=1 envelope_version=1
MobMessageObserver: legacy_beacon_received device_id=D4B98273-E3ED-FD12-D06C-8F404AC61DBE rssi=-61 message_id_hash=f2697a5a7162dfbf sender_peer_id_hash=f70806eddc285bcc payload_kind=TX beacon_version=1 envelope_version=1
MobMessageObserver: legacy_beacon_received device_id=D4B98273-E3ED-FD12-D06C-8F404AC61DBE rssi=-61 message_id_hash=f2697a5a7162dfbf sender_peer_id_hash=f70806eddc285bcc payload_kind=TX beacon_version=1 envelope_version=1
MobMessageObserver: legacy_beacon_received device_id=D4B98273-E3ED-FD12-D06C-8F404AC61DBE rssi=-61 message_id_hash=f2697a5a7162dfbf sender_peer_id_hash=f70806eddc285bcc payload_kind=TX beacon_version=1 envelope_version=1
MobMessageObserver: legacy_beacon_received device_id=D4B98273-E3ED-FD12-D06C-8F404AC61DBE rssi=-58 message_id_hash=f2697a5a7162dfbf sender_peer_id_hash=f70806eddc285bcc payload_kind=TX beacon_version=1 envelope_version=1
MobMessageObserver: legacy_beacon_received device_id=D4B98273-E3ED-FD12-D06C-8F404AC61DBE rssi=127 message_id_hash=f2697a5a7162dfbf sender_peer_id_hash=f70806eddc285bcc payload_kind=TX beacon_version=1 envelope_version=1
MobMessageObserver: legacy_beacon_received device_id=D4B98273-E3ED-FD12-D06C-8F404AC61DBE rssi=-58 message_id_hash=f2697a5a7162dfbf sender_peer_id_hash=f70806eddc285bcc payload_kind=TX beacon_version=1 envelope_version=1
MobMessageObserver: legacy_beacon_received device_id=D4B98273-E3ED-FD12-D06C-8F404AC61DBE rssi=-61 message_id_hash=f2697a5a7162dfbf sender_peer_id_hash=f70806eddc285bcc payload_kind=TX beacon_version=1 envelope_version=1
MobMessageObserver: legacy_beacon_received device_id=D4B98273-E3ED-FD12-D06C-8F404AC61DBE rssi=-60 message_id_hash=f2697a5a7162dfbf sender_peer_id_hash=f70806eddc285bcc payload_kind=TX beacon_version=1 envelope_version=1
MobMessageObserver: legacy_beacon_received device_id=D4B98273-E3ED-FD12-D06C-8F404AC61DBE rssi=-61 message_id_hash=f2697a5a7162dfbf sender_peer_id_hash=f70806eddc285bcc payload_kind=TX beacon_version=1 envelope_version=1
MobMessageObserver: legacy_beacon_received device_id=D4B98273-E3ED-FD12-D06C-8F404AC61DBE rssi=-58 message_id_hash=f2697a5a7162dfbf sender_peer_id_hash=f70806eddc285bcc payload_kind=TX beacon_version=1 envelope_version=1
MobMessageObserver: legacy_beacon_received device_id=D4B98273-E3ED-FD12-D06C-8F404AC61DBE rssi=127 message_id_hash=f2697a5a7162dfbf sender_peer_id_hash=f70806eddc285bcc payload_kind=TX beacon_version=1 envelope_version=1
MobMessageObserver: legacy_beacon_received device_id=D4B98273-E3ED-FD12-D06C-8F404AC61DBE rssi=127 message_id_hash=f2697a5a7162dfbf sender_peer_id_hash=f70806eddc285bcc payload_kind=TX beacon_version=1 envelope_version=1
MobMessageObserver: legacy_beacon_received device_id=D4B98273-E3ED-FD12-D06C-8F404AC61DBE rssi=-58 message_id_hash=f2697a5a7162dfbf sender_peer_id_hash=f70806eddc285bcc payload_kind=TX beacon_version=1 envelope_version=1
MobMessageObserver: legacy_beacon_received device_id=D4B98273-E3ED-FD12-D06C-8F404AC61DBE rssi=-58 message_id_hash=f2697a5a7162dfbf sender_peer_id_hash=f70806eddc285bcc payload_kind=TX beacon_version=1 envelope_version=1
MobMessageObserver: legacy_beacon_received device_id=D4B98273-E3ED-FD12-D06C-8F404AC61DBE rssi=-58 message_id_hash=f2697a5a7162dfbf sender_peer_id_hash=f70806eddc285bcc payload_kind=TX beacon_version=1 envelope_version=1
MobMessageObserver: legacy_beacon_received device_id=D4B98273-E3ED-FD12-D06C-8F404AC61DBE rssi=-58 message_id_hash=f2697a5a7162dfbf sender_peer_id_hash=f70806eddc285bcc payload_kind=TX beacon_version=1 envelope_version=1
MobMessageObserver: legacy_beacon_received device_id=D4B98273-E3ED-FD12-D06C-8F404AC61DBE rssi=-58 message_id_hash=f2697a5a7162dfbf sender_peer_id_hash=f70806eddc285bcc payload_kind=TX beacon_version=1 envelope_version=1
MobMessageObserver: legacy_beacon_received device_id=D4B98273-E3ED-FD12-D06C-8F404AC61DBE rssi=-61 message_id_hash=f2697a5a7162dfbf sender_peer_id_hash=f70806eddc285bcc payload_kind=TX beacon_version=1 envelope_version=1
MobMessageObserver: legacy_beacon_received device_id=D4B98273-E3ED-FD12-D06C-8F404AC61DBE rssi=-61 message_id_hash=f2697a5a7162dfbf sender_peer_id_hash=f70806eddc285bcc payload_kind=TX beacon_version=1 envelope_version=1
MobMessageObserver: legacy_beacon_received device_id=D4B98273-E3ED-FD12-D06C-8F404AC61DBE rssi=-61 message_id_hash=f2697a5a7162dfbf sender_peer_id_hash=f70806eddc285bcc payload_kind=TX beacon_version=1 envelope_version=1
MobMessageObserver: legacy_beacon_received device_id=D4B98273-E3ED-FD12-D06C-8F404AC61DBE rssi=-58 message_id_hash=f2697a5a7162dfbf sender_peer_id_hash=f70806eddc285bcc payload_kind=TX beacon_version=1 envelope_version=1
MobMessageObserver: legacy_beacon_received device_id=D4B98273-E3ED-FD12-D06C-8F404AC61DBE rssi=127 message_id_hash=f2697a5a7162dfbf sender_peer_id_hash=f70806eddc285bcc payload_kind=TX beacon_version=1 envelope_version=1
MobMessageObserver: legacy_beacon_received device_id=D4B98273-E3ED-FD12-D06C-8F404AC61DBE rssi=127 message_id_hash=f2697a5a7162dfbf sender_peer_id_hash=f70806eddc285bcc payload_kind=TX beacon_version=1 envelope_version=1
MobMessageObserver: legacy_beacon_received device_id=D4B98273-E3ED-FD12-D06C-8F404AC61DBE rssi=127 message_id_hash=f2697a5a7162dfbf sender_peer_id_hash=f70806eddc285bcc payload_kind=TX beacon_version=1 envelope_version=1
MobMessageObserver: legacy_beacon_received device_id=D4B98273-E3ED-FD12-D06C-8F404AC61DBE rssi=-61 message_id_hash=f2697a5a7162dfbf sender_peer_id_hash=f70806eddc285bcc payload_kind=TX beacon_version=1 envelope_version=1
MobMessageObserver: legacy_beacon_received device_id=D4B98273-E3ED-FD12-D06C-8F404AC61DBE rssi=-61 message_id_hash=f2697a5a7162dfbf sender_peer_id_hash=f70806eddc285bcc payload_kind=TX beacon_version=1 envelope_version=1
MobMessageObserver: legacy_beacon_received device_id=D4B98273-E3ED-FD12-D06C-8F404AC61DBE rssi=127 message_id_hash=f2697a5a7162dfbf sender_peer_id_hash=f70806eddc285bcc payload_kind=TX beacon_version=1 envelope_version=1
MobMessageObserver: legacy_beacon_received device_id=D4B98273-E3ED-FD12-D06C-8F404AC61DBE rssi=127 message_id_hash=f2697a5a7162dfbf sender_peer_id_hash=f70806eddc285bcc payload_kind=TX beacon_version=1 envelope_version=1
MobMessageObserver: legacy_beacon_received device_id=D4B98273-E3ED-FD12-D06C-8F404AC61DBE rssi=-58 message_id_hash=f2697a5a7162dfbf sender_peer_id_hash=f70806eddc285bcc payload_kind=TX beacon_version=1 envelope_version=1
MobMessageObserver: legacy_beacon_received device_id=54496505-BCD3-0B69-2600-8BA1EA5809CC rssi=-58 message_id_hash=700351a4820d7312 sender_peer_id_hash=f70806eddc285bcc payload_kind=TX beacon_version=1 envelope_version=1
MobMessageObserver: legacy_beacon_received device_id=54496505-BCD3-0B69-2600-8BA1EA5809CC rssi=-59 message_id_hash=700351a4820d7312 sender_peer_id_hash=f70806eddc285bcc payload_kind=TX beacon_version=1 envelope_version=1
MobMessageObserver: legacy_beacon_received device_id=54496505-BCD3-0B69-2600-8BA1EA5809CC rssi=-60 message_id_hash=700351a4820d7312 sender_peer_id_hash=f70806eddc285bcc payload_kind=TX beacon_version=1 envelope_version=1
MobMessageObserver: legacy_beacon_received device_id=54496505-BCD3-0B69-2600-8BA1EA5809CC rssi=-60 message_id_hash=700351a4820d7312 sender_peer_id_hash=f70806eddc285bcc payload_kind=TX beacon_version=1 envelope_version=1
MobMessageObserver: legacy_beacon_received device_id=54496505-BCD3-0B69-2600-8BA1EA5809CC rssi=-58 message_id_hash=700351a4820d7312 sender_peer_id_hash=f70806eddc285bcc payload_kind=TX beacon_version=1 envelope_version=1
MobMessageObserver: legacy_beacon_received device_id=54496505-BCD3-0B69-2600-8BA1EA5809CC rssi=127 message_id_hash=700351a4820d7312 sender_peer_id_hash=f70806eddc285bcc payload_kind=TX beacon_version=1 envelope_version=1
MobMessageObserver: legacy_beacon_received device_id=54496505-BCD3-0B69-2600-8BA1EA5809CC rssi=127 message_id_hash=700351a4820d7312 sender_peer_id_hash=f70806eddc285bcc payload_kind=TX beacon_version=1 envelope_version=1
MobMessageObserver: legacy_beacon_received device_id=54496505-BCD3-0B69-2600-8BA1EA5809CC rssi=127 message_id_hash=700351a4820d7312 sender_peer_id_hash=f70806eddc285bcc payload_kind=TX beacon_version=1 envelope_version=1
MobMessageObserver: legacy_beacon_received device_id=54496505-BCD3-0B69-2600-8BA1EA5809CC rssi=-61 message_id_hash=700351a4820d7312 sender_peer_id_hash=f70806eddc285bcc payload_kind=TX beacon_version=1 envelope_version=1
MobMessageObserver: legacy_beacon_received device_id=54496505-BCD3-0B69-2600-8BA1EA5809CC rssi=-60 message_id_hash=700351a4820d7312 sender_peer_id_hash=f70806eddc285bcc payload_kind=TX beacon_version=1 envelope_version=1
MobMessageObserver: legacy_beacon_received device_id=54496505-BCD3-0B69-2600-8BA1EA5809CC rssi=127 message_id_hash=700351a4820d7312 sender_peer_id_hash=f70806eddc285bcc payload_kind=TX beacon_version=1 envelope_version=1
MobMessageObserver: legacy_beacon_received device_id=54496505-BCD3-0B69-2600-8BA1EA5809CC rssi=-58 message_id_hash=700351a4820d7312 sender_peer_id_hash=f70806eddc285bcc payload_kind=TX beacon_version=1 envelope_version=1
MobMessageObserver: legacy_beacon_received device_id=54496505-BCD3-0B69-2600-8BA1EA5809CC rssi=-59 message_id_hash=700351a4820d7312 sender_peer_id_hash=f70806eddc285bcc payload_kind=TX beacon_version=1 envelope_version=1
MobMessageObserver: legacy_beacon_received device_id=54496505-BCD3-0B69-2600-8BA1EA5809CC rssi=127 message_id_hash=700351a4820d7312 sender_peer_id_hash=f70806eddc285bcc payload_kind=TX beacon_version=1 envelope_version=1
MobMessageObserver: legacy_beacon_received device_id=54496505-BCD3-0B69-2600-8BA1EA5809CC rssi=-58 message_id_hash=700351a4820d7312 sender_peer_id_hash=f70806eddc285bcc payload_kind=TX beacon_version=1 envelope_version=1
MobMessageObserver: legacy_beacon_received device_id=54496505-BCD3-0B69-2600-8BA1EA5809CC rssi=-59 message_id_hash=700351a4820d7312 sender_peer_id_hash=f70806eddc285bcc payload_kind=TX beacon_version=1 envelope_version=1
MobMessageObserver: legacy_beacon_received device_id=54496505-BCD3-0B69-2600-8BA1EA5809CC rssi=-58 message_id_hash=700351a4820d7312 sender_peer_id_hash=f70806eddc285bcc payload_kind=TX beacon_version=1 envelope_version=1
MobMessageObserver: legacy_beacon_received device_id=54496505-BCD3-0B69-2600-8BA1EA5809CC rssi=-59 message_id_hash=700351a4820d7312 sender_peer_id_hash=f70806eddc285bcc payload_kind=TX beacon_version=1 envelope_version=1
MobMessageObserver: legacy_beacon_received device_id=54496505-BCD3-0B69-2600-8BA1EA5809CC rssi=-60 message_id_hash=700351a4820d7312 sender_peer_id_hash=f70806eddc285bcc payload_kind=TX beacon_version=1 envelope_version=1
MobMessageObserver: legacy_beacon_received device_id=54496505-BCD3-0B69-2600-8BA1EA5809CC rssi=-61 message_id_hash=700351a4820d7312 sender_peer_id_hash=f70806eddc285bcc payload_kind=TX beacon_version=1 envelope_version=1
MobMessageObserver: legacy_beacon_received device_id=54496505-BCD3-0B69-2600-8BA1EA5809CC rssi=-61 message_id_hash=700351a4820d7312 sender_peer_id_hash=f70806eddc285bcc payload_kind=TX beacon_version=1 envelope_version=1
MobMessageObserver: legacy_beacon_received device_id=54496505-BCD3-0B69-2600-8BA1EA5809CC rssi=-61 message_id_hash=700351a4820d7312 sender_peer_id_hash=f70806eddc285bcc payload_kind=TX beacon_version=1 envelope_version=1
MobMessageObserver: legacy_beacon_received device_id=54496505-BCD3-0B69-2600-8BA1EA5809CC rssi=127 message_id_hash=700351a4820d7312 sender_peer_id_hash=f70806eddc285bcc payload_kind=TX beacon_version=1 envelope_version=1
MobMessageObserver: legacy_beacon_received device_id=54496505-BCD3-0B69-2600-8BA1EA5809CC rssi=127 message_id_hash=700351a4820d7312 sender_peer_id_hash=f70806eddc285bcc payload_kind=TX beacon_version=1 envelope_version=1
MobMessageObserver: legacy_beacon_received device_id=54496505-BCD3-0B69-2600-8BA1EA5809CC rssi=127 message_id_hash=700351a4820d7312 sender_peer_id_hash=f70806eddc285bcc payload_kind=TX beacon_version=1 envelope_version=1
MobMessageObserver: legacy_beacon_received device_id=54496505-BCD3-0B69-2600-8BA1EA5809CC rssi=127 message_id_hash=700351a4820d7312 sender_peer_id_hash=f70806eddc285bcc payload_kind=TX beacon_version=1 envelope_version=1
MobMessageObserver: legacy_beacon_received device_id=54496505-BCD3-0B69-2600-8BA1EA5809CC rssi=127 message_id_hash=700351a4820d7312 sender_peer_id_hash=f70806eddc285bcc payload_kind=TX beacon_version=1 envelope_version=1
MobMessageObserver: legacy_beacon_received device_id=54496505-BCD3-0B69-2600-8BA1EA5809CC rssi=127 message_id_hash=700351a4820d7312 sender_peer_id_hash=f70806eddc285bcc payload_kind=TX beacon_version=1 envelope_version=1
MobMessageObserver: legacy_beacon_received device_id=54496505-BCD3-0B69-2600-8BA1EA5809CC rssi=-58 message_id_hash=700351a4820d7312 sender_peer_id_hash=f70806eddc285bcc payload_kind=TX beacon_version=1 envelope_version=1
MobMessageObserver: legacy_beacon_received device_id=54496505-BCD3-0B69-2600-8BA1EA5809CC rssi=127 message_id_hash=700351a4820d7312 sender_peer_id_hash=f70806eddc285bcc payload_kind=TX beacon_version=1 envelope_version=1
MobMessageObserver: legacy_beacon_received device_id=54496505-BCD3-0B69-2600-8BA1EA5809CC rssi=127 message_id_hash=700351a4820d7312 sender_peer_id_hash=f70806eddc285bcc payload_kind=TX beacon_version=1 envelope_version=1
MobMessageObserver: legacy_beacon_received device_id=54496505-BCD3-0B69-2600-8BA1EA5809CC rssi=127 message_id_hash=700351a4820d7312 sender_peer_id_hash=f70806eddc285bcc payload_kind=TX beacon_version=1 envelope_version=1
MobMessageObserver: legacy_beacon_received device_id=54496505-BCD3-0B69-2600-8BA1EA5809CC rssi=-58 message_id_hash=700351a4820d7312 sender_peer_id_hash=f70806eddc285bcc payload_kind=TX beacon_version=1 envelope_version=1
MobMessageObserver: legacy_beacon_received device_id=54496505-BCD3-0B69-2600-8BA1EA5809CC rssi=-60 message_id_hash=700351a4820d7312 sender_peer_id_hash=f70806eddc285bcc payload_kind=TX beacon_version=1 envelope_version=1
MobMessageObserver: legacy_beacon_received device_id=54496505-BCD3-0B69-2600-8BA1EA5809CC rssi=-60 message_id_hash=700351a4820d7312 sender_peer_id_hash=f70806eddc285bcc payload_kind=TX beacon_version=1 envelope_version=1
MobMessageObserver: legacy_beacon_received device_id=54496505-BCD3-0B69-2600-8BA1EA5809CC rssi=-61 message_id_hash=700351a4820d7312 sender_peer_id_hash=f70806eddc285bcc payload_kind=TX beacon_version=1 envelope_version=1
MobMessageObserver: legacy_beacon_received device_id=54496505-BCD3-0B69-2600-8BA1EA5809CC rssi=-61 message_id_hash=700351a4820d7312 sender_peer_id_hash=f70806eddc285bcc payload_kind=TX beacon_version=1 envelope_version=1
MobMessageObserver: legacy_beacon_received device_id=54496505-BCD3-0B69-2600-8BA1EA5809CC rssi=127 message_id_hash=700351a4820d7312 sender_peer_id_hash=f70806eddc285bcc payload_kind=TX beacon_version=1 envelope_version=1
MobMessageObserver: legacy_beacon_received device_id=54496505-BCD3-0B69-2600-8BA1EA5809CC rssi=127 message_id_hash=700351a4820d7312 sender_peer_id_hash=f70806eddc285bcc payload_kind=TX beacon_version=1 envelope_version=1
MobMessageObserver: legacy_beacon_received device_id=54496505-BCD3-0B69-2600-8BA1EA5809CC rssi=-58 message_id_hash=700351a4820d7312 sender_peer_id_hash=f70806eddc285bcc payload_kind=TX beacon_version=1 envelope_version=1
MobMessageObserver: legacy_beacon_received device_id=54496505-BCD3-0B69-2600-8BA1EA5809CC rssi=127 message_id_hash=700351a4820d7312 sender_peer_id_hash=f70806eddc285bcc payload_kind=TX beacon_version=1 envelope_version=1
MobMessageObserver: legacy_beacon_received device_id=54496505-BCD3-0B69-2600-8BA1EA5809CC rssi=-61 message_id_hash=700351a4820d7312 sender_peer_id_hash=f70806eddc285bcc payload_kind=TX beacon_version=1 envelope_version=1
MobMessageObserver: legacy_beacon_received device_id=54496505-BCD3-0B69-2600-8BA1EA5809CC rssi=-61 message_id_hash=700351a4820d7312 sender_peer_id_hash=f70806eddc285bcc payload_kind=TX beacon_version=1 envelope_version=1
MobMessageObserver: legacy_beacon_received device_id=54496505-BCD3-0B69-2600-8BA1EA5809CC rssi=-60 message_id_hash=700351a4820d7312 sender_peer_id_hash=f70806eddc285bcc payload_kind=TX beacon_version=1 envelope_version=1
MobMessageObserver: legacy_beacon_received device_id=54496505-BCD3-0B69-2600-8BA1EA5809CC rssi=-60 message_id_hash=700351a4820d7312 sender_peer_id_hash=f70806eddc285bcc payload_kind=TX beacon_version=1 envelope_version=1
MobMessageObserver: legacy_beacon_received device_id=54496505-BCD3-0B69-2600-8BA1EA5809CC rssi=-60 message_id_hash=700351a4820d7312 sender_peer_id_hash=f70806eddc285bcc payload_kind=TX beacon_version=1 envelope_version=1
MobMessageObserver: legacy_beacon_received device_id=54496505-BCD3-0B69-2600-8BA1EA5809CC rssi=-60 message_id_hash=700351a4820d7312 sender_peer_id_hash=f70806eddc285bcc payload_kind=TX beacon_version=1 envelope_version=1
MobMessageObserver: legacy_beacon_received device_id=54496505-BCD3-0B69-2600-8BA1EA5809CC rssi=127 message_id_hash=700351a4820d7312 sender_peer_id_hash=f70806eddc285bcc payload_kind=TX beacon_version=1 envelope_version=1
MobMessageObserver: legacy_beacon_received device_id=54496505-BCD3-0B69-2600-8BA1EA5809CC rssi=-58 message_id_hash=700351a4820d7312 sender_peer_id_hash=f70806eddc285bcc payload_kind=TX beacon_version=1 envelope_version=1
MobMessageObserver: legacy_beacon_received device_id=54496505-BCD3-0B69-2600-8BA1EA5809CC rssi=-58 message_id_hash=700351a4820d7312 sender_peer_id_hash=f70806eddc285bcc payload_kind=TX beacon_version=1 envelope_version=1
MobMessageObserver: legacy_beacon_received device_id=54496505-BCD3-0B69-2600-8BA1EA5809CC rssi=127 message_id_hash=700351a4820d7312 sender_peer_id_hash=f70806eddc285bcc payload_kind=TX beacon_version=1 envelope_version=1
MobMessageObserver: legacy_beacon_received device_id=54496505-BCD3-0B69-2600-8BA1EA5809CC rssi=-61 message_id_hash=700351a4820d7312 sender_peer_id_hash=f70806eddc285bcc payload_kind=TX beacon_version=1 envelope_version=1
MobMessageObserver: legacy_beacon_received device_id=54496505-BCD3-0B69-2600-8BA1EA5809CC rssi=-61 message_id_hash=700351a4820d7312 sender_peer_id_hash=f70806eddc285bcc payload_kind=TX beacon_version=1 envelope_version=1
MobMessageObserver: legacy_beacon_received device_id=54496505-BCD3-0B69-2600-8BA1EA5809CC rssi=-61 message_id_hash=700351a4820d7312 sender_peer_id_hash=f70806eddc285bcc payload_kind=TX beacon_version=1 envelope_version=1
MobMessageObserver: legacy_beacon_received device_id=54496505-BCD3-0B69-2600-8BA1EA5809CC rssi=-61 message_id_hash=700351a4820d7312 sender_peer_id_hash=f70806eddc285bcc payload_kind=TX beacon_version=1 envelope_version=1
MobMessageObserver: legacy_beacon_received device_id=54496505-BCD3-0B69-2600-8BA1EA5809CC rssi=127 message_id_hash=700351a4820d7312 sender_peer_id_hash=f70806eddc285bcc payload_kind=TX beacon_version=1 envelope_version=1
MobMessageObserver: legacy_beacon_received device_id=54496505-BCD3-0B69-2600-8BA1EA5809CC rssi=127 message_id_hash=700351a4820d7312 sender_peer_id_hash=f70806eddc285bcc payload_kind=TX beacon_version=1 envelope_version=1
MobMessageObserver: legacy_beacon_received device_id=54496505-BCD3-0B69-2600-8BA1EA5809CC rssi=-58 message_id_hash=700351a4820d7312 sender_peer_id_hash=f70806eddc285bcc payload_kind=TX beacon_version=1 envelope_version=1
MobMessageObserver: legacy_beacon_received device_id=54496505-BCD3-0B69-2600-8BA1EA5809CC rssi=127 message_id_hash=700351a4820d7312 sender_peer_id_hash=f70806eddc285bcc payload_kind=TX beacon_version=1 envelope_version=1
MobMessageObserver: legacy_beacon_received device_id=54496505-BCD3-0B69-2600-8BA1EA5809CC rssi=-58 message_id_hash=700351a4820d7312 sender_peer_id_hash=f70806eddc285bcc payload_kind=TX beacon_version=1 envelope_version=1
MobMessageObserver: legacy_beacon_received device_id=54496505-BCD3-0B69-2600-8BA1EA5809CC rssi=-58 message_id_hash=700351a4820d7312 sender_peer_id_hash=f70806eddc285bcc payload_kind=TX beacon_version=1 envelope_version=1
MobMessageObserver: legacy_beacon_received device_id=54496505-BCD3-0B69-2600-8BA1EA5809CC rssi=-60 message_id_hash=700351a4820d7312 sender_peer_id_hash=f70806eddc285bcc payload_kind=TX beacon_version=1 envelope_version=1
MobMessageObserver: legacy_beacon_received device_id=54496505-BCD3-0B69-2600-8BA1EA5809CC rssi=-60 message_id_hash=700351a4820d7312 sender_peer_id_hash=f70806eddc285bcc payload_kind=TX beacon_version=1 envelope_version=1
MobMessageObserver: legacy_beacon_received device_id=54496505-BCD3-0B69-2600-8BA1EA5809CC rssi=-58 message_id_hash=700351a4820d7312 sender_peer_id_hash=f70806eddc285bcc payload_kind=TX beacon_version=1 envelope_version=1
MobMessageObserver: legacy_beacon_received device_id=54496505-BCD3-0B69-2600-8BA1EA5809CC rssi=-57 message_id_hash=700351a4820d7312 sender_peer_id_hash=f70806eddc285bcc payload_kind=TX beacon_version=1 envelope_version=1
MobMessageObserver: legacy_beacon_received device_id=54496505-BCD3-0B69-2600-8BA1EA5809CC rssi=-58 message_id_hash=700351a4820d7312 sender_peer_id_hash=f70806eddc285bcc payload_kind=TX beacon_version=1 envelope_version=1
MobMessageObserver: legacy_beacon_received device_id=54496505-BCD3-0B69-2600-8BA1EA5809CC rssi=-59 message_id_hash=700351a4820d7312 sender_peer_id_hash=f70806eddc285bcc payload_kind=TX beacon_version=1 envelope_version=1
MobMessageObserver: legacy_beacon_received device_id=54496505-BCD3-0B69-2600-8BA1EA5809CC rssi=-60 message_id_hash=700351a4820d7312 sender_peer_id_hash=f70806eddc285bcc payload_kind=TX beacon_version=1 envelope_version=1
MobMessageObserver: legacy_beacon_received device_id=54496505-BCD3-0B69-2600-8BA1EA5809CC rssi=-61 message_id_hash=700351a4820d7312 sender_peer_id_hash=f70806eddc285bcc payload_kind=TX beacon_version=1 envelope_version=1
MobMessageObserver: legacy_beacon_received device_id=54496505-BCD3-0B69-2600-8BA1EA5809CC rssi=-61 message_id_hash=700351a4820d7312 sender_peer_id_hash=f70806eddc285bcc payload_kind=TX beacon_version=1 envelope_version=1
MobMessageObserver: legacy_beacon_received device_id=9D6D658F-230A-D9A5-8C6E-7029880ED4EB rssi=-58 message_id_hash=8bde4386bc6cbe3d sender_peer_id_hash=f70806eddc285bcc payload_kind=TX beacon_version=1 envelope_version=1
MobMessageObserver: legacy_beacon_received device_id=9D6D658F-230A-D9A5-8C6E-7029880ED4EB rssi=127 message_id_hash=8bde4386bc6cbe3d sender_peer_id_hash=f70806eddc285bcc payload_kind=TX beacon_version=1 envelope_version=1
MobMessageObserver: legacy_beacon_received device_id=9D6D658F-230A-D9A5-8C6E-7029880ED4EB rssi=127 message_id_hash=8bde4386bc6cbe3d sender_peer_id_hash=f70806eddc285bcc payload_kind=TX beacon_version=1 envelope_version=1
MobMessageObserver: legacy_beacon_received device_id=9D6D658F-230A-D9A5-8C6E-7029880ED4EB rssi=127 message_id_hash=8bde4386bc6cbe3d sender_peer_id_hash=f70806eddc285bcc payload_kind=TX beacon_version=1 envelope_version=1
MobMessageObserver: legacy_beacon_received device_id=9D6D658F-230A-D9A5-8C6E-7029880ED4EB rssi=-61 message_id_hash=8bde4386bc6cbe3d sender_peer_id_hash=f70806eddc285bcc payload_kind=TX beacon_version=1 envelope_version=1
MobMessageObserver: legacy_beacon_received device_id=9D6D658F-230A-D9A5-8C6E-7029880ED4EB rssi=-58 message_id_hash=8bde4386bc6cbe3d sender_peer_id_hash=f70806eddc285bcc payload_kind=TX beacon_version=1 envelope_version=1
MobMessageObserver: legacy_beacon_received device_id=9D6D658F-230A-D9A5-8C6E-7029880ED4EB rssi=-58 message_id_hash=8bde4386bc6cbe3d sender_peer_id_hash=f70806eddc285bcc payload_kind=TX beacon_version=1 envelope_version=1
MobMessageObserver: legacy_beacon_received device_id=9D6D658F-230A-D9A5-8C6E-7029880ED4EB rssi=-58 message_id_hash=8bde4386bc6cbe3d sender_peer_id_hash=f70806eddc285bcc payload_kind=TX beacon_version=1 envelope_version=1
MobMessageObserver: legacy_beacon_received device_id=9D6D658F-230A-D9A5-8C6E-7029880ED4EB rssi=-58 message_id_hash=8bde4386bc6cbe3d sender_peer_id_hash=f70806eddc285bcc payload_kind=TX beacon_version=1 envelope_version=1
MobMessageObserver: legacy_beacon_received device_id=9D6D658F-230A-D9A5-8C6E-7029880ED4EB rssi=-58 message_id_hash=8bde4386bc6cbe3d sender_peer_id_hash=f70806eddc285bcc payload_kind=TX beacon_version=1 envelope_version=1
MobMessageObserver: legacy_beacon_received device_id=9D6D658F-230A-D9A5-8C6E-7029880ED4EB rssi=127 message_id_hash=8bde4386bc6cbe3d sender_peer_id_hash=f70806eddc285bcc payload_kind=TX beacon_version=1 envelope_version=1
MobMessageObserver: legacy_beacon_received device_id=9D6D658F-230A-D9A5-8C6E-7029880ED4EB rssi=-60 message_id_hash=8bde4386bc6cbe3d sender_peer_id_hash=f70806eddc285bcc payload_kind=TX beacon_version=1 envelope_version=1
MobMessageObserver: legacy_beacon_received device_id=9D6D658F-230A-D9A5-8C6E-7029880ED4EB rssi=-61 message_id_hash=8bde4386bc6cbe3d sender_peer_id_hash=f70806eddc285bcc payload_kind=TX beacon_version=1 envelope_version=1
MobMessageObserver: legacy_beacon_received device_id=9D6D658F-230A-D9A5-8C6E-7029880ED4EB rssi=127 message_id_hash=8bde4386bc6cbe3d sender_peer_id_hash=f70806eddc285bcc payload_kind=TX beacon_version=1 envelope_version=1
MobMessageObserver: legacy_beacon_received device_id=9D6D658F-230A-D9A5-8C6E-7029880ED4EB rssi=-58 message_id_hash=8bde4386bc6cbe3d sender_peer_id_hash=f70806eddc285bcc payload_kind=TX beacon_version=1 envelope_version=1
MobMessageObserver: legacy_beacon_received device_id=9D6D658F-230A-D9A5-8C6E-7029880ED4EB rssi=127 message_id_hash=8bde4386bc6cbe3d sender_peer_id_hash=f70806eddc285bcc payload_kind=TX beacon_version=1 envelope_version=1
MobMessageObserver: legacy_beacon_received device_id=9D6D658F-230A-D9A5-8C6E-7029880ED4EB rssi=127 message_id_hash=8bde4386bc6cbe3d sender_peer_id_hash=f70806eddc285bcc payload_kind=TX beacon_version=1 envelope_version=1
MobMessageObserver: legacy_beacon_received device_id=9D6D658F-230A-D9A5-8C6E-7029880ED4EB rssi=-61 message_id_hash=8bde4386bc6cbe3d sender_peer_id_hash=f70806eddc285bcc payload_kind=TX beacon_version=1 envelope_version=1
MobMessageObserver: legacy_beacon_received device_id=9D6D658F-230A-D9A5-8C6E-7029880ED4EB rssi=127 message_id_hash=8bde4386bc6cbe3d sender_peer_id_hash=f70806eddc285bcc payload_kind=TX beacon_version=1 envelope_version=1
MobMessageObserver: legacy_beacon_received device_id=9D6D658F-230A-D9A5-8C6E-7029880ED4EB rssi=127 message_id_hash=8bde4386bc6cbe3d sender_peer_id_hash=f70806eddc285bcc payload_kind=TX beacon_version=1 envelope_version=1
MobMessageObserver: legacy_beacon_received device_id=9D6D658F-230A-D9A5-8C6E-7029880ED4EB rssi=-61 message_id_hash=8bde4386bc6cbe3d sender_peer_id_hash=f70806eddc285bcc payload_kind=TX beacon_version=1 envelope_version=1
MobMessageObserver: legacy_beacon_received device_id=9D6D658F-230A-D9A5-8C6E-7029880ED4EB rssi=-60 message_id_hash=8bde4386bc6cbe3d sender_peer_id_hash=f70806eddc285bcc payload_kind=TX beacon_version=1 envelope_version=1
MobMessageObserver: legacy_beacon_received device_id=9D6D658F-230A-D9A5-8C6E-7029880ED4EB rssi=-58 message_id_hash=8bde4386bc6cbe3d sender_peer_id_hash=f70806eddc285bcc payload_kind=TX beacon_version=1 envelope_version=1
MobMessageObserver: legacy_beacon_received device_id=9D6D658F-230A-D9A5-8C6E-7029880ED4EB rssi=127 message_id_hash=8bde4386bc6cbe3d sender_peer_id_hash=f70806eddc285bcc payload_kind=TX beacon_version=1 envelope_version=1
MobMessageObserver: legacy_beacon_received device_id=9D6D658F-230A-D9A5-8C6E-7029880ED4EB rssi=-60 message_id_hash=8bde4386bc6cbe3d sender_peer_id_hash=f70806eddc285bcc payload_kind=TX beacon_version=1 envelope_version=1
MobMessageObserver: legacy_beacon_received device_id=9D6D658F-230A-D9A5-8C6E-7029880ED4EB rssi=-60 message_id_hash=8bde4386bc6cbe3d sender_peer_id_hash=f70806eddc285bcc payload_kind=TX beacon_version=1 envelope_version=1
MobMessageObserver: legacy_beacon_received device_id=9D6D658F-230A-D9A5-8C6E-7029880ED4EB rssi=-58 message_id_hash=8bde4386bc6cbe3d sender_peer_id_hash=f70806eddc285bcc payload_kind=TX beacon_version=1 envelope_version=1
MobMessageObserver: legacy_beacon_received device_id=9D6D658F-230A-D9A5-8C6E-7029880ED4EB rssi=-59 message_id_hash=8bde4386bc6cbe3d sender_peer_id_hash=f70806eddc285bcc payload_kind=TX beacon_version=1 envelope_version=1
MobMessageObserver: legacy_beacon_received device_id=9D6D658F-230A-D9A5-8C6E-7029880ED4EB rssi=-58 message_id_hash=8bde4386bc6cbe3d sender_peer_id_hash=f70806eddc285bcc payload_kind=TX beacon_version=1 envelope_version=1
MobMessageObserver: legacy_beacon_received device_id=9D6D658F-230A-D9A5-8C6E-7029880ED4EB rssi=-58 message_id_hash=8bde4386bc6cbe3d sender_peer_id_hash=f70806eddc285bcc payload_kind=TX beacon_version=1 envelope_version=1
MobMessageObserver: legacy_beacon_received device_id=9D6D658F-230A-D9A5-8C6E-7029880ED4EB rssi=-60 message_id_hash=8bde4386bc6cbe3d sender_peer_id_hash=f70806eddc285bcc payload_kind=TX beacon_version=1 envelope_version=1
MobMessageObserver: legacy_beacon_received device_id=9D6D658F-230A-D9A5-8C6E-7029880ED4EB rssi=-61 message_id_hash=8bde4386bc6cbe3d sender_peer_id_hash=f70806eddc285bcc payload_kind=TX beacon_version=1 envelope_version=1
MobMessageObserver: legacy_beacon_received device_id=9D6D658F-230A-D9A5-8C6E-7029880ED4EB rssi=127 message_id_hash=8bde4386bc6cbe3d sender_peer_id_hash=f70806eddc285bcc payload_kind=TX beacon_version=1 envelope_version=1
MobMessageObserver: legacy_beacon_received device_id=9D6D658F-230A-D9A5-8C6E-7029880ED4EB rssi=127 message_id_hash=8bde4386bc6cbe3d sender_peer_id_hash=f70806eddc285bcc payload_kind=TX beacon_version=1 envelope_version=1
MobMessageObserver: legacy_beacon_received device_id=9D6D658F-230A-D9A5-8C6E-7029880ED4EB rssi=-60 message_id_hash=8bde4386bc6cbe3d sender_peer_id_hash=f70806eddc285bcc payload_kind=TX beacon_version=1 envelope_version=1
MobMessageObserver: legacy_beacon_received device_id=9D6D658F-230A-D9A5-8C6E-7029880ED4EB rssi=-60 message_id_hash=8bde4386bc6cbe3d sender_peer_id_hash=f70806eddc285bcc payload_kind=TX beacon_version=1 envelope_version=1
MobMessageObserver: legacy_beacon_received device_id=9D6D658F-230A-D9A5-8C6E-7029880ED4EB rssi=-58 message_id_hash=8bde4386bc6cbe3d sender_peer_id_hash=f70806eddc285bcc payload_kind=TX beacon_version=1 envelope_version=1
MobMessageObserver: legacy_beacon_received device_id=9D6D658F-230A-D9A5-8C6E-7029880ED4EB rssi=-59 message_id_hash=8bde4386bc6cbe3d sender_peer_id_hash=f70806eddc285bcc payload_kind=TX beacon_version=1 envelope_version=1
MobMessageObserver: legacy_beacon_received device_id=9D6D658F-230A-D9A5-8C6E-7029880ED4EB rssi=-58 message_id_hash=8bde4386bc6cbe3d sender_peer_id_hash=f70806eddc285bcc payload_kind=TX beacon_version=1 envelope_version=1
MobMessageObserver: legacy_beacon_received device_id=9D6D658F-230A-D9A5-8C6E-7029880ED4EB rssi=127 message_id_hash=8bde4386bc6cbe3d sender_peer_id_hash=f70806eddc285bcc payload_kind=TX beacon_version=1 envelope_version=1
MobMessageObserver: legacy_beacon_received device_id=9D6D658F-230A-D9A5-8C6E-7029880ED4EB rssi=-60 message_id_hash=8bde4386bc6cbe3d sender_peer_id_hash=f70806eddc285bcc payload_kind=TX beacon_version=1 envelope_version=1
MobMessageObserver: legacy_beacon_received device_id=9D6D658F-230A-D9A5-8C6E-7029880ED4EB rssi=-61 message_id_hash=8bde4386bc6cbe3d sender_peer_id_hash=f70806eddc285bcc payload_kind=TX beacon_version=1 envelope_version=1
MobMessageObserver: legacy_beacon_received device_id=9D6D658F-230A-D9A5-8C6E-7029880ED4EB rssi=-58 message_id_hash=8bde4386bc6cbe3d sender_peer_id_hash=f70806eddc285bcc payload_kind=TX beacon_version=1 envelope_version=1
MobMessageObserver: legacy_beacon_received device_id=9D6D658F-230A-D9A5-8C6E-7029880ED4EB rssi=-58 message_id_hash=8bde4386bc6cbe3d sender_peer_id_hash=f70806eddc285bcc payload_kind=TX beacon_version=1 envelope_version=1
MobMessageObserver: legacy_beacon_received device_id=9D6D658F-230A-D9A5-8C6E-7029880ED4EB rssi=-58 message_id_hash=8bde4386bc6cbe3d sender_peer_id_hash=f70806eddc285bcc payload_kind=TX beacon_version=1 envelope_version=1
MobMessageObserver: legacy_beacon_received device_id=9D6D658F-230A-D9A5-8C6E-7029880ED4EB rssi=127 message_id_hash=8bde4386bc6cbe3d sender_peer_id_hash=f70806eddc285bcc payload_kind=TX beacon_version=1 envelope_version=1
MobMessageObserver: legacy_beacon_received device_id=9D6D658F-230A-D9A5-8C6E-7029880ED4EB rssi=127 message_id_hash=8bde4386bc6cbe3d sender_peer_id_hash=f70806eddc285bcc payload_kind=TX beacon_version=1 envelope_version=1
MobMessageObserver: legacy_beacon_received device_id=9D6D658F-230A-D9A5-8C6E-7029880ED4EB rssi=-60 message_id_hash=8bde4386bc6cbe3d sender_peer_id_hash=f70806eddc285bcc payload_kind=TX beacon_version=1 envelope_version=1
MobMessageObserver: legacy_beacon_received device_id=9D6D658F-230A-D9A5-8C6E-7029880ED4EB rssi=-60 message_id_hash=8bde4386bc6cbe3d sender_peer_id_hash=f70806eddc285bcc payload_kind=TX beacon_version=1 envelope_version=1
MobMessageObserver: legacy_beacon_received device_id=9D6D658F-230A-D9A5-8C6E-7029880ED4EB rssi=127 message_id_hash=8bde4386bc6cbe3d sender_peer_id_hash=f70806eddc285bcc payload_kind=TX beacon_version=1 envelope_version=1
MobMessageObserver: legacy_beacon_received device_id=9D6D658F-230A-D9A5-8C6E-7029880ED4EB rssi=127 message_id_hash=8bde4386bc6cbe3d sender_peer_id_hash=f70806eddc285bcc payload_kind=TX beacon_version=1 envelope_version=1
MobMessageObserver: legacy_beacon_received device_id=9D6D658F-230A-D9A5-8C6E-7029880ED4EB rssi=-60 message_id_hash=8bde4386bc6cbe3d sender_peer_id_hash=f70806eddc285bcc payload_kind=TX beacon_version=1 envelope_version=1
MobMessageObserver: legacy_beacon_received device_id=9D6D658F-230A-D9A5-8C6E-7029880ED4EB rssi=-60 message_id_hash=8bde4386bc6cbe3d sender_peer_id_hash=f70806eddc285bcc payload_kind=TX beacon_version=1 envelope_version=1
MobMessageObserver: legacy_beacon_received device_id=9D6D658F-230A-D9A5-8C6E-7029880ED4EB rssi=127 message_id_hash=8bde4386bc6cbe3d sender_peer_id_hash=f70806eddc285bcc payload_kind=TX beacon_version=1 envelope_version=1
MobMessageObserver: legacy_beacon_received device_id=9D6D658F-230A-D9A5-8C6E-7029880ED4EB rssi=-57 message_id_hash=8bde4386bc6cbe3d sender_peer_id_hash=f70806eddc285bcc payload_kind=TX beacon_version=1 envelope_version=1
MobMessageObserver: legacy_beacon_received device_id=9D6D658F-230A-D9A5-8C6E-7029880ED4EB rssi=-60 message_id_hash=8bde4386bc6cbe3d sender_peer_id_hash=f70806eddc285bcc payload_kind=TX beacon_version=1 envelope_version=1
MobMessageObserver: legacy_beacon_received device_id=9D6D658F-230A-D9A5-8C6E-7029880ED4EB rssi=-60 message_id_hash=8bde4386bc6cbe3d sender_peer_id_hash=f70806eddc285bcc payload_kind=TX beacon_version=1 envelope_version=1
MobMessageObserver: legacy_beacon_received device_id=9D6D658F-230A-D9A5-8C6E-7029880ED4EB rssi=-61 message_id_hash=8bde4386bc6cbe3d sender_peer_id_hash=f70806eddc285bcc payload_kind=TX beacon_version=1 envelope_version=1
MobMessageObserver: legacy_beacon_received device_id=9D6D658F-230A-D9A5-8C6E-7029880ED4EB rssi=-60 message_id_hash=8bde4386bc6cbe3d sender_peer_id_hash=f70806eddc285bcc payload_kind=TX beacon_version=1 envelope_version=1
MobMessageObserver: legacy_beacon_received device_id=9D6D658F-230A-D9A5-8C6E-7029880ED4EB rssi=-59 message_id_hash=8bde4386bc6cbe3d sender_peer_id_hash=f70806eddc285bcc payload_kind=TX beacon_version=1 envelope_version=1
MobMessageObserver: legacy_beacon_received device_id=9D6D658F-230A-D9A5-8C6E-7029880ED4EB rssi=127 message_id_hash=8bde4386bc6cbe3d sender_peer_id_hash=f70806eddc285bcc payload_kind=TX beacon_version=1 envelope_version=1
MobMessageObserver: legacy_beacon_received device_id=9D6D658F-230A-D9A5-8C6E-7029880ED4EB rssi=127 message_id_hash=8bde4386bc6cbe3d sender_peer_id_hash=f70806eddc285bcc payload_kind=TX beacon_version=1 envelope_version=1
MobMessageObserver: legacy_beacon_received device_id=9D6D658F-230A-D9A5-8C6E-7029880ED4EB rssi=-58 message_id_hash=8bde4386bc6cbe3d sender_peer_id_hash=f70806eddc285bcc payload_kind=TX beacon_version=1 envelope_version=1
MobMessageObserver: legacy_beacon_received device_id=9D6D658F-230A-D9A5-8C6E-7029880ED4EB rssi=127 message_id_hash=8bde4386bc6cbe3d sender_peer_id_hash=f70806eddc285bcc payload_kind=TX beacon_version=1 envelope_version=1
MobMessageObserver: legacy_beacon_received device_id=9D6D658F-230A-D9A5-8C6E-7029880ED4EB rssi=-58 message_id_hash=8bde4386bc6cbe3d sender_peer_id_hash=f70806eddc285bcc payload_kind=TX beacon_version=1 envelope_version=1
MobMessageObserver: legacy_beacon_received device_id=9D6D658F-230A-D9A5-8C6E-7029880ED4EB rssi=127 message_id_hash=8bde4386bc6cbe3d sender_peer_id_hash=f70806eddc285bcc payload_kind=TX beacon_version=1 envelope_version=1
MobMessageObserver: legacy_beacon_received device_id=9D6D658F-230A-D9A5-8C6E-7029880ED4EB rssi=-61 message_id_hash=8bde4386bc6cbe3d sender_peer_id_hash=f70806eddc285bcc payload_kind=TX beacon_version=1 envelope_version=1
MobMessageObserver: legacy_beacon_received device_id=9D6D658F-230A-D9A5-8C6E-7029880ED4EB rssi=-61 message_id_hash=8bde4386bc6cbe3d sender_peer_id_hash=f70806eddc285bcc payload_kind=TX beacon_version=1 envelope_version=1
MobMessageObserver: legacy_beacon_received device_id=9D6D658F-230A-D9A5-8C6E-7029880ED4EB rssi=-60 message_id_hash=8bde4386bc6cbe3d sender_peer_id_hash=f70806eddc285bcc payload_kind=TX beacon_version=1 envelope_version=1
MobMessageObserver: legacy_beacon_received device_id=9D6D658F-230A-D9A5-8C6E-7029880ED4EB rssi=-61 message_id_hash=8bde4386bc6cbe3d sender_peer_id_hash=f70806eddc285bcc payload_kind=TX beacon_version=1 envelope_version=1
MobMessageObserver: legacy_beacon_received device_id=9D6D658F-230A-D9A5-8C6E-7029880ED4EB rssi=127 message_id_hash=8bde4386bc6cbe3d sender_peer_id_hash=f70806eddc285bcc payload_kind=TX beacon_version=1 envelope_version=1
MobMessageObserver: legacy_beacon_received device_id=9D6D658F-230A-D9A5-8C6E-7029880ED4EB rssi=127 message_id_hash=8bde4386bc6cbe3d sender_peer_id_hash=f70806eddc285bcc payload_kind=TX beacon_version=1 envelope_version=1
MobMessageObserver: legacy_beacon_received device_id=9D6D658F-230A-D9A5-8C6E-7029880ED4EB rssi=-60 message_id_hash=8bde4386bc6cbe3d sender_peer_id_hash=f70806eddc285bcc payload_kind=TX beacon_version=1 envelope_version=1
MobMessageObserver: legacy_beacon_received device_id=9D6D658F-230A-D9A5-8C6E-7029880ED4EB rssi=-60 message_id_hash=8bde4386bc6cbe3d sender_peer_id_hash=f70806eddc285bcc payload_kind=TX beacon_version=1 envelope_version=1
MobMessageObserver: legacy_beacon_received device_id=9D6D658F-230A-D9A5-8C6E-7029880ED4EB rssi=-58 message_id_hash=8bde4386bc6cbe3d sender_peer_id_hash=f70806eddc285bcc payload_kind=TX beacon_version=1 envelope_version=1
MobMessageObserver: legacy_beacon_received device_id=9D6D658F-230A-D9A5-8C6E-7029880ED4EB rssi=127 message_id_hash=8bde4386bc6cbe3d sender_peer_id_hash=f70806eddc285bcc payload_kind=TX beacon_version=1 envelope_version=1
MobMessageObserver: legacy_beacon_received device_id=9D6D658F-230A-D9A5-8C6E-7029880ED4EB rssi=-58 message_id_hash=8bde4386bc6cbe3d sender_peer_id_hash=f70806eddc285bcc payload_kind=TX beacon_version=1 envelope_version=1
MobMessageObserver: legacy_beacon_received device_id=9D6D658F-230A-D9A5-8C6E-7029880ED4EB rssi=-58 message_id_hash=8bde4386bc6cbe3d sender_peer_id_hash=f70806eddc285bcc payload_kind=TX beacon_version=1 envelope_version=1
MobMessageObserver: legacy_beacon_received device_id=9D6D658F-230A-D9A5-8C6E-7029880ED4EB rssi=127 message_id_hash=8bde4386bc6cbe3d sender_peer_id_hash=f70806eddc285bcc payload_kind=TX beacon_version=1 envelope_version=1
MobMessageObserver: legacy_beacon_received device_id=9D6D658F-230A-D9A5-8C6E-7029880ED4EB rssi=127 message_id_hash=8bde4386bc6cbe3d sender_peer_id_hash=f70806eddc285bcc payload_kind=TX beacon_version=1 envelope_version=1
MobMessageObserver: legacy_beacon_received device_id=9D6D658F-230A-D9A5-8C6E-7029880ED4EB rssi=-58 message_id_hash=8bde4386bc6cbe3d sender_peer_id_hash=f70806eddc285bcc payload_kind=TX beacon_version=1 envelope_version=1
MobMessageObserver: legacy_beacon_received device_id=9D6D658F-230A-D9A5-8C6E-7029880ED4EB rssi=-59 message_id_hash=8bde4386bc6cbe3d sender_peer_id_hash=f70806eddc285bcc payload_kind=TX beacon_version=1 envelope_version=1
MobMessageObserver: legacy_beacon_received device_id=9D6D658F-230A-D9A5-8C6E-7029880ED4EB rssi=-61 message_id_hash=8bde4386bc6cbe3d sender_peer_id_hash=f70806eddc285bcc payload_kind=TX beacon_version=1 envelope_version=1
MobMessageObserver: legacy_beacon_received device_id=9D6D658F-230A-D9A5-8C6E-7029880ED4EB rssi=-60 message_id_hash=8bde4386bc6cbe3d sender_peer_id_hash=f70806eddc285bcc payload_kind=TX beacon_version=1 envelope_version=1
MobMessageObserver: legacy_beacon_received device_id=9D6D658F-230A-D9A5-8C6E-7029880ED4EB rssi=127 message_id_hash=8bde4386bc6cbe3d sender_peer_id_hash=f70806eddc285bcc payload_kind=TX beacon_version=1 envelope_version=1
MobMessageObserver: legacy_beacon_received device_id=9D6D658F-230A-D9A5-8C6E-7029880ED4EB rssi=-58 message_id_hash=8bde4386bc6cbe3d sender_peer_id_hash=f70806eddc285bcc payload_kind=TX beacon_version=1 envelope_version=1
MobMessageObserver: legacy_beacon_received device_id=9D6D658F-230A-D9A5-8C6E-7029880ED4EB rssi=-60 message_id_hash=8bde4386bc6cbe3d sender_peer_id_hash=f70806eddc285bcc payload_kind=TX beacon_version=1 envelope_version=1
MobMessageObserver: legacy_beacon_received device_id=9D6D658F-230A-D9A5-8C6E-7029880ED4EB rssi=-61 message_id_hash=8bde4386bc6cbe3d sender_peer_id_hash=f70806eddc285bcc payload_kind=TX beacon_version=1 envelope_version=1
MobMessageObserver: legacy_beacon_received device_id=9D6D658F-230A-D9A5-8C6E-7029880ED4EB rssi=-58 message_id_hash=8bde4386bc6cbe3d sender_peer_id_hash=f70806eddc285bcc payload_kind=TX beacon_version=1 envelope_version=1
MobMessageObserver: legacy_beacon_received device_id=9D6D658F-230A-D9A5-8C6E-7029880ED4EB rssi=-58 message_id_hash=8bde4386bc6cbe3d sender_peer_id_hash=f70806eddc285bcc payload_kind=TX beacon_version=1 envelope_version=1
MobMessageObserver: legacy_beacon_received device_id=9D6D658F-230A-D9A5-8C6E-7029880ED4EB rssi=127 message_id_hash=8bde4386bc6cbe3d sender_peer_id_hash=f70806eddc285bcc payload_kind=TX beacon_version=1 envelope_version=1
MobMessageObserver: legacy_beacon_received device_id=9D6D658F-230A-D9A5-8C6E-7029880ED4EB rssi=127 message_id_hash=8bde4386bc6cbe3d sender_peer_id_hash=f70806eddc285bcc payload_kind=TX beacon_version=1 envelope_version=1
MobMessageObserver: legacy_beacon_received device_id=9D6D658F-230A-D9A5-8C6E-7029880ED4EB rssi=-60 message_id_hash=8bde4386bc6cbe3d sender_peer_id_hash=f70806eddc285bcc payload_kind=TX beacon_version=1 envelope_version=1
MobMessageObserver: legacy_beacon_received device_id=9D6D658F-230A-D9A5-8C6E-7029880ED4EB rssi=-60 message_id_hash=8bde4386bc6cbe3d sender_peer_id_hash=f70806eddc285bcc payload_kind=TX beacon_version=1 envelope_version=1
MobMessageObserver: legacy_beacon_received device_id=9D6D658F-230A-D9A5-8C6E-7029880ED4EB rssi=-61 message_id_hash=8bde4386bc6cbe3d sender_peer_id_hash=f70806eddc285bcc payload_kind=TX beacon_version=1 envelope_version=1
MobMessageObserver: legacy_beacon_received device_id=9D6D658F-230A-D9A5-8C6E-7029880ED4EB rssi=-58 message_id_hash=8bde4386bc6cbe3d sender_peer_id_hash=f70806eddc285bcc payload_kind=TX beacon_version=1 envelope_version=1
MobMessageObserver: legacy_beacon_received device_id=9D6D658F-230A-D9A5-8C6E-7029880ED4EB rssi=127 message_id_hash=8bde4386bc6cbe3d sender_peer_id_hash=f70806eddc285bcc payload_kind=TX beacon_version=1 envelope_version=1
MobMessageObserver: legacy_beacon_received device_id=9D6D658F-230A-D9A5-8C6E-7029880ED4EB rssi=127 message_id_hash=8bde4386bc6cbe3d sender_peer_id_hash=f70806eddc285bcc payload_kind=TX beacon_version=1 envelope_version=1
MobMessageObserver: legacy_beacon_received device_id=9D6D658F-230A-D9A5-8C6E-7029880ED4EB rssi=-61 message_id_hash=8bde4386bc6cbe3d sender_peer_id_hash=f70806eddc285bcc payload_kind=TX beacon_version=1 envelope_version=1
MobMessageObserver: legacy_beacon_received device_id=9D6D658F-230A-D9A5-8C6E-7029880ED4EB rssi=-60 message_id_hash=8bde4386bc6cbe3d sender_peer_id_hash=f70806eddc285bcc payload_kind=TX beacon_version=1 envelope_version=1
MobMessageObserver: legacy_beacon_received device_id=9D6D658F-230A-D9A5-8C6E-7029880ED4EB rssi=-58 message_id_hash=8bde4386bc6cbe3d sender_peer_id_hash=f70806eddc285bcc payload_kind=TX beacon_version=1 envelope_version=1
MobMessageObserver: legacy_beacon_received device_id=9D6D658F-230A-D9A5-8C6E-7029880ED4EB rssi=127 message_id_hash=8bde4386bc6cbe3d sender_peer_id_hash=f70806eddc285bcc payload_kind=TX beacon_version=1 envelope_version=1
MobMessageObserver: legacy_beacon_received device_id=9D6D658F-230A-D9A5-8C6E-7029880ED4EB rssi=-58 message_id_hash=8bde4386bc6cbe3d sender_peer_id_hash=f70806eddc285bcc payload_kind=TX beacon_version=1 envelope_version=1
MobMessageObserver: legacy_beacon_received device_id=9D6D658F-230A-D9A5-8C6E-7029880ED4EB rssi=-59 message_id_hash=8bde4386bc6cbe3d sender_peer_id_hash=f70806eddc285bcc payload_kind=TX beacon_version=1 envelope_version=1
MobMessageObserver: legacy_beacon_received device_id=9D6D658F-230A-D9A5-8C6E-7029880ED4EB rssi=127 message_id_hash=8bde4386bc6cbe3d sender_peer_id_hash=f70806eddc285bcc payload_kind=TX beacon_version=1 envelope_version=1
MobMessageObserver: legacy_beacon_received device_id=9D6D658F-230A-D9A5-8C6E-7029880ED4EB rssi=127 message_id_hash=8bde4386bc6cbe3d sender_peer_id_hash=f70806eddc285bcc payload_kind=TX beacon_version=1 envelope_version=1
MobMessageObserver: legacy_beacon_received device_id=9D6D658F-230A-D9A5-8C6E-7029880ED4EB rssi=-58 message_id_hash=8bde4386bc6cbe3d sender_peer_id_hash=f70806eddc285bcc payload_kind=TX beacon_version=1 envelope_version=1
MobMessageObserver: legacy_beacon_received device_id=9D6D658F-230A-D9A5-8C6E-7029880ED4EB rssi=127 message_id_hash=8bde4386bc6cbe3d sender_peer_id_hash=f70806eddc285bcc payload_kind=TX beacon_version=1 envelope_version=1
MobMessageObserver: legacy_beacon_received device_id=9D6D658F-230A-D9A5-8C6E-7029880ED4EB rssi=127 message_id_hash=8bde4386bc6cbe3d sender_peer_id_hash=f70806eddc285bcc payload_kind=TX beacon_version=1 envelope_version=1
MobMessageObserver: legacy_beacon_received device_id=9D6D658F-230A-D9A5-8C6E-7029880ED4EB rssi=-58 message_id_hash=8bde4386bc6cbe3d sender_peer_id_hash=f70806eddc285bcc payload_kind=TX beacon_version=1 envelope_version=1
MobMessageObserver: legacy_beacon_received device_id=9D6D658F-230A-D9A5-8C6E-7029880ED4EB rssi=-59 message_id_hash=8bde4386bc6cbe3d sender_peer_id_hash=f70806eddc285bcc payload_kind=TX beacon_version=1 envelope_version=1
MobMessageObserver: legacy_beacon_received device_id=9D6D658F-230A-D9A5-8C6E-7029880ED4EB rssi=127 message_id_hash=8bde4386bc6cbe3d sender_peer_id_hash=f70806eddc285bcc payload_kind=TX beacon_version=1 envelope_version=1
MobMessageObserver: legacy_beacon_received device_id=9D6D658F-230A-D9A5-8C6E-7029880ED4EB rssi=127 message_id_hash=8bde4386bc6cbe3d sender_peer_id_hash=f70806eddc285bcc payload_kind=TX beacon_version=1 envelope_version=1
MobMessageObserver: legacy_beacon_received device_id=9D6D658F-230A-D9A5-8C6E-7029880ED4EB rssi=127 message_id_hash=8bde4386bc6cbe3d sender_peer_id_hash=f70806eddc285bcc payload_kind=TX beacon_version=1 envelope_version=1
MobMessageObserver: legacy_beacon_received device_id=9D6D658F-230A-D9A5-8C6E-7029880ED4EB rssi=-57 message_id_hash=8bde4386bc6cbe3d sender_peer_id_hash=f70806eddc285bcc payload_kind=TX beacon_version=1 envelope_version=1
MobMessageObserver: legacy_beacon_received device_id=9D6D658F-230A-D9A5-8C6E-7029880ED4EB rssi=-61 message_id_hash=8bde4386bc6cbe3d sender_peer_id_hash=f70806eddc285bcc payload_kind=TX beacon_version=1 envelope_version=1
MobMessageObserver: legacy_beacon_received device_id=9D6D658F-230A-D9A5-8C6E-7029880ED4EB rssi=-61 message_id_hash=8bde4386bc6cbe3d sender_peer_id_hash=f70806eddc285bcc payload_kind=TX beacon_version=1 envelope_version=1
MobMessageObserver: legacy_beacon_received device_id=9D6D658F-230A-D9A5-8C6E-7029880ED4EB rssi=-58 message_id_hash=8bde4386bc6cbe3d sender_peer_id_hash=f70806eddc285bcc payload_kind=TX beacon_version=1 envelope_version=1
MobMessageObserver: legacy_beacon_received device_id=9D6D658F-230A-D9A5-8C6E-7029880ED4EB rssi=127 message_id_hash=8bde4386bc6cbe3d sender_peer_id_hash=f70806eddc285bcc payload_kind=TX beacon_version=1 envelope_version=1
MobMessageObserver: legacy_beacon_received device_id=9D6D658F-230A-D9A5-8C6E-7029880ED4EB rssi=-60 message_id_hash=8bde4386bc6cbe3d sender_peer_id_hash=f70806eddc285bcc payload_kind=TX beacon_version=1 envelope_version=1
MobMessageObserver: legacy_beacon_received device_id=9D6D658F-230A-D9A5-8C6E-7029880ED4EB rssi=-60 message_id_hash=8bde4386bc6cbe3d sender_peer_id_hash=f70806eddc285bcc payload_kind=TX beacon_version=1 envelope_version=1
MobMessageObserver: legacy_beacon_received device_id=9D6D658F-230A-D9A5-8C6E-7029880ED4EB rssi=127 message_id_hash=8bde4386bc6cbe3d sender_peer_id_hash=f70806eddc285bcc payload_kind=TX beacon_version=1 envelope_version=1
MobMessageObserver: legacy_beacon_received device_id=9D6D658F-230A-D9A5-8C6E-7029880ED4EB rssi=127 message_id_hash=8bde4386bc6cbe3d sender_peer_id_hash=f70806eddc285bcc payload_kind=TX beacon_version=1 envelope_version=1
MobMessageObserver: legacy_beacon_received device_id=9D6D658F-230A-D9A5-8C6E-7029880ED4EB rssi=-60 message_id_hash=8bde4386bc6cbe3d sender_peer_id_hash=f70806eddc285bcc payload_kind=TX beacon_version=1 envelope_version=1
MobMessageObserver: legacy_beacon_received device_id=9D6D658F-230A-D9A5-8C6E-7029880ED4EB rssi=-60 message_id_hash=8bde4386bc6cbe3d sender_peer_id_hash=f70806eddc285bcc payload_kind=TX beacon_version=1 envelope_version=1
MobMessageObserver: legacy_beacon_received device_id=9D6D658F-230A-D9A5-8C6E-7029880ED4EB rssi=-58 message_id_hash=8bde4386bc6cbe3d sender_peer_id_hash=f70806eddc285bcc payload_kind=TX beacon_version=1 envelope_version=1
MobMessageObserver: legacy_beacon_received device_id=9D6D658F-230A-D9A5-8C6E-7029880ED4EB rssi=-58 message_id_hash=8bde4386bc6cbe3d sender_peer_id_hash=f70806eddc285bcc payload_kind=TX beacon_version=1 envelope_version=1
App terminated due to signal 15.
