### SM-T577U (R52W90AW7EN) — Android dispatch side
### Captured 2026-05-15 ~09:05 PT
### Channel: adb -s R52W90AW7EN logcat -v time
### App: dev.meshx.mob (released build, BleSelfTest active)
###
### These dispatches were observed cross-radio by the iPhone 13 in
### observer.log next to this file. Stable Android sender_peer_id_hash
### in this run: "2m54M5Qylkk=" (base64) == "da6e783394329649" (hex).

05-15 09:04:10.516 I/MeshxBleDispatch(27042): {"v":1,"event":"ble_capabilities","supports_extended_advertising":true,"max_advertising_data_length":1024,"is_multiple_advertisement_supported":true,"legacy_manufacturer_payload_budget":24}
05-15 09:04:10.537 I/MeshxBleDispatch(27042): {"v":1,"event":"attempt_outcome","attempt_id":"selftest-1778861050505","message_id":"QonnnXZPlTpxeQhgynu+sw==","target_peer_id":"broadcast","target_device_ids":["broadcast"],"kind":"dispatched","reason":"legacy_beacon_fallback","adapter":"ble_android","outcome_at_ms":24721706}
05-15 09:04:10.569 I/MeshxBleDispatch(27042): {"v":1,"event":"legacy_beacon_advertising_started","attempt_id":"selftest-1778861050505","beacon_size":22,"beacon":"TUIBAQEAef3Y6KeGyPbabngzlDKWSQ==","message_id_hash":"ef3Y6KeGyPY=","sender_peer_id_hash":"2m54M5Qylkk=","payload_kind":"TX","envelope_version":1,"window_ms":5000,"data_carrier":"legacy_advertisement"}
05-15 09:04:17.555 I/MeshxBleDispatch(27042): {"v":1,"event":"ble_capabilities","supports_extended_advertising":true,"max_advertising_data_length":1024,"is_multiple_advertisement_supported":true,"legacy_manufacturer_payload_budget":24}
05-15 09:04:17.577 I/MeshxBleDispatch(27042): {"v":1,"event":"attempt_outcome","attempt_id":"selftest-1778861057545","message_id":"X7KdQ4g3uAURRtMqC4cMnw==","target_peer_id":"broadcast","target_device_ids":["broadcast"],"kind":"dispatched","reason":"legacy_beacon_fallback","adapter":"ble_android","outcome_at_ms":24728746}
05-15 09:04:17.605 I/MeshxBleDispatch(27042): {"v":1,"event":"legacy_beacon_advertising_started","attempt_id":"selftest-1778861057545","beacon_size":22,"beacon":"TUIBAQEACwygd+XU3FbabngzlDKWSQ==","message_id_hash":"Cwygd+XU3FY=","sender_peer_id_hash":"2m54M5Qylkk=","payload_kind":"TX","envelope_version":1,"window_ms":5000,"data_carrier":"legacy_advertisement"}
05-15 09:04:24.597 I/MeshxBleDispatch(27042): {"v":1,"event":"ble_capabilities","supports_extended_advertising":true,"max_advertising_data_length":1024,"is_multiple_advertisement_supported":true,"legacy_manufacturer_payload_budget":24}
05-15 09:04:24.619 I/MeshxBleDispatch(27042): {"v":1,"event":"attempt_outcome","attempt_id":"selftest-1778861064585","message_id":"LsOZzQ2fCOc/JuL3LhHgJQ==","target_peer_id":"broadcast","target_device_ids":["broadcast"],"kind":"dispatched","reason":"legacy_beacon_fallback","adapter":"ble_android","outcome_at_ms":24735785}
05-15 09:04:24.648 I/MeshxBleDispatch(27042): {"v":1,"event":"legacy_beacon_advertising_started","attempt_id":"selftest-1778861064585","beacon_size":22,"beacon":"TUIBAQEAzcATYzeyTs7abngzlDKWSQ==","message_id_hash":"zcATYzeyTs4=","sender_peer_id_hash":"2m54M5Qylkk=","payload_kind":"TX","envelope_version":1,"window_ms":5000,"data_carrier":"legacy_advertisement"}
05-15 09:04:31.668 I/MeshxBleDispatch(27042): {"v":1,"event":"attempt_outcome","attempt_id":"selftest-1778861071627","message_id":"oKfdnyXadJo8/ZZRFoDxxA==","target_peer_id":"broadcast","target_device_ids":["broadcast"],"kind":"dispatched","reason":"legacy_beacon_fallback","adapter":"ble_android","outcome_at_ms":24742828}
05-15 09:04:31.695 I/MeshxBleDispatch(27042): {"v":1,"event":"legacy_beacon_advertising_started","attempt_id":"selftest-1778861071627","beacon_size":22,"beacon":"TUIBAQEAmKepQV5HzM7abngzlDKWSQ==","message_id_hash":"mKepQV5HzM4=","sender_peer_id_hash":"2m54M5Qylkk=","payload_kind":"TX","envelope_version":1,"window_ms":5000,"data_carrier":"legacy_advertisement"}
05-15 09:04:38.707 I/MeshxBleDispatch(27042): {"v":1,"event":"attempt_outcome","attempt_id":"selftest-1778861078674","message_id":"za3kOGF5R1KdqkAhJwfxqw==","target_peer_id":"broadcast","target_device_ids":["broadcast"],"kind":"dispatched","reason":"legacy_beacon_fallback","adapter":"ble_android","outcome_at_ms":24749875}
05-15 09:04:38.737 I/MeshxBleDispatch(27042): {"v":1,"event":"legacy_beacon_advertising_started","attempt_id":"selftest-1778861078674","beacon_size":22,"beacon":"TUIBAQEA94QmVRoAzfXabngzlDKWSQ==","message_id_hash":"94QmVRoAzfU=","sender_peer_id_hash":"2m54M5Qylkk=","payload_kind":"TX","envelope_version":1,"window_ms":5000,"data_carrier":"legacy_advertisement"}
05-15 09:04:45.749 I/MeshxBleDispatch(27042): {"v":1,"event":"attempt_outcome","attempt_id":"selftest-1778861085713","message_id":"d2OUH/0nqccB7dGqlu80RA==","target_peer_id":"broadcast","target_device_ids":["broadcast"],"kind":"dispatched","reason":"legacy_beacon_fallback","adapter":"ble_android","outcome_at_ms":24756914}
05-15 09:04:45.783 I/MeshxBleDispatch(27042): {"v":1,"event":"legacy_beacon_advertising_started","attempt_id":"selftest-1778861085713","beacon_size":22,"beacon":"TUIBAQEAWfAaMdyp20DabngzlDKWSQ==","message_id_hash":"WfAaMdyp20A=","sender_peer_id_hash":"2m54M5Qylkk=","payload_kind":"TX","envelope_version":1,"window_ms":5000,"data_carrier":"legacy_advertisement"}
05-15 09:04:52.790 I/MeshxBleDispatch(27042): {"v":1,"event":"attempt_outcome","attempt_id":"selftest-1778861092756","message_id":"bJXFi5IZT6JZlmM068fIcg==","target_peer_id":"broadcast","target_device_ids":["broadcast"],"kind":"dispatched","reason":"legacy_beacon_fallback","adapter":"ble_android","outcome_at_ms":24763957}
05-15 09:04:52.816 I/MeshxBleDispatch(27042): {"v":1,"event":"legacy_beacon_advertising_started","attempt_id":"selftest-1778861092756","beacon_size":22,"beacon":"TUIBAQEAlzSuL6juTlnabngzlDKWSQ==","message_id_hash":"lzSuL6juTlk=","sender_peer_id_hash":"2m54M5Qylkk=","payload_kind":"TX","envelope_version":1,"window_ms":5000,"data_carrier":"legacy_advertisement"}
05-15 09:04:59.847 I/MeshxBleDispatch(27042): {"v":1,"event":"attempt_outcome","attempt_id":"selftest-1778861099799","message_id":"+h675/QJ735SXOVNvzRzsg==","target_peer_id":"broadcast","target_device_ids":["broadcast"],"kind":"dispatched","reason":"legacy_beacon_fallback","adapter":"ble_android","outcome_at_ms":24770999}
05-15 09:04:59.874 I/MeshxBleDispatch(27042): {"v":1,"event":"legacy_beacon_advertising_started","attempt_id":"selftest-1778861099799","beacon_size":22,"beacon":"TUIBAQEAqP4s93WBfGzabngzlDKWSQ==","message_id_hash":"qP4s93WBfGw=","sender_peer_id_hash":"2m54M5Qylkk=","payload_kind":"TX","envelope_version":1,"window_ms":5000,"data_carrier":"legacy_advertisement"}
05-15 09:05:06.894 I/MeshxBleDispatch(27042): {"v":1,"event":"attempt_outcome","attempt_id":"selftest-1778861106854","message_id":"ZU2cb9CKSMz5jRB0elxX5A==","target_peer_id":"broadcast","target_device_ids":["broadcast"],"kind":"dispatched","reason":"legacy_beacon_fallback","adapter":"ble_android","outcome_at_ms":24778055}
05-15 09:05:06.924 I/MeshxBleDispatch(27042): {"v":1,"event":"legacy_beacon_advertising_started","attempt_id":"selftest-1778861106854","beacon_size":22,"beacon":"TUIBAQEA2JEZ1Cx1u7jabngzlDKWSQ==","message_id_hash":"2JEZ1Cx1u7g=","sender_peer_id_hash":"2m54M5Qylkk=","payload_kind":"TX","envelope_version":1,"window_ms":5000,"data_carrier":"legacy_advertisement"}
05-15 09:05:13.936 I/MeshxBleDispatch(27042): {"v":1,"event":"attempt_outcome","attempt_id":"selftest-1778861113902","message_id":"HUm4ir/q1hG7Tqtvr7fhIw==","target_peer_id":"broadcast","target_device_ids":["broadcast"],"kind":"dispatched","reason":"legacy_beacon_fallback","adapter":"ble_android","outcome_at_ms":24785103}
05-15 09:05:13.977 I/MeshxBleDispatch(27042): {"v":1,"event":"legacy_beacon_advertising_started","attempt_id":"selftest-1778861113902","beacon_size":22,"beacon":"TUIBAQEAgBeKZQVMY2vabngzlDKWSQ==","message_id_hash":"gBeKZQVMY2s=","sender_peer_id_hash":"2m54M5Qylkk=","payload_kind":"TX","envelope_version":1,"window_ms":5000,"data_carrier":"legacy_advertisement"}
05-15 09:05:20.975 I/MeshxBleDispatch(27042): {"v":1,"event":"attempt_outcome","attempt_id":"selftest-1778861120943","message_id":"zdS0URs5drPqZjHIHldY6Q==","target_peer_id":"broadcast","target_device_ids":["broadcast"],"kind":"dispatched","reason":"legacy_beacon_fallback","adapter":"ble_android","outcome_at_ms":24792144}
05-15 09:05:21.001 I/MeshxBleDispatch(27042): {"v":1,"event":"legacy_beacon_advertising_started","attempt_id":"selftest-1778861120943","beacon_size":22,"beacon":"TUIBAQEA481pFIyEFDPabngzlDKWSQ==","message_id_hash":"481pFIyEFDM=","sender_peer_id_hash":"2m54M5Qylkk=","payload_kind":"TX","envelope_version":1,"window_ms":5000,"data_carrier":"legacy_advertisement"}
05-15 09:05:28.017 I/MeshxBleDispatch(27042): {"v":1,"event":"attempt_outcome","attempt_id":"selftest-1778861127988","message_id":"wxSigBaoNTXh1zWOlxGT5A==","target_peer_id":"broadcast","target_device_ids":["broadcast"],"kind":"dispatched","reason":"legacy_beacon_fallback","adapter":"ble_android","outcome_at_ms":24799189}
05-15 09:05:28.046 I/MeshxBleDispatch(27042): {"v":1,"event":"legacy_beacon_advertising_started","attempt_id":"selftest-1778861127988","beacon_size":22,"beacon":"TUIBAQEAbU2MbTgmopLabngzlDKWSQ==","message_id_hash":"bU2MbTgmopI=","sender_peer_id_hash":"2m54M5Qylkk=","payload_kind":"TX","envelope_version":1,"window_ms":5000,"data_carrier":"legacy_advertisement"}
### A second Android device (not on USB) was also broadcasting in the
### same room with sender_peer_id_hash="f70806eddc285bcc". Its dispatch
### logs are not captured here (no adb attach), but the iPhone observer
### picked up its beacons (see observer.log entries with
### sender_peer_id_hash=f70806eddc285bcc).
