683:05-17 05:21:46.408 29107 29107 I MeshxBleNif: meshx_ble_cache_class: MeshxBleNative cached
693:05-17 05:21:46.443 29107 29107 I MeshxBleNative: init: application context set
1103:05-17 05:21:47.616 29107 29157 I Elixir  : BleSelfTest: starting scan + advertising as meshx-dev
1143:05-17 05:21:47.657 29107 29142 I BEAMout : 05:21:47.616 [info] BleSelfTest: starting scan + advertising as meshx-dev
1165:05-17 05:21:47.697 29107 29157 I Elixir  : BleSelfTest: start_scan=:ok start_advertising=:ok
1166:05-17 05:21:47.698 29107 29142 I BEAMout : 05:21:47.697 [info] BleSelfTest: start_scan=:ok start_advertising=:ok
1258:05-17 05:21:48.455 29107 29157 I Elixir  : BleSelfTest: MESHX PEER device_id=44:F1:54:89:9E:A6 rssi=-49 name=meshx-dev
1259:05-17 05:21:48.458 29107 29142 I BEAMout : 05:21:48.455 [info] BleSelfTest: MESHX PEER device_id=44:F1:54:89:9E:A6 rssi=-49 name=meshx-dev
1555:05-17 05:21:52.698 29107 29157 I Elixir  : BleSelfTest: HEARTBEAT events=313 devices=32 meshx_peers=1 sent=0 distinct_msgs=0 beacon_callbacks=0 envelopes=0
1557:05-17 05:21:52.700 29107 29142 I BEAMout : 05:21:52.698 [info] BleSelfTest: HEARTBEAT events=313 devices=32 meshx_peers=1 sent=0 distinct_msgs=0 beacon_callbacks=0 envelopes=0
1724:05-17 05:21:54.718 29107 29157 I MeshxBleDispatch: {"v":1,"event":"ble_capabilities","supports_extended_advertising":true,"max_advertising_data_length":1024,"is_multiple_advertisement_supported":true,"legacy_manufacturer_payload_budget":24}
1738:05-17 05:21:54.740 29107 29157 I MeshxBleDispatch: {"v":1,"event":"attempt_outcome","attempt_id":"selftest-1779020514705","message_id":"1Ic\/uawuAOuXxBS9a48jBg==","target_peer_id":"broadcast","target_device_ids":["broadcast"],"kind":"dispatched","reason":"legacy_beacon_fallback","adapter":"ble_android","outcome_at_ms":184186767}
1740:05-17 05:21:54.742 29107 29157 I MeshxBleNative: sendToPeer(broadcast, 31B) -> DISPATCHED reason=legacy_beacon_fallback
1741:05-17 05:21:54.743 29107 29157 I Elixir  : BleSelfTest: MESH MESSAGE SENT payload="hello-from-meshx-dev-1779020514" result=:ok
1743:05-17 05:21:54.750 29107 29142 I BEAMout : 05:21:54.743 [info] BleSelfTest: MESH MESSAGE SENT payload="hello-from-meshx-dev-1779020514" result=:ok
1745:05-17 05:21:54.758 29107 29157 W Elixir  : BleSelfTest: bridge error unknown: {"v":1,"event":"attempt_outcome","attempt_id":"selftest-1779020514705","message_id":"1Ic\/uawuAOuXxBS9a48jBg==","target_peer_id":"broadcast","target_device_ids":["broadcast"],"kind":"dispatched","reason":"legacy_beacon_fallback","adapter":"ble_android","outcome_at_ms":184186767}
1748:05-17 05:21:54.768 29107 29142 I BEAMout : 05:21:54.758 [warning] BleSelfTest: bridge error unknown: {"v":1,"event":"attempt_outcome","attempt_id":"selftest-1779020514705","message_id":"1Ic\/uawuAOuXxBS9a48jBg==","target_peer_id":"broadcast","target_device_ids":["broadcast"],"kind":"dispatched","reason":"legacy_beacon_fallback","adapter":"ble_android","outcome_at_ms":184186767}
1749:05-17 05:21:54.768 29107 29107 I MeshxBleDispatch: {"v":1,"event":"legacy_beacon_advertising_started","attempt_id":"selftest-1779020514705","beacon_size":22,"beacon":"TUIBAQEAzaUxsvnpYYMS94VXUXoT+Q==","message_id_hash":"zaUxsvnpYYM=","sender_peer_id_hash":"EveFV1F6E\/k=","payload_kind":"TX","envelope_version":1,"window_ms":5000,"data_carrier":"legacy_advertisement"}
1987:05-17 05:21:57.659 29107 29157 I Elixir  : BleSelfTest: DISTINCT MESH MESSAGE kind=beacon key=f70806eddc285bcc:60b8f9f6d546555e from=sender_hash=f70806eddc285bcc device_id=62:62:40:A6:CC:92 first_seen_after=1_callbacks
1988:05-17 05:21:57.661 29107 29142 I BEAMout : 05:21:57.659 [info] BleSelfTest: DISTINCT MESH MESSAGE kind=beacon key=f70806eddc285bcc:60b8f9f6d546555e from=sender_hash=f70806eddc285bcc device_id=62:62:40:A6:CC:92 first_seen_after=1_callbacks
2002:05-17 05:21:57.701 29107 29157 I Elixir  : BleSelfTest: HEARTBEAT events=715 devices=35 meshx_peers=1 sent=1 distinct_msgs=1 beacon_callbacks=1 envelopes=0
2003:05-17 05:21:57.703 29107 29142 I BEAMout : 05:21:57.701 [info] BleSelfTest: HEARTBEAT events=715 devices=35 meshx_peers=1 sent=1 distinct_msgs=1 beacon_callbacks=1 envelopes=0
2452:05-17 05:22:01.751 29107 29157 I MeshxBleDispatch: {"v":1,"event":"ble_capabilities","supports_extended_advertising":true,"max_advertising_data_length":1024,"is_multiple_advertisement_supported":true,"legacy_manufacturer_payload_budget":24}
2466:05-17 05:22:01.766 29107 29157 I MeshxBleDispatch: {"v":1,"event":"attempt_outcome","attempt_id":"selftest-1779020521745","message_id":"IOWHNs3dInTjjR96BbNAGw==","target_peer_id":"broadcast","target_device_ids":["broadcast"],"kind":"dispatched","reason":"legacy_beacon_fallback","adapter":"ble_android","outcome_at_ms":184193807}
2467:05-17 05:22:01.767 29107 29157 I MeshxBleNative: sendToPeer(broadcast, 31B) -> DISPATCHED reason=legacy_beacon_fallback
2468:05-17 05:22:01.767 29107 29157 I Elixir  : BleSelfTest: MESH MESSAGE SENT payload="hello-from-meshx-dev-1779020521" result=:ok
2470:05-17 05:22:01.771 29107 29157 W Elixir  : BleSelfTest: bridge error unknown: {"v":1,"event":"attempt_outcome","attempt_id":"selftest-1779020521745","message_id":"IOWHNs3dInTjjR96BbNAGw==","target_peer_id":"broadcast","target_device_ids":["broadcast"],"kind":"dispatched","reason":"legacy_beacon_fallback","adapter":"ble_android","outcome_at_ms":184193807}
2471:05-17 05:22:01.773 29107 29142 I BEAMout : 05:22:01.767 [info] BleSelfTest: MESH MESSAGE SENT payload="hello-from-meshx-dev-1779020521" result=:ok
2473:05-17 05:22:01.775 29107 29142 I BEAMout : 05:22:01.770 [warning] BleSelfTest: bridge error unknown: {"v":1,"event":"attempt_outcome","attempt_id":"selftest-1779020521745","message_id":"IOWHNs3dInTjjR96BbNAGw==","target_peer_id":"broadcast","target_device_ids":["broadcast"],"kind":"dispatched","reason":"legacy_beacon_fallback","adapter":"ble_android","outcome_at_ms":184193807}
2478:05-17 05:22:01.791 29107 29107 I MeshxBleDispatch: {"v":1,"event":"legacy_beacon_advertising_started","attempt_id":"selftest-1779020521745","beacon_size":22,"beacon":"TUIBAQEA8iZR+VaX4WAS94VXUXoT+Q==","message_id_hash":"8iZR+VaX4WA=","sender_peer_id_hash":"EveFV1F6E\/k=","payload_kind":"TX","envelope_version":1,"window_ms":5000,"data_carrier":"legacy_advertisement"}
2572:05-17 05:22:02.703 29107 29157 I Elixir  : BleSelfTest: HEARTBEAT events=1218 devices=35 meshx_peers=1 sent=2 distinct_msgs=1 beacon_callbacks=22 envelopes=0
2574:05-17 05:22:02.705 29107 29142 I BEAMout : 05:22:02.702 [info] BleSelfTest: HEARTBEAT events=1218 devices=35 meshx_peers=1 sent=2 distinct_msgs=1 beacon_callbacks=22 envelopes=0
3117:05-17 05:22:07.705 29107 29157 I Elixir  : BleSelfTest: HEARTBEAT events=1747 devices=35 meshx_peers=1 sent=2 distinct_msgs=1 beacon_callbacks=42 envelopes=0
3118:05-17 05:22:07.708 29107 29142 I BEAMout : 05:22:07.705 [info] BleSelfTest: HEARTBEAT events=1747 devices=35 meshx_peers=1 sent=2 distinct_msgs=1 beacon_callbacks=42 envelopes=0
3229:05-17 05:22:08.779 29107 29157 I MeshxBleDispatch: {"v":1,"event":"ble_capabilities","supports_extended_advertising":true,"max_advertising_data_length":1024,"is_multiple_advertisement_supported":true,"legacy_manufacturer_payload_budget":24}
3244:05-17 05:22:08.797 29107 29157 I MeshxBleDispatch: {"v":1,"event":"attempt_outcome","attempt_id":"selftest-1779020528772","message_id":"3Ef7Uk9yhOcpeWBe4xReBA==","target_peer_id":"broadcast","target_device_ids":["broadcast"],"kind":"dispatched","reason":"legacy_beacon_fallback","adapter":"ble_android","outcome_at_ms":184200833}
3245:05-17 05:22:08.798 29107 29157 I MeshxBleNative: sendToPeer(broadcast, 31B) -> DISPATCHED reason=legacy_beacon_fallback
3246:05-17 05:22:08.799 29107 29157 I Elixir  : BleSelfTest: MESH MESSAGE SENT payload="hello-from-meshx-dev-1779020528" result=:ok
3247:05-17 05:22:08.802 29107 29157 W Elixir  : BleSelfTest: bridge error unknown: {"v":1,"event":"attempt_outcome","attempt_id":"selftest-1779020528772","message_id":"3Ef7Uk9yhOcpeWBe4xReBA==","target_peer_id":"broadcast","target_device_ids":["broadcast"],"kind":"dispatched","reason":"legacy_beacon_fallback","adapter":"ble_android","outcome_at_ms":184200833}
3248:05-17 05:22:08.805 29107 29142 I BEAMout : 05:22:08.799 [info] BleSelfTest: MESH MESSAGE SENT payload="hello-from-meshx-dev-1779020528" result=:ok
3249:05-17 05:22:08.807 29107 29142 I BEAMout : 05:22:08.802 [warning] BleSelfTest: bridge error unknown: {"v":1,"event":"attempt_outcome","attempt_id":"selftest-1779020528772","message_id":"3Ef7Uk9yhOcpeWBe4xReBA==","target_peer_id":"broadcast","target_device_ids":["broadcast"],"kind":"dispatched","reason":"legacy_beacon_fallback","adapter":"ble_android","outcome_at_ms":184200833}
3254:05-17 05:22:08.824 29107 29107 I MeshxBleDispatch: {"v":1,"event":"legacy_beacon_advertising_started","attempt_id":"selftest-1779020528772","beacon_size":22,"beacon":"TUIBAQEAsI0mlI4Bk6US94VXUXoT+Q==","message_id_hash":"sI0mlI4Bk6U=","sender_peer_id_hash":"EveFV1F6E\/k=","payload_kind":"TX","envelope_version":1,"window_ms":5000,"data_carrier":"legacy_advertisement"}
3356:05-17 05:22:09.857 29107 29157 I Elixir  : BleSelfTest: DISTINCT MESH MESSAGE kind=beacon key=f70806eddc285bcc:5d233d0d69cf9347 from=sender_hash=f70806eddc285bcc device_id=7F:DB:6F:A8:C3:87 first_seen_after=44_callbacks
3358:05-17 05:22:09.860 29107 29142 I BEAMout : 05:22:09.857 [info] BleSelfTest: DISTINCT MESH MESSAGE kind=beacon key=f70806eddc285bcc:5d233d0d69cf9347 from=sender_hash=f70806eddc285bcc device_id=7F:DB:6F:A8:C3:87 first_seen_after=44_callbacks
3654:05-17 05:22:12.707 29107 29157 I Elixir  : BleSelfTest: HEARTBEAT events=2243 devices=35 meshx_peers=1 sent=3 distinct_msgs=2 beacon_callbacks=61 envelopes=0
3655:05-17 05:22:12.711 29107 29142 I BEAMout : 05:22:12.707 [info] BleSelfTest: HEARTBEAT events=2243 devices=35 meshx_peers=1 sent=3 distinct_msgs=2 beacon_callbacks=61 envelopes=0
3927:05-17 05:22:15.808 29107 29157 I MeshxBleDispatch: {"v":1,"event":"ble_capabilities","supports_extended_advertising":true,"max_advertising_data_length":1024,"is_multiple_advertisement_supported":true,"legacy_manufacturer_payload_budget":24}
3939:05-17 05:22:15.823 29107 29157 I MeshxBleDispatch: {"v":1,"event":"attempt_outcome","attempt_id":"selftest-1779020535801","message_id":"3LmLgx9Qt+Xma4844imtTw==","target_peer_id":"broadcast","target_device_ids":["broadcast"],"kind":"dispatched","reason":"legacy_beacon_fallback","adapter":"ble_android","outcome_at_ms":184207863}
3940:05-17 05:22:15.825 29107 29157 I MeshxBleNative: sendToPeer(broadcast, 31B) -> DISPATCHED reason=legacy_beacon_fallback
3941:05-17 05:22:15.826 29107 29157 I Elixir  : BleSelfTest: MESH MESSAGE SENT payload="hello-from-meshx-dev-1779020535" result=:ok
3942:05-17 05:22:15.827 29107 29157 W Elixir  : BleSelfTest: bridge error unknown: {"v":1,"event":"attempt_outcome","attempt_id":"selftest-1779020535801","message_id":"3LmLgx9Qt+Xma4844imtTw==","target_peer_id":"broadcast","target_device_ids":["broadcast"],"kind":"dispatched","reason":"legacy_beacon_fallback","adapter":"ble_android","outcome_at_ms":184207863}
3944:05-17 05:22:15.830 29107 29142 I BEAMout : 05:22:15.825 [info] BleSelfTest: MESH MESSAGE SENT payload="hello-from-meshx-dev-1779020535" result=:ok
3945:05-17 05:22:15.833 29107 29142 I BEAMout : 05:22:15.827 [warning] BleSelfTest: bridge error unknown: {"v":1,"event":"attempt_outcome","attempt_id":"selftest-1779020535801","message_id":"3LmLgx9Qt+Xma4844imtTw==","target_peer_id":"broadcast","target_device_ids":["broadcast"],"kind":"dispatched","reason":"legacy_beacon_fallback","adapter":"ble_android","outcome_at_ms":184207863}
3949:05-17 05:22:15.849 29107 29107 I MeshxBleDispatch: {"v":1,"event":"legacy_beacon_advertising_started","attempt_id":"selftest-1779020535801","beacon_size":22,"beacon":"TUIBAQEA4E26\/MaFeRwS94VXUXoT+Q==","message_id_hash":"4E26\/MaFeRw=","sender_peer_id_hash":"EveFV1F6E\/k=","payload_kind":"TX","envelope_version":1,"window_ms":5000,"data_carrier":"legacy_advertisement"}
4125:05-17 05:22:17.710 29107 29157 I Elixir  : BleSelfTest: HEARTBEAT events=2669 devices=36 meshx_peers=1 sent=4 distinct_msgs=2 beacon_callbacks=87 envelopes=0
4127:05-17 05:22:17.713 29107 29142 I BEAMout : 05:22:17.709 [info] BleSelfTest: HEARTBEAT events=2669 devices=36 meshx_peers=1 sent=4 distinct_msgs=2 beacon_callbacks=87 envelopes=0
4596:05-17 05:22:22.712 29107 29157 I Elixir  : BleSelfTest: HEARTBEAT events=3123 devices=36 meshx_peers=1 sent=4 distinct_msgs=2 beacon_callbacks=116 envelopes=0
4597:05-17 05:22:22.713 29107 29142 I BEAMout : 05:22:22.711 [info] BleSelfTest: HEARTBEAT events=3123 devices=36 meshx_peers=1 sent=4 distinct_msgs=2 beacon_callbacks=116 envelopes=0
4616:05-17 05:22:22.839 29107 29157 I MeshxBleDispatch: {"v":1,"event":"ble_capabilities","supports_extended_advertising":true,"max_advertising_data_length":1024,"is_multiple_advertisement_supported":true,"legacy_manufacturer_payload_budget":24}
4634:05-17 05:22:22.861 29107 29157 I MeshxBleDispatch: {"v":1,"event":"attempt_outcome","attempt_id":"selftest-1779020542829","message_id":"6q8QLoUMNulxjkizEN0SLQ==","target_peer_id":"broadcast","target_device_ids":["broadcast"],"kind":"dispatched","reason":"legacy_beacon_fallback","adapter":"ble_android","outcome_at_ms":184214890}
4635:05-17 05:22:22.862 29107 29157 I MeshxBleNative: sendToPeer(broadcast, 31B) -> DISPATCHED reason=legacy_beacon_fallback
4637:05-17 05:22:22.865 29107 29157 I Elixir  : BleSelfTest: MESH MESSAGE SENT payload="hello-from-meshx-dev-1779020542" result=:ok
4640:05-17 05:22:22.871 29107 29157 W Elixir  : BleSelfTest: bridge error unknown: {"v":1,"event":"attempt_outcome","attempt_id":"selftest-1779020542829","message_id":"6q8QLoUMNulxjkizEN0SLQ==","target_peer_id":"broadcast","target_device_ids":["broadcast"],"kind":"dispatched","reason":"legacy_beacon_fallback","adapter":"ble_android","outcome_at_ms":184214890}
4641:05-17 05:22:22.873 29107 29142 I BEAMout : 05:22:22.865 [info] BleSelfTest: MESH MESSAGE SENT payload="hello-from-meshx-dev-1779020542" result=:ok
4642:05-17 05:22:22.873 29107 29107 I MeshxBleDispatch: {"v":1,"event":"legacy_beacon_advertising_started","attempt_id":"selftest-1779020542829","beacon_size":22,"beacon":"TUIBAQEA46K\/BFRpvQ4S94VXUXoT+Q==","message_id_hash":"46K\/BFRpvQ4=","sender_peer_id_hash":"EveFV1F6E\/k=","payload_kind":"TX","envelope_version":1,"window_ms":5000,"data_carrier":"legacy_advertisement"}
4643:05-17 05:22:22.873 29107 29142 I BEAMout : 05:22:22.871 [warning] BleSelfTest: bridge error unknown: {"v":1,"event":"attempt_outcome","attempt_id":"selftest-1779020542829","message_id":"6q8QLoUMNulxjkizEN0SLQ==","target_peer_id":"broadcast","target_device_ids":["broadcast"],"kind":"dispatched","reason":"legacy_beacon_fallback","adapter":"ble_android","outcome_at_ms":184214890}
5099:05-17 05:22:27.714 29107 29157 I Elixir  : BleSelfTest: HEARTBEAT events=3592 devices=36 meshx_peers=1 sent=5 distinct_msgs=2 beacon_callbacks=142 envelopes=0
5100:05-17 05:22:27.716 29107 29142 I BEAMout : 05:22:27.713 [info] BleSelfTest: HEARTBEAT events=3592 devices=36 meshx_peers=1 sent=5 distinct_msgs=2 beacon_callbacks=142 envelopes=0
5318:05-17 05:22:29.877 29107 29157 I MeshxBleDispatch: {"v":1,"event":"ble_capabilities","supports_extended_advertising":true,"max_advertising_data_length":1024,"is_multiple_advertisement_supported":true,"legacy_manufacturer_payload_budget":24}
5330:05-17 05:22:29.894 29107 29157 I MeshxBleDispatch: {"v":1,"event":"attempt_outcome","attempt_id":"selftest-1779020549868","message_id":"I\/RB69h2l57KYj7dw5utyA==","target_peer_id":"broadcast","target_device_ids":["broadcast"],"kind":"dispatched","reason":"legacy_beacon_fallback","adapter":"ble_android","outcome_at_ms":184221930}
5331:05-17 05:22:29.896 29107 29157 I MeshxBleNative: sendToPeer(broadcast, 31B) -> DISPATCHED reason=legacy_beacon_fallback
5332:05-17 05:22:29.897 29107 29157 I Elixir  : BleSelfTest: MESH MESSAGE SENT payload="hello-from-meshx-dev-1779020549" result=:ok
5333:05-17 05:22:29.898 29107 29157 W Elixir  : BleSelfTest: bridge error unknown: {"v":1,"event":"attempt_outcome","attempt_id":"selftest-1779020549868","message_id":"I\/RB69h2l57KYj7dw5utyA==","target_peer_id":"broadcast","target_device_ids":["broadcast"],"kind":"dispatched","reason":"legacy_beacon_fallback","adapter":"ble_android","outcome_at_ms":184221930}
5334:05-17 05:22:29.901 29107 29142 I BEAMout : 05:22:29.897 [info] BleSelfTest: MESH MESSAGE SENT payload="hello-from-meshx-dev-1779020549" result=:ok
5335:05-17 05:22:29.902 29107 29142 I BEAMout : 05:22:29.898 [warning] BleSelfTest: bridge error unknown: {"v":1,"event":"attempt_outcome","attempt_id":"selftest-1779020549868","message_id":"I\/RB69h2l57KYj7dw5utyA==","target_peer_id":"broadcast","target_device_ids":["broadcast"],"kind":"dispatched","reason":"legacy_beacon_fallback","adapter":"ble_android","outcome_at_ms":184221930}
5339:05-17 05:22:29.916 29107 29107 I MeshxBleDispatch: {"v":1,"event":"legacy_beacon_advertising_started","attempt_id":"selftest-1779020549868","beacon_size":22,"beacon":"TUIBAQEAqIgZG3mFApES94VXUXoT+Q==","message_id_hash":"qIgZG3mFApE=","sender_peer_id_hash":"EveFV1F6E\/k=","payload_kind":"TX","envelope_version":1,"window_ms":5000,"data_carrier":"legacy_advertisement"}
5475:05-17 05:22:31.372 29107 29157 I Elixir  : BleSelfTest: DISTINCT MESH MESSAGE kind=beacon key=f70806eddc285bcc:7b1124ebcd1170a3 from=sender_hash=f70806eddc285bcc device_id=6D:99:07:E6:47:BC first_seen_after=150_callbacks
5476:05-17 05:22:31.374 29107 29142 I BEAMout : 05:22:31.372 [info] BleSelfTest: DISTINCT MESH MESSAGE kind=beacon key=f70806eddc285bcc:7b1124ebcd1170a3 from=sender_hash=f70806eddc285bcc device_id=6D:99:07:E6:47:BC first_seen_after=150_callbacks
5594:05-17 05:22:32.715 29107 29157 I Elixir  : BleSelfTest: HEARTBEAT events=4046 devices=36 meshx_peers=1 sent=6 distinct_msgs=3 beacon_callbacks=159 envelopes=0
5596:05-17 05:22:32.718 29107 29142 I BEAMout : 05:22:32.715 [info] BleSelfTest: HEARTBEAT events=4046 devices=36 meshx_peers=1 sent=6 distinct_msgs=3 beacon_callbacks=159 envelopes=0
6044:05-17 05:22:36.905 29107 29157 I MeshxBleDispatch: {"v":1,"event":"ble_capabilities","supports_extended_advertising":true,"max_advertising_data_length":1024,"is_multiple_advertisement_supported":true,"legacy_manufacturer_payload_budget":24}
6056:05-17 05:22:36.916 29107 29157 I MeshxBleDispatch: {"v":1,"event":"attempt_outcome","attempt_id":"selftest-1779020556900","message_id":"dquIQjoaOEhu\/ZeGOb\/9Tw==","target_peer_id":"broadcast","target_device_ids":["broadcast"],"kind":"dispatched","reason":"legacy_beacon_fallback","adapter":"ble_android","outcome_at_ms":184228961}
6057:05-17 05:22:36.917 29107 29157 I MeshxBleNative: sendToPeer(broadcast, 31B) -> DISPATCHED reason=legacy_beacon_fallback
6058:05-17 05:22:36.917 29107 29157 I Elixir  : BleSelfTest: MESH MESSAGE SENT payload="hello-from-meshx-dev-1779020556" result=:ok
6059:05-17 05:22:36.918 29107 29157 W Elixir  : BleSelfTest: bridge error unknown: {"v":1,"event":"attempt_outcome","attempt_id":"selftest-1779020556900","message_id":"dquIQjoaOEhu\/ZeGOb\/9Tw==","target_peer_id":"broadcast","target_device_ids":["broadcast"],"kind":"dispatched","reason":"legacy_beacon_fallback","adapter":"ble_android","outcome_at_ms":184228961}
6060:05-17 05:22:36.921 29107 29142 I BEAMout : 05:22:36.917 [info] BleSelfTest: MESH MESSAGE SENT payload="hello-from-meshx-dev-1779020556" result=:ok
6061:05-17 05:22:36.921 29107 29142 I BEAMout : 05:22:36.918 [warning] BleSelfTest: bridge error unknown: {"v":1,"event":"attempt_outcome","attempt_id":"selftest-1779020556900","message_id":"dquIQjoaOEhu\/ZeGOb\/9Tw==","target_peer_id":"broadcast","target_device_ids":["broadcast"],"kind":"dispatched","reason":"legacy_beacon_fallback","adapter":"ble_android","outcome_at_ms":184228961}
6066:05-17 05:22:36.930 29107 29107 I MeshxBleDispatch: {"v":1,"event":"legacy_beacon_advertising_started","attempt_id":"selftest-1779020556900","beacon_size":22,"beacon":"TUIBAQEAYvUriEFKui8S94VXUXoT+Q==","message_id_hash":"YvUriEFKui8=","sender_peer_id_hash":"EveFV1F6E\/k=","payload_kind":"TX","envelope_version":1,"window_ms":5000,"data_carrier":"legacy_advertisement"}
6140:05-17 05:22:37.717 29107 29157 I Elixir  : BleSelfTest: HEARTBEAT events=4552 devices=36 meshx_peers=1 sent=7 distinct_msgs=3 beacon_callbacks=185 envelopes=0
6141:05-17 05:22:37.719 29107 29142 I BEAMout : 05:22:37.717 [info] BleSelfTest: HEARTBEAT events=4552 devices=36 meshx_peers=1 sent=7 distinct_msgs=3 beacon_callbacks=185 envelopes=0
6504:05-17 05:22:42.720 29107 29157 I Elixir  : BleSelfTest: HEARTBEAT events=4899 devices=37 meshx_peers=1 sent=7 distinct_msgs=3 beacon_callbacks=187 envelopes=0
6505:05-17 05:22:42.722 29107 29142 I BEAMout : 05:22:42.720 [info] BleSelfTest: HEARTBEAT events=4899 devices=37 meshx_peers=1 sent=7 distinct_msgs=3 beacon_callbacks=187 envelopes=0
6593:05-17 05:22:43.938 29107 29157 I MeshxBleDispatch: {"v":1,"event":"ble_capabilities","supports_extended_advertising":true,"max_advertising_data_length":1024,"is_multiple_advertisement_supported":true,"legacy_manufacturer_payload_budget":24}
6607:05-17 05:22:43.956 29107 29157 I MeshxBleDispatch: {"v":1,"event":"attempt_outcome","attempt_id":"selftest-1779020563921","message_id":"tjNmJm2ccEP87B4P\/SAWNQ==","target_peer_id":"broadcast","target_device_ids":["broadcast"],"kind":"dispatched","reason":"legacy_beacon_fallback","adapter":"ble_android","outcome_at_ms":184235983}
6608:05-17 05:22:43.957 29107 29157 I MeshxBleNative: sendToPeer(broadcast, 31B) -> DISPATCHED reason=legacy_beacon_fallback
6609:05-17 05:22:43.958 29107 29157 I Elixir  : BleSelfTest: MESH MESSAGE SENT payload="hello-from-meshx-dev-1779020563" result=:ok
6611:05-17 05:22:43.964 29107 29157 W Elixir  : BleSelfTest: bridge error unknown: {"v":1,"event":"attempt_outcome","attempt_id":"selftest-1779020563921","message_id":"tjNmJm2ccEP87B4P\/SAWNQ==","target_peer_id":"broadcast","target_device_ids":["broadcast"],"kind":"dispatched","reason":"legacy_beacon_fallback","adapter":"ble_android","outcome_at_ms":184235983}
6612:05-17 05:22:43.966 29107 29142 I BEAMout : 05:22:43.958 [info] BleSelfTest: MESH MESSAGE SENT payload="hello-from-meshx-dev-1779020563" result=:ok
6613:05-17 05:22:43.969 29107 29142 I BEAMout : 05:22:43.964 [warning] BleSelfTest: bridge error unknown: {"v":1,"event":"attempt_outcome","attempt_id":"selftest-1779020563921","message_id":"tjNmJm2ccEP87B4P\/SAWNQ==","target_peer_id":"broadcast","target_device_ids":["broadcast"],"kind":"dispatched","reason":"legacy_beacon_fallback","adapter":"ble_android","outcome_at_ms":184235983}
6616:05-17 05:22:43.978 29107 29107 I MeshxBleDispatch: {"v":1,"event":"legacy_beacon_advertising_started","attempt_id":"selftest-1779020563921","beacon_size":22,"beacon":"TUIBAQEAhmHzUh1ixiQS94VXUXoT+Q==","message_id_hash":"hmHzUh1ixiQ=","sender_peer_id_hash":"EveFV1F6E\/k=","payload_kind":"TX","envelope_version":1,"window_ms":5000,"data_carrier":"legacy_advertisement"}
6932:05-17 05:22:47.722 29107 29157 I Elixir  : BleSelfTest: HEARTBEAT events=5297 devices=38 meshx_peers=1 sent=8 distinct_msgs=3 beacon_callbacks=187 envelopes=0
6933:05-17 05:22:47.725 29107 29142 I BEAMout : 05:22:47.722 [info] BleSelfTest: HEARTBEAT events=5297 devices=38 meshx_peers=1 sent=8 distinct_msgs=3 beacon_callbacks=187 envelopes=0
7226:05-17 05:22:50.977 29107 29157 I MeshxBleDispatch: {"v":1,"event":"ble_capabilities","supports_extended_advertising":true,"max_advertising_data_length":1024,"is_multiple_advertisement_supported":true,"legacy_manufacturer_payload_budget":24}
7238:05-17 05:22:50.995 29107 29157 I MeshxBleDispatch: {"v":1,"event":"attempt_outcome","attempt_id":"selftest-1779020570963","message_id":"0FqXbavqqQ9R0uWYqNWMUg==","target_peer_id":"broadcast","target_device_ids":["broadcast"],"kind":"dispatched","reason":"legacy_beacon_fallback","adapter":"ble_android","outcome_at_ms":184243025}
7239:05-17 05:22:50.997 29107 29157 I MeshxBleNative: sendToPeer(broadcast, 31B) -> DISPATCHED reason=legacy_beacon_fallback
7240:05-17 05:22:50.998 29107 29157 I Elixir  : BleSelfTest: MESH MESSAGE SENT payload="hello-from-meshx-dev-1779020570" result=:ok
7241:05-17 05:22:50.999 29107 29157 W Elixir  : BleSelfTest: bridge error unknown: {"v":1,"event":"attempt_outcome","attempt_id":"selftest-1779020570963","message_id":"0FqXbavqqQ9R0uWYqNWMUg==","target_peer_id":"broadcast","target_device_ids":["broadcast"],"kind":"dispatched","reason":"legacy_beacon_fallback","adapter":"ble_android","outcome_at_ms":184243025}
7242:05-17 05:22:51.002 29107 29142 I BEAMout : 05:22:50.998 [info] BleSelfTest: MESH MESSAGE SENT payload="hello-from-meshx-dev-1779020570" result=:ok
7243:05-17 05:22:51.004 29107 29142 I BEAMout : 05:22:50.999 [warning] BleSelfTest: bridge error unknown: {"v":1,"event":"attempt_outcome","attempt_id":"selftest-1779020570963","message_id":"0FqXbavqqQ9R0uWYqNWMUg==","target_peer_id":"broadcast","target_device_ids":["broadcast"],"kind":"dispatched","reason":"legacy_beacon_fallback","adapter":"ble_android","outcome_at_ms":184243025}
7247:05-17 05:22:51.030 29107 29107 I MeshxBleDispatch: {"v":1,"event":"legacy_beacon_advertising_started","attempt_id":"selftest-1779020570963","beacon_size":22,"beacon":"TUIBAQEAwiiCznN9NzUS94VXUXoT+Q==","message_id_hash":"wiiCznN9NzU=","sender_peer_id_hash":"EveFV1F6E\/k=","payload_kind":"TX","envelope_version":1,"window_ms":5000,"data_carrier":"legacy_advertisement"}
7373:05-17 05:22:52.732 29107 29157 I Elixir  : BleSelfTest: HEARTBEAT events=5684 devices=38 meshx_peers=1 sent=9 distinct_msgs=3 beacon_callbacks=187 envelopes=0
7374:05-17 05:22:52.735 29107 29142 I BEAMout : 05:22:52.732 [info] BleSelfTest: HEARTBEAT events=5684 devices=38 meshx_peers=1 sent=9 distinct_msgs=3 beacon_callbacks=187 envelopes=0
7404:05-17 05:22:53.303 29107 29157 I Elixir  : BleSelfTest: DISTINCT MESH MESSAGE kind=beacon key=f70806eddc285bcc:ed1d82626cc9ce9f from=sender_hash=f70806eddc285bcc device_id=53:AB:F3:DB:A5:61 first_seen_after=188_callbacks
7405:05-17 05:22:53.308 29107 29142 I BEAMout : 05:22:53.303 [info] BleSelfTest: DISTINCT MESH MESSAGE kind=beacon key=f70806eddc285bcc:ed1d82626cc9ce9f from=sender_hash=f70806eddc285bcc device_id=53:AB:F3:DB:A5:61 first_seen_after=188_callbacks
7749:05-17 05:22:57.733 29107 29157 I Elixir  : BleSelfTest: HEARTBEAT events=6040 devices=38 meshx_peers=1 sent=9 distinct_msgs=4 beacon_callbacks=214 envelopes=0
7750:05-17 05:22:57.735 29107 29142 I BEAMout : 05:22:57.733 [info] BleSelfTest: HEARTBEAT events=6040 devices=38 meshx_peers=1 sent=9 distinct_msgs=4 beacon_callbacks=214 envelopes=0
7779:05-17 05:22:58.013 29107 29157 I MeshxBleDispatch: {"v":1,"event":"ble_capabilities","supports_extended_advertising":true,"max_advertising_data_length":1024,"is_multiple_advertisement_supported":true,"legacy_manufacturer_payload_budget":24}
7794:05-17 05:22:58.030 29107 29157 I MeshxBleDispatch: {"v":1,"event":"attempt_outcome","attempt_id":"selftest-1779020578001","message_id":"YevL5nafbQA1gCgqzVsUfQ==","target_peer_id":"broadcast","target_device_ids":["broadcast"],"kind":"dispatched","reason":"legacy_beacon_fallback","adapter":"ble_android","outcome_at_ms":184250063}
7795:05-17 05:22:58.032 29107 29157 I MeshxBleNative: sendToPeer(broadcast, 31B) -> DISPATCHED reason=legacy_beacon_fallback
7796:05-17 05:22:58.033 29107 29157 I Elixir  : BleSelfTest: MESH MESSAGE SENT payload="hello-from-meshx-dev-1779020577" result=:ok
7797:05-17 05:22:58.037 29107 29157 W Elixir  : BleSelfTest: bridge error unknown: {"v":1,"event":"attempt_outcome","attempt_id":"selftest-1779020578001","message_id":"YevL5nafbQA1gCgqzVsUfQ==","target_peer_id":"broadcast","target_device_ids":["broadcast"],"kind":"dispatched","reason":"legacy_beacon_fallback","adapter":"ble_android","outcome_at_ms":184250063}
7798:05-17 05:22:58.039 29107 29142 I BEAMout : 05:22:58.032 [info] BleSelfTest: MESH MESSAGE SENT payload="hello-from-meshx-dev-1779020577" result=:ok
7800:05-17 05:22:58.040 29107 29142 I BEAMout : 05:22:58.037 [warning] BleSelfTest: bridge error unknown: {"v":1,"event":"attempt_outcome","attempt_id":"selftest-1779020578001","message_id":"YevL5nafbQA1gCgqzVsUfQ==","target_peer_id":"broadcast","target_device_ids":["broadcast"],"kind":"dispatched","reason":"legacy_beacon_fallback","adapter":"ble_android","outcome_at_ms":184250063}
7805:05-17 05:22:58.058 29107 29107 I MeshxBleDispatch: {"v":1,"event":"legacy_beacon_advertising_started","attempt_id":"selftest-1779020578001","beacon_size":22,"beacon":"TUIBAQEAr2erEx8xl8IS94VXUXoT+Q==","message_id_hash":"r2erEx8xl8I=","sender_peer_id_hash":"EveFV1F6E\/k=","payload_kind":"TX","envelope_version":1,"window_ms":5000,"data_carrier":"legacy_advertisement"}
8269:05-17 05:23:02.735 29107 29157 I Elixir  : BleSelfTest: HEARTBEAT events=6510 devices=38 meshx_peers=1 sent=10 distinct_msgs=4 beacon_callbacks=231 envelopes=0
8270:05-17 05:23:02.737 29107 29142 I BEAMout : 05:23:02.734 [info] BleSelfTest: HEARTBEAT events=6510 devices=38 meshx_peers=1 sent=10 distinct_msgs=4 beacon_callbacks=231 envelopes=0
8380:05-17 05:23:03.937 29107 29157 I Elixir  : BleSelfTest: DISTINCT MESH MESSAGE kind=beacon key=f70806eddc285bcc:3502c26f40509b0d from=sender_hash=f70806eddc285bcc device_id=48:4E:F2:1C:FE:86 first_seen_after=232_callbacks
8381:05-17 05:23:03.940 29107 29142 I BEAMout : 05:23:03.937 [info] BleSelfTest: DISTINCT MESH MESSAGE kind=beacon key=f70806eddc285bcc:3502c26f40509b0d from=sender_hash=f70806eddc285bcc device_id=48:4E:F2:1C:FE:86 first_seen_after=232_callbacks
8493:05-17 05:23:05.048 29107 29157 I MeshxBleDispatch: {"v":1,"event":"ble_capabilities","supports_extended_advertising":true,"max_advertising_data_length":1024,"is_multiple_advertisement_supported":true,"legacy_manufacturer_payload_budget":24}
8509:05-17 05:23:05.067 29107 29157 I MeshxBleDispatch: {"v":1,"event":"attempt_outcome","attempt_id":"selftest-1779020585036","message_id":"r9eWqEzTBZDgjJb+0i7+fw==","target_peer_id":"broadcast","target_device_ids":["broadcast"],"kind":"dispatched","reason":"legacy_beacon_fallback","adapter":"ble_android","outcome_at_ms":184257098}
8510:05-17 05:23:05.068 29107 29157 I MeshxBleNative: sendToPeer(broadcast, 31B) -> DISPATCHED reason=legacy_beacon_fallback
8511:05-17 05:23:05.069 29107 29157 I Elixir  : BleSelfTest: MESH MESSAGE SENT payload="hello-from-meshx-dev-1779020585" result=:ok
8512:05-17 05:23:05.072 29107 29157 W Elixir  : BleSelfTest: bridge error unknown: {"v":1,"event":"attempt_outcome","attempt_id":"selftest-1779020585036","message_id":"r9eWqEzTBZDgjJb+0i7+fw==","target_peer_id":"broadcast","target_device_ids":["broadcast"],"kind":"dispatched","reason":"legacy_beacon_fallback","adapter":"ble_android","outcome_at_ms":184257098}
8515:05-17 05:23:05.079 29107 29142 I BEAMout : 05:23:05.069 [info] BleSelfTest: MESH MESSAGE SENT payload="hello-from-meshx-dev-1779020585" result=:ok
8516:05-17 05:23:05.081 29107 29142 I BEAMout : 05:23:05.072 [warning] BleSelfTest: bridge error unknown: {"v":1,"event":"attempt_outcome","attempt_id":"selftest-1779020585036","message_id":"r9eWqEzTBZDgjJb+0i7+fw==","target_peer_id":"broadcast","target_device_ids":["broadcast"],"kind":"dispatched","reason":"legacy_beacon_fallback","adapter":"ble_android","outcome_at_ms":184257098}
8520:05-17 05:23:05.091 29107 29107 I MeshxBleDispatch: {"v":1,"event":"legacy_beacon_advertising_started","attempt_id":"selftest-1779020585036","beacon_size":22,"beacon":"TUIBAQEAQsuavoGVnRQS94VXUXoT+Q==","message_id_hash":"QsuavoGVnRQ=","sender_peer_id_hash":"EveFV1F6E\/k=","payload_kind":"TX","envelope_version":1,"window_ms":5000,"data_carrier":"legacy_advertisement"}
8771:05-17 05:23:07.736 29107 29157 I Elixir  : BleSelfTest: HEARTBEAT events=6968 devices=38 meshx_peers=1 sent=11 distinct_msgs=5 beacon_callbacks=253 envelopes=0
8772:05-17 05:23:07.737 29107 29142 I BEAMout : 05:23:07.736 [info] BleSelfTest: HEARTBEAT events=6968 devices=38 meshx_peers=1 sent=11 distinct_msgs=5 beacon_callbacks=253 envelopes=0
9213:05-17 05:23:12.082 29107 29157 I MeshxBleDispatch: {"v":1,"event":"ble_capabilities","supports_extended_advertising":true,"max_advertising_data_length":1024,"is_multiple_advertisement_supported":true,"legacy_manufacturer_payload_budget":24}
9228:05-17 05:23:12.103 29107 29157 I MeshxBleDispatch: {"v":1,"event":"attempt_outcome","attempt_id":"selftest-1779020592075","message_id":"5PGIfVPyVSiNwX8PYwiN1Q==","target_peer_id":"broadcast","target_device_ids":["broadcast"],"kind":"dispatched","reason":"legacy_beacon_fallback","adapter":"ble_android","outcome_at_ms":184264136}
9229:05-17 05:23:12.104 29107 29157 I MeshxBleNative: sendToPeer(broadcast, 31B) -> DISPATCHED reason=legacy_beacon_fallback
9230:05-17 05:23:12.105 29107 29157 I Elixir  : BleSelfTest: MESH MESSAGE SENT payload="hello-from-meshx-dev-1779020592" result=:ok
9231:05-17 05:23:12.108 29107 29157 W Elixir  : BleSelfTest: bridge error unknown: {"v":1,"event":"attempt_outcome","attempt_id":"selftest-1779020592075","message_id":"5PGIfVPyVSiNwX8PYwiN1Q==","target_peer_id":"broadcast","target_device_ids":["broadcast"],"kind":"dispatched","reason":"legacy_beacon_fallback","adapter":"ble_android","outcome_at_ms":184264136}
9232:05-17 05:23:12.109 29107 29142 I BEAMout : 05:23:12.105 [info] BleSelfTest: MESH MESSAGE SENT payload="hello-from-meshx-dev-1779020592" result=:ok
9233:05-17 05:23:12.110 29107 29142 I BEAMout : 05:23:12.107 [warning] BleSelfTest: bridge error unknown: {"v":1,"event":"attempt_outcome","attempt_id":"selftest-1779020592075","message_id":"5PGIfVPyVSiNwX8PYwiN1Q==","target_peer_id":"broadcast","target_device_ids":["broadcast"],"kind":"dispatched","reason":"legacy_beacon_fallback","adapter":"ble_android","outcome_at_ms":184264136}
9237:05-17 05:23:12.119 29107 29107 I MeshxBleDispatch: {"v":1,"event":"legacy_beacon_advertising_started","attempt_id":"selftest-1779020592075","beacon_size":22,"beacon":"TUIBAQEAH83jKJkG5toS94VXUXoT+Q==","message_id_hash":"H83jKJkG5to=","sender_peer_id_hash":"EveFV1F6E\/k=","payload_kind":"TX","envelope_version":1,"window_ms":5000,"data_carrier":"legacy_advertisement"}
9295:05-17 05:23:12.737 29107 29157 I Elixir  : BleSelfTest: HEARTBEAT events=7442 devices=39 meshx_peers=1 sent=12 distinct_msgs=5 beacon_callbacks=282 envelopes=0
9297:05-17 05:23:12.739 29107 29142 I BEAMout : 05:23:12.737 [info] BleSelfTest: HEARTBEAT events=7442 devices=39 meshx_peers=1 sent=12 distinct_msgs=5 beacon_callbacks=282 envelopes=0
