--------- beginning of main
05-17 05:21:46.443 29107 29107 I MeshX   : registered BluetoothAdapter state receiver
05-17 05:21:46.444 29107 29107 I MeshX   : onCreate: MESHX_BLE_SELFTEST=1
05-17 05:21:46.449 29107 29107 I MeshX   : onCreate — handing off to BEAM
05-17 05:21:54.718 29107 29157 I MobBleDispatch: {"v":1,"event":"ble_capabilities","supports_extended_advertising":true,"max_advertising_data_length":1024,"is_multiple_advertisement_supported":true,"legacy_manufacturer_payload_budget":24}
05-17 05:21:54.740 29107 29157 I MobBleDispatch: {"v":1,"event":"attempt_outcome","attempt_id":"selftest-1779020514705","message_id":"1Ic\/uawuAOuXxBS9a48jBg==","target_peer_id":"broadcast","target_device_ids":["broadcast"],"kind":"dispatched","reason":"legacy_beacon_fallback","adapter":"ble_android","outcome_at_ms":184186767}
05-17 05:21:54.768 29107 29107 I MobBleDispatch: {"v":1,"event":"legacy_beacon_advertising_started","attempt_id":"selftest-1779020514705","beacon_size":22,"beacon":"TUIBAQEAzaUxsvnpYYMS94VXUXoT+Q==","message_id_hash":"zaUxsvnpYYM=","sender_peer_id_hash":"EveFV1F6E\/k=","payload_kind":"TX","envelope_version":1,"window_ms":5000,"data_carrier":"legacy_advertisement"}
05-17 05:22:01.751 29107 29157 I MobBleDispatch: {"v":1,"event":"ble_capabilities","supports_extended_advertising":true,"max_advertising_data_length":1024,"is_multiple_advertisement_supported":true,"legacy_manufacturer_payload_budget":24}
05-17 05:22:01.766 29107 29157 I MobBleDispatch: {"v":1,"event":"attempt_outcome","attempt_id":"selftest-1779020521745","message_id":"IOWHNs3dInTjjR96BbNAGw==","target_peer_id":"broadcast","target_device_ids":["broadcast"],"kind":"dispatched","reason":"legacy_beacon_fallback","adapter":"ble_android","outcome_at_ms":184193807}
05-17 05:22:01.791 29107 29107 I MobBleDispatch: {"v":1,"event":"legacy_beacon_advertising_started","attempt_id":"selftest-1779020521745","beacon_size":22,"beacon":"TUIBAQEA8iZR+VaX4WAS94VXUXoT+Q==","message_id_hash":"8iZR+VaX4WA=","sender_peer_id_hash":"EveFV1F6E\/k=","payload_kind":"TX","envelope_version":1,"window_ms":5000,"data_carrier":"legacy_advertisement"}
05-17 05:22:08.779 29107 29157 I MobBleDispatch: {"v":1,"event":"ble_capabilities","supports_extended_advertising":true,"max_advertising_data_length":1024,"is_multiple_advertisement_supported":true,"legacy_manufacturer_payload_budget":24}
05-17 05:22:08.797 29107 29157 I MobBleDispatch: {"v":1,"event":"attempt_outcome","attempt_id":"selftest-1779020528772","message_id":"3Ef7Uk9yhOcpeWBe4xReBA==","target_peer_id":"broadcast","target_device_ids":["broadcast"],"kind":"dispatched","reason":"legacy_beacon_fallback","adapter":"ble_android","outcome_at_ms":184200833}
05-17 05:22:08.824 29107 29107 I MobBleDispatch: {"v":1,"event":"legacy_beacon_advertising_started","attempt_id":"selftest-1779020528772","beacon_size":22,"beacon":"TUIBAQEAsI0mlI4Bk6US94VXUXoT+Q==","message_id_hash":"sI0mlI4Bk6U=","sender_peer_id_hash":"EveFV1F6E\/k=","payload_kind":"TX","envelope_version":1,"window_ms":5000,"data_carrier":"legacy_advertisement"}
05-17 05:22:15.808 29107 29157 I MobBleDispatch: {"v":1,"event":"ble_capabilities","supports_extended_advertising":true,"max_advertising_data_length":1024,"is_multiple_advertisement_supported":true,"legacy_manufacturer_payload_budget":24}
05-17 05:22:15.823 29107 29157 I MobBleDispatch: {"v":1,"event":"attempt_outcome","attempt_id":"selftest-1779020535801","message_id":"3LmLgx9Qt+Xma4844imtTw==","target_peer_id":"broadcast","target_device_ids":["broadcast"],"kind":"dispatched","reason":"legacy_beacon_fallback","adapter":"ble_android","outcome_at_ms":184207863}
05-17 05:22:15.849 29107 29107 I MobBleDispatch: {"v":1,"event":"legacy_beacon_advertising_started","attempt_id":"selftest-1779020535801","beacon_size":22,"beacon":"TUIBAQEA4E26\/MaFeRwS94VXUXoT+Q==","message_id_hash":"4E26\/MaFeRw=","sender_peer_id_hash":"EveFV1F6E\/k=","payload_kind":"TX","envelope_version":1,"window_ms":5000,"data_carrier":"legacy_advertisement"}
05-17 05:22:22.839 29107 29157 I MobBleDispatch: {"v":1,"event":"ble_capabilities","supports_extended_advertising":true,"max_advertising_data_length":1024,"is_multiple_advertisement_supported":true,"legacy_manufacturer_payload_budget":24}
05-17 05:22:22.861 29107 29157 I MobBleDispatch: {"v":1,"event":"attempt_outcome","attempt_id":"selftest-1779020542829","message_id":"6q8QLoUMNulxjkizEN0SLQ==","target_peer_id":"broadcast","target_device_ids":["broadcast"],"kind":"dispatched","reason":"legacy_beacon_fallback","adapter":"ble_android","outcome_at_ms":184214890}
05-17 05:22:22.873 29107 29107 I MobBleDispatch: {"v":1,"event":"legacy_beacon_advertising_started","attempt_id":"selftest-1779020542829","beacon_size":22,"beacon":"TUIBAQEA46K\/BFRpvQ4S94VXUXoT+Q==","message_id_hash":"46K\/BFRpvQ4=","sender_peer_id_hash":"EveFV1F6E\/k=","payload_kind":"TX","envelope_version":1,"window_ms":5000,"data_carrier":"legacy_advertisement"}
05-17 05:22:29.877 29107 29157 I MobBleDispatch: {"v":1,"event":"ble_capabilities","supports_extended_advertising":true,"max_advertising_data_length":1024,"is_multiple_advertisement_supported":true,"legacy_manufacturer_payload_budget":24}
05-17 05:22:29.894 29107 29157 I MobBleDispatch: {"v":1,"event":"attempt_outcome","attempt_id":"selftest-1779020549868","message_id":"I\/RB69h2l57KYj7dw5utyA==","target_peer_id":"broadcast","target_device_ids":["broadcast"],"kind":"dispatched","reason":"legacy_beacon_fallback","adapter":"ble_android","outcome_at_ms":184221930}
05-17 05:22:29.916 29107 29107 I MobBleDispatch: {"v":1,"event":"legacy_beacon_advertising_started","attempt_id":"selftest-1779020549868","beacon_size":22,"beacon":"TUIBAQEAqIgZG3mFApES94VXUXoT+Q==","message_id_hash":"qIgZG3mFApE=","sender_peer_id_hash":"EveFV1F6E\/k=","payload_kind":"TX","envelope_version":1,"window_ms":5000,"data_carrier":"legacy_advertisement"}
05-17 05:22:36.905 29107 29157 I MobBleDispatch: {"v":1,"event":"ble_capabilities","supports_extended_advertising":true,"max_advertising_data_length":1024,"is_multiple_advertisement_supported":true,"legacy_manufacturer_payload_budget":24}
05-17 05:22:36.916 29107 29157 I MobBleDispatch: {"v":1,"event":"attempt_outcome","attempt_id":"selftest-1779020556900","message_id":"dquIQjoaOEhu\/ZeGOb\/9Tw==","target_peer_id":"broadcast","target_device_ids":["broadcast"],"kind":"dispatched","reason":"legacy_beacon_fallback","adapter":"ble_android","outcome_at_ms":184228961}
05-17 05:22:36.930 29107 29107 I MobBleDispatch: {"v":1,"event":"legacy_beacon_advertising_started","attempt_id":"selftest-1779020556900","beacon_size":22,"beacon":"TUIBAQEAYvUriEFKui8S94VXUXoT+Q==","message_id_hash":"YvUriEFKui8=","sender_peer_id_hash":"EveFV1F6E\/k=","payload_kind":"TX","envelope_version":1,"window_ms":5000,"data_carrier":"legacy_advertisement"}
