--------- beginning of main
05-17 05:19:37.082 28977 28977 I MeshX   : registered BluetoothAdapter state receiver
05-17 05:19:37.082 28977 28977 I MeshX   : onCreate: MESHX_BLE_SELFTEST=1
05-17 05:19:37.087 28977 28977 I MeshX   : onCreate — handing off to BEAM
05-17 05:19:45.406 28977 29047 I MeshxBleDispatch: {"v":1,"event":"ble_capabilities","supports_extended_advertising":true,"max_advertising_data_length":1024,"is_multiple_advertisement_supported":true,"legacy_manufacturer_payload_budget":24}
05-17 05:19:45.427 28977 29047 I MeshxBleDispatch: {"v":1,"event":"attempt_outcome","attempt_id":"selftest-1779020385395","message_id":"AFezgkEZk4T0G\/ZZwPagIQ==","target_peer_id":"broadcast","target_device_ids":["broadcast"],"kind":"dispatched","reason":"legacy_beacon_fallback","adapter":"ble_android","outcome_at_ms":184057457}
05-17 05:19:45.454 28977 28977 I MeshxBleDispatch: {"v":1,"event":"legacy_beacon_advertising_started","attempt_id":"selftest-1779020385395","beacon_size":22,"beacon":"TUIBAQEAKy8lPY9bEKAS94VXUXoT+Q==","message_id_hash":"Ky8lPY9bEKA=","sender_peer_id_hash":"EveFV1F6E\/k=","payload_kind":"TX","envelope_version":1,"window_ms":5000,"data_carrier":"legacy_advertisement"}
05-17 05:19:52.443 28977 29047 I MeshxBleDispatch: {"v":1,"event":"ble_capabilities","supports_extended_advertising":true,"max_advertising_data_length":1024,"is_multiple_advertisement_supported":true,"legacy_manufacturer_payload_budget":24}
05-17 05:19:52.461 28977 29047 I MeshxBleDispatch: {"v":1,"event":"attempt_outcome","attempt_id":"selftest-1779020392433","message_id":"\/vnx0B4J6vzmDXo+yrwBFw==","target_peer_id":"broadcast","target_device_ids":["broadcast"],"kind":"dispatched","reason":"legacy_beacon_fallback","adapter":"ble_android","outcome_at_ms":184064495}
05-17 05:19:52.486 28977 28977 I MeshxBleDispatch: {"v":1,"event":"legacy_beacon_advertising_started","attempt_id":"selftest-1779020392433","beacon_size":22,"beacon":"TUIBAQEAMiEZOtJVOQoS94VXUXoT+Q==","message_id_hash":"MiEZOtJVOQo=","sender_peer_id_hash":"EveFV1F6E\/k=","payload_kind":"TX","envelope_version":1,"window_ms":5000,"data_carrier":"legacy_advertisement"}
05-17 05:19:59.476 28977 29047 I MeshxBleDispatch: {"v":1,"event":"ble_capabilities","supports_extended_advertising":true,"max_advertising_data_length":1024,"is_multiple_advertisement_supported":true,"legacy_manufacturer_payload_budget":24}
05-17 05:19:59.490 28977 29047 I MeshxBleDispatch: {"v":1,"event":"attempt_outcome","attempt_id":"selftest-1779020399468","message_id":"pgXJb7xyQ6quGe+zg3lvOQ==","target_peer_id":"broadcast","target_device_ids":["broadcast"],"kind":"dispatched","reason":"legacy_beacon_fallback","adapter":"ble_android","outcome_at_ms":184071530}
05-17 05:19:59.518 28977 28977 I MeshxBleDispatch: {"v":1,"event":"legacy_beacon_advertising_started","attempt_id":"selftest-1779020399468","beacon_size":22,"beacon":"TUIBAQEAva+WkpGkVMQS94VXUXoT+Q==","message_id_hash":"va+WkpGkVMQ=","sender_peer_id_hash":"EveFV1F6E\/k=","payload_kind":"TX","envelope_version":1,"window_ms":5000,"data_carrier":"legacy_advertisement"}
05-17 05:20:06.508 28977 29047 I MeshxBleDispatch: {"v":1,"event":"ble_capabilities","supports_extended_advertising":true,"max_advertising_data_length":1024,"is_multiple_advertisement_supported":true,"legacy_manufacturer_payload_budget":24}
05-17 05:20:06.533 28977 29047 I MeshxBleDispatch: {"v":1,"event":"attempt_outcome","attempt_id":"selftest-1779020406497","message_id":"VLDwlt5ATdooEOx95nfKbA==","target_peer_id":"broadcast","target_device_ids":["broadcast"],"kind":"dispatched","reason":"legacy_beacon_fallback","adapter":"ble_android","outcome_at_ms":184078558}
05-17 05:20:06.556 28977 28977 I MeshxBleDispatch: {"v":1,"event":"legacy_beacon_advertising_started","attempt_id":"selftest-1779020406497","beacon_size":22,"beacon":"TUIBAQEAxpP6EMfJH1QS94VXUXoT+Q==","message_id_hash":"xpP6EMfJH1Q=","sender_peer_id_hash":"EveFV1F6E\/k=","payload_kind":"TX","envelope_version":1,"window_ms":5000,"data_carrier":"legacy_advertisement"}
05-17 05:20:13.554 28977 29047 I MeshxBleDispatch: {"v":1,"event":"ble_capabilities","supports_extended_advertising":true,"max_advertising_data_length":1024,"is_multiple_advertisement_supported":true,"legacy_manufacturer_payload_budget":24}
05-17 05:20:13.572 28977 29047 I MeshxBleDispatch: {"v":1,"event":"attempt_outcome","attempt_id":"selftest-1779020413541","message_id":"XNdZPZfMBKYFqbEfcI6loQ==","target_peer_id":"broadcast","target_device_ids":["broadcast"],"kind":"dispatched","reason":"legacy_beacon_fallback","adapter":"ble_android","outcome_at_ms":184085602}
05-17 05:20:13.598 28977 28977 I MeshxBleDispatch: {"v":1,"event":"legacy_beacon_advertising_started","attempt_id":"selftest-1779020413541","beacon_size":22,"beacon":"TUIBAQEANZn55Pz\/UCUS94VXUXoT+Q==","message_id_hash":"NZn55Pz\/UCU=","sender_peer_id_hash":"EveFV1F6E\/k=","payload_kind":"TX","envelope_version":1,"window_ms":5000,"data_carrier":"legacy_advertisement"}
05-17 05:20:20.589 28977 29047 I MeshxBleDispatch: {"v":1,"event":"ble_capabilities","supports_extended_advertising":true,"max_advertising_data_length":1024,"is_multiple_advertisement_supported":true,"legacy_manufacturer_payload_budget":24}
05-17 05:20:20.608 28977 29047 I MeshxBleDispatch: {"v":1,"event":"attempt_outcome","attempt_id":"selftest-1779020420578","message_id":"aJemeeMuXbfOjRQU02e18A==","target_peer_id":"broadcast","target_device_ids":["broadcast"],"kind":"dispatched","reason":"legacy_beacon_fallback","adapter":"ble_android","outcome_at_ms":184092640}
05-17 05:20:20.636 28977 28977 I MeshxBleDispatch: {"v":1,"event":"legacy_beacon_advertising_started","attempt_id":"selftest-1779020420578","beacon_size":22,"beacon":"TUIBAQEAu\/p7mRc1BToS94VXUXoT+Q==","message_id_hash":"u\/p7mRc1BTo=","sender_peer_id_hash":"EveFV1F6E\/k=","payload_kind":"TX","envelope_version":1,"window_ms":5000,"data_carrier":"legacy_advertisement"}
05-17 05:20:27.621 28977 29047 I MeshxBleDispatch: {"v":1,"event":"ble_capabilities","supports_extended_advertising":true,"max_advertising_data_length":1024,"is_multiple_advertisement_supported":true,"legacy_manufacturer_payload_budget":24}
05-17 05:20:27.638 28977 29047 I MeshxBleDispatch: {"v":1,"event":"attempt_outcome","attempt_id":"selftest-1779020427614","message_id":"jq2KlANpaMR6+n41Q28MKw==","target_peer_id":"broadcast","target_device_ids":["broadcast"],"kind":"dispatched","reason":"legacy_beacon_fallback","adapter":"ble_android","outcome_at_ms":184099675}
05-17 05:20:27.662 28977 28977 I MeshxBleDispatch: {"v":1,"event":"legacy_beacon_advertising_started","attempt_id":"selftest-1779020427614","beacon_size":22,"beacon":"TUIBAQEAetHWCGoR4YwS94VXUXoT+Q==","message_id_hash":"etHWCGoR4Yw=","sender_peer_id_hash":"EveFV1F6E\/k=","payload_kind":"TX","envelope_version":1,"window_ms":5000,"data_carrier":"legacy_advertisement"}
05-17 05:20:34.652 28977 29047 I MeshxBleDispatch: {"v":1,"event":"ble_capabilities","supports_extended_advertising":true,"max_advertising_data_length":1024,"is_multiple_advertisement_supported":true,"legacy_manufacturer_payload_budget":24}
05-17 05:20:34.672 28977 29047 I MeshxBleDispatch: {"v":1,"event":"attempt_outcome","attempt_id":"selftest-1779020434643","message_id":"oyROXc0EGSlQ\/y5fzi3vzQ==","target_peer_id":"broadcast","target_device_ids":["broadcast"],"kind":"dispatched","reason":"legacy_beacon_fallback","adapter":"ble_android","outcome_at_ms":184106705}
05-17 05:20:34.693 28977 28977 I MeshxBleDispatch: {"v":1,"event":"legacy_beacon_advertising_started","attempt_id":"selftest-1779020434643","beacon_size":22,"beacon":"TUIBAQEAP3Sv5FC9G+oS94VXUXoT+Q==","message_id_hash":"P3Sv5FC9G+o=","sender_peer_id_hash":"EveFV1F6E\/k=","payload_kind":"TX","envelope_version":1,"window_ms":5000,"data_carrier":"legacy_advertisement"}
05-17 05:20:41.685 28977 29047 I MeshxBleDispatch: {"v":1,"event":"ble_capabilities","supports_extended_advertising":true,"max_advertising_data_length":1024,"is_multiple_advertisement_supported":true,"legacy_manufacturer_payload_budget":24}
05-17 05:20:41.703 28977 29047 I MeshxBleDispatch: {"v":1,"event":"attempt_outcome","attempt_id":"selftest-1779020441678","message_id":"C+25Ry8+07OhGF3sx4pxrw==","target_peer_id":"broadcast","target_device_ids":["broadcast"],"kind":"dispatched","reason":"legacy_beacon_fallback","adapter":"ble_android","outcome_at_ms":184113739}
05-17 05:20:41.730 28977 28977 I MeshxBleDispatch: {"v":1,"event":"legacy_beacon_advertising_started","attempt_id":"selftest-1779020441678","beacon_size":22,"beacon":"TUIBAQEAKceJzxg0lxYS94VXUXoT+Q==","message_id_hash":"KceJzxg0lxY=","sender_peer_id_hash":"EveFV1F6E\/k=","payload_kind":"TX","envelope_version":1,"window_ms":5000,"data_carrier":"legacy_advertisement"}
