6:05-17 05:44:40.510 29233 29283 I MobBleDispatch: {"v":1,"event":"ble_capabilities","supports_extended_advertising":true,"max_advertising_data_length":1024,"is_multiple_advertisement_supported":true,"legacy_manufacturer_payload_budget":24}
18:05-17 05:44:40.524 29233 29283 I MobBleDispatch: {"v":1,"event":"attempt_outcome","attempt_id":"selftest-1779021880500","message_id":"Z93qJUfePbpWTdmnhYL18w==","target_peer_id":"broadcast","target_device_ids":["broadcast"],"kind":"dispatched","reason":"legacy_beacon_fallback","adapter":"ble_android","outcome_at_ms":185552561}
19:05-17 05:44:40.526 29233 29283 I MobBleNative: sendToPeer(broadcast, 31B) -> DISPATCHED reason=legacy_beacon_fallback
20:05-17 05:44:40.526 29233 29283 I Elixir  : BleSelfTest: MESH MESSAGE SENT payload="hello-from-mob-dev-1779021880" result=:ok
21:05-17 05:44:40.528 29233 29283 W Elixir  : BleSelfTest: bridge error unknown: {"v":1,"event":"attempt_outcome","attempt_id":"selftest-1779021880500","message_id":"Z93qJUfePbpWTdmnhYL18w==","target_peer_id":"broadcast","target_device_ids":["broadcast"],"kind":"dispatched","reason":"legacy_beacon_fallback","adapter":"ble_android","outcome_at_ms":185552561}
22:05-17 05:44:40.530 29233 29269 I BEAMout : 05:44:40.526 [info] BleSelfTest: MESH MESSAGE SENT payload="hello-from-mob-dev-1779021880" result=:ok
23:05-17 05:44:40.530 29233 29269 I BEAMout : 05:44:40.528 [warning] BleSelfTest: bridge error unknown: {"v":1,"event":"attempt_outcome","attempt_id":"selftest-1779021880500","message_id":"Z93qJUfePbpWTdmnhYL18w==","target_peer_id":"broadcast","target_device_ids":["broadcast"],"kind":"dispatched","reason":"legacy_beacon_fallback","adapter":"ble_android","outcome_at_ms":185552561}
26:05-17 05:44:40.556 29233 29233 I MobBleDispatch: {"v":1,"event":"legacy_beacon_advertising_started","attempt_id":"selftest-1779021880500","beacon_size":22,"beacon":"TUIBAQEAnSoCIuGw2l0S94VXUXoT+Q==","message_id_hash":"nSoCIuGw2l0=","sender_peer_id_hash":"EveFV1F6E\/k=","payload_kind":"TX","envelope_version":1,"window_ms":5000,"data_carrier":"legacy_advertisement"}
261:05-17 05:44:41.161 29576 29576 I MobBleNif: mob_ble_cache_class: MobBleNative cached
282:05-17 05:44:41.206 29576 29576 I MobBleNative: init: application context set
411:05-17 05:44:46.658 29576 29623 I Elixir  : BleSelfTest: starting scan + advertising as mob-dev
418:05-17 05:44:46.683 29576 29623 D BluetoothLeScanner: Start Scan with callback
422:05-17 05:44:46.689 29576 29586 D BluetoothLeScanner: onScannerRegistered() - status=0 scannerId=1 mScannerId=0
442:05-17 05:44:46.757 29576 29613 I BEAMout : 05:44:46.658 [info] BleSelfTest: starting scan + advertising as mob-dev
448:05-17 05:44:46.894 29576 29623 I Elixir  : BleSelfTest: start_scan=:ok start_advertising=:ok
449:05-17 05:44:46.896 29576 29613 I BEAMout : 05:44:46.894 [info] BleSelfTest: start_scan=:ok start_advertising=:ok
461:05-17 05:44:51.896 29576 29623 I Elixir  : BleSelfTest: HEARTBEAT events=0 devices=0 mob_peers=0 sent=0 distinct_msgs=0 beacon_callbacks=0 envelopes=0
462:05-17 05:44:51.896 29576 29613 I BEAMout : 05:44:51.896 [info] BleSelfTest: HEARTBEAT events=0 devices=0 mob_peers=0 sent=0 distinct_msgs=0 beacon_callbacks=0 envelopes=0
468:05-17 05:44:53.910 29576 29623 I MobBleDispatch: {"v":1,"event":"ble_capabilities","supports_extended_advertising":true,"max_advertising_data_length":1024,"is_multiple_advertisement_supported":true,"legacy_manufacturer_payload_budget":24}
480:05-17 05:44:53.926 29576 29623 I MobBleDispatch: {"v":1,"event":"attempt_outcome","attempt_id":"selftest-1779021893898","message_id":"YXueTdC0\/NhVSTmnilLaDQ==","target_peer_id":"broadcast","target_device_ids":["broadcast"],"kind":"dispatched","reason":"legacy_beacon_fallback","adapter":"ble_android","outcome_at_ms":185565960}
481:05-17 05:44:53.931 29576 29623 I MobBleNative: sendToPeer(broadcast, 31B) -> DISPATCHED reason=legacy_beacon_fallback
482:05-17 05:44:53.944 29576 29623 I Elixir  : BleSelfTest: MESH MESSAGE SENT payload="hello-from-mob-dev-1779021893" result=:ok
483:05-17 05:44:53.945 29576 29613 I BEAMout : 05:44:53.944 [info] BleSelfTest: MESH MESSAGE SENT payload="hello-from-mob-dev-1779021893" result=:ok
486:05-17 05:44:53.973 29576 29576 I MobBleDispatch: {"v":1,"event":"legacy_beacon_advertising_started","attempt_id":"selftest-1779021893898","beacon_size":22,"beacon":"TUIBAQEA6XbCDpZQQQoS94VXUXoT+Q==","message_id_hash":"6XbCDpZQQQo=","sender_peer_id_hash":"EveFV1F6E\/k=","payload_kind":"TX","envelope_version":1,"window_ms":5000,"data_carrier":"legacy_advertisement"}
487:05-17 05:44:54.009 29576 29623 W Elixir  : BleSelfTest: bridge error unknown: {"v":1,"event":"attempt_outcome","attempt_id":"selftest-1779021893898","message_id":"YXueTdC0\/NhVSTmnilLaDQ==","target_peer_id":"broadcast","target_device_ids":["broadcast"],"kind":"dispatched","reason":"legacy_beacon_fallback","adapter":"ble_android","outcome_at_ms":185565960}
488:05-17 05:44:54.010 29576 29613 I BEAMout : 05:44:54.009 [warning] BleSelfTest: bridge error unknown: {"v":1,"event":"attempt_outcome","attempt_id":"selftest-1779021893898","message_id":"YXueTdC0\/NhVSTmnilLaDQ==","target_peer_id":"broadcast","target_device_ids":["broadcast"],"kind":"dispatched","reason":"legacy_beacon_fallback","adapter":"ble_android","outcome_at_ms":185565960}
489:05-17 05:44:56.897 29576 29623 I Elixir  : BleSelfTest: HEARTBEAT events=1 devices=0 mob_peers=0 sent=1 distinct_msgs=0 beacon_callbacks=0 envelopes=0
490:05-17 05:44:56.898 29576 29613 I BEAMout : 05:44:56.897 [info] BleSelfTest: HEARTBEAT events=1 devices=0 mob_peers=0 sent=1 distinct_msgs=0 beacon_callbacks=0 envelopes=0
512:05-17 05:45:00.952 29576 29623 I MobBleDispatch: {"v":1,"event":"ble_capabilities","supports_extended_advertising":true,"max_advertising_data_length":1024,"is_multiple_advertisement_supported":true,"legacy_manufacturer_payload_budget":24}
524:05-17 05:45:00.964 29576 29623 I MobBleDispatch: {"v":1,"event":"attempt_outcome","attempt_id":"selftest-1779021900947","message_id":"A6Mll7daf02rJOyxT+4tcw==","target_peer_id":"broadcast","target_device_ids":["broadcast"],"kind":"dispatched","reason":"legacy_beacon_fallback","adapter":"ble_android","outcome_at_ms":185573008}
525:05-17 05:45:00.965 29576 29623 I MobBleNative: sendToPeer(broadcast, 31B) -> DISPATCHED reason=legacy_beacon_fallback
526:05-17 05:45:00.965 29576 29623 I Elixir  : BleSelfTest: MESH MESSAGE SENT payload="hello-from-mob-dev-1779021900" result=:ok
527:05-17 05:45:00.966 29576 29623 W Elixir  : BleSelfTest: bridge error unknown: {"v":1,"event":"attempt_outcome","attempt_id":"selftest-1779021900947","message_id":"A6Mll7daf02rJOyxT+4tcw==","target_peer_id":"broadcast","target_device_ids":["broadcast"],"kind":"dispatched","reason":"legacy_beacon_fallback","adapter":"ble_android","outcome_at_ms":185573008}
528:05-17 05:45:00.968 29576 29613 I BEAMout : 05:45:00.965 [info] BleSelfTest: MESH MESSAGE SENT payload="hello-from-mob-dev-1779021900" result=:ok
529:05-17 05:45:00.968 29576 29613 I BEAMout : 05:45:00.966 [warning] BleSelfTest: bridge error unknown: {"v":1,"event":"attempt_outcome","attempt_id":"selftest-1779021900947","message_id":"A6Mll7daf02rJOyxT+4tcw==","target_peer_id":"broadcast","target_device_ids":["broadcast"],"kind":"dispatched","reason":"legacy_beacon_fallback","adapter":"ble_android","outcome_at_ms":185573008}
532:05-17 05:45:01.016 29576 29576 I MobBleDispatch: {"v":1,"event":"legacy_beacon_advertising_started","attempt_id":"selftest-1779021900947","beacon_size":22,"beacon":"TUIBAQEAO\/OebJeOCWgS94VXUXoT+Q==","message_id_hash":"O\/OebJeOCWg=","sender_peer_id_hash":"EveFV1F6E\/k=","payload_kind":"TX","envelope_version":1,"window_ms":5000,"data_carrier":"legacy_advertisement"}
533:05-17 05:45:01.899 29576 29623 I Elixir  : BleSelfTest: HEARTBEAT events=2 devices=0 mob_peers=0 sent=2 distinct_msgs=0 beacon_callbacks=0 envelopes=0
534:05-17 05:45:01.900 29576 29613 I BEAMout : 05:45:01.899 [info] BleSelfTest: HEARTBEAT events=2 devices=0 mob_peers=0 sent=2 distinct_msgs=0 beacon_callbacks=0 envelopes=0
543:05-17 05:45:06.901 29576 29623 I Elixir  : BleSelfTest: HEARTBEAT events=2 devices=0 mob_peers=0 sent=2 distinct_msgs=0 beacon_callbacks=0 envelopes=0
544:05-17 05:45:06.902 29576 29613 I BEAMout : 05:45:06.900 [info] BleSelfTest: HEARTBEAT events=2 devices=0 mob_peers=0 sent=2 distinct_msgs=0 beacon_callbacks=0 envelopes=0
551:05-17 05:45:07.974 29576 29623 I MobBleDispatch: {"v":1,"event":"ble_capabilities","supports_extended_advertising":true,"max_advertising_data_length":1024,"is_multiple_advertisement_supported":true,"legacy_manufacturer_payload_budget":24}
563:05-17 05:45:07.989 29576 29623 I MobBleDispatch: {"v":1,"event":"attempt_outcome","attempt_id":"selftest-1779021907968","message_id":"HgCN9yGU79QXtMQMjk7bog==","target_peer_id":"broadcast","target_device_ids":["broadcast"],"kind":"dispatched","reason":"legacy_beacon_fallback","adapter":"ble_android","outcome_at_ms":185580029}
564:05-17 05:45:07.991 29576 29623 I MobBleNative: sendToPeer(broadcast, 31B) -> DISPATCHED reason=legacy_beacon_fallback
565:05-17 05:45:07.992 29576 29623 I Elixir  : BleSelfTest: MESH MESSAGE SENT payload="hello-from-mob-dev-1779021907" result=:ok
566:05-17 05:45:07.993 29576 29623 W Elixir  : BleSelfTest: bridge error unknown: {"v":1,"event":"attempt_outcome","attempt_id":"selftest-1779021907968","message_id":"HgCN9yGU79QXtMQMjk7bog==","target_peer_id":"broadcast","target_device_ids":["broadcast"],"kind":"dispatched","reason":"legacy_beacon_fallback","adapter":"ble_android","outcome_at_ms":185580029}
567:05-17 05:45:07.995 29576 29613 I BEAMout : 05:45:07.992 [info] BleSelfTest: MESH MESSAGE SENT payload="hello-from-mob-dev-1779021907" result=:ok
568:05-17 05:45:07.996 29576 29613 I BEAMout : 05:45:07.993 [warning] BleSelfTest: bridge error unknown: {"v":1,"event":"attempt_outcome","attempt_id":"selftest-1779021907968","message_id":"HgCN9yGU79QXtMQMjk7bog==","target_peer_id":"broadcast","target_device_ids":["broadcast"],"kind":"dispatched","reason":"legacy_beacon_fallback","adapter":"ble_android","outcome_at_ms":185580029}
571:05-17 05:45:08.045 29576 29576 I MobBleDispatch: {"v":1,"event":"legacy_beacon_advertising_started","attempt_id":"selftest-1779021907968","beacon_size":22,"beacon":"TUIBAQEARg0f6c1qMXoS94VXUXoT+Q==","message_id_hash":"Rg0f6c1qMXo=","sender_peer_id_hash":"EveFV1F6E\/k=","payload_kind":"TX","envelope_version":1,"window_ms":5000,"data_carrier":"legacy_advertisement"}
574:05-17 05:45:11.902 29576 29623 I Elixir  : BleSelfTest: HEARTBEAT events=3 devices=0 mob_peers=0 sent=3 distinct_msgs=0 beacon_callbacks=0 envelopes=0
575:05-17 05:45:11.903 29576 29613 I BEAMout : 05:45:11.902 [info] BleSelfTest: HEARTBEAT events=3 devices=0 mob_peers=0 sent=3 distinct_msgs=0 beacon_callbacks=0 envelopes=0
591:05-17 05:45:14.999 29576 29623 I MobBleDispatch: {"v":1,"event":"ble_capabilities","supports_extended_advertising":true,"max_advertising_data_length":1024,"is_multiple_advertisement_supported":true,"legacy_manufacturer_payload_budget":24}
603:05-17 05:45:15.012 29576 29623 I MobBleDispatch: {"v":1,"event":"attempt_outcome","attempt_id":"selftest-1779021914995","message_id":"Feo5yDhSJuszmovTHi0Nsw==","target_peer_id":"broadcast","target_device_ids":["broadcast"],"kind":"dispatched","reason":"legacy_beacon_fallback","adapter":"ble_android","outcome_at_ms":185587056}
604:05-17 05:45:15.013 29576 29623 I MobBleNative: sendToPeer(broadcast, 31B) -> DISPATCHED reason=legacy_beacon_fallback
605:05-17 05:45:15.014 29576 29623 I Elixir  : BleSelfTest: MESH MESSAGE SENT payload="hello-from-mob-dev-1779021914" result=:ok
606:05-17 05:45:15.016 29576 29623 W Elixir  : BleSelfTest: bridge error unknown: {"v":1,"event":"attempt_outcome","attempt_id":"selftest-1779021914995","message_id":"Feo5yDhSJuszmovTHi0Nsw==","target_peer_id":"broadcast","target_device_ids":["broadcast"],"kind":"dispatched","reason":"legacy_beacon_fallback","adapter":"ble_android","outcome_at_ms":185587056}
607:05-17 05:45:15.018 29576 29613 I BEAMout : 05:45:15.014 [info] BleSelfTest: MESH MESSAGE SENT payload="hello-from-mob-dev-1779021914" result=:ok
608:05-17 05:45:15.019 29576 29613 I BEAMout : 05:45:15.015 [warning] BleSelfTest: bridge error unknown: {"v":1,"event":"attempt_outcome","attempt_id":"selftest-1779021914995","message_id":"Feo5yDhSJuszmovTHi0Nsw==","target_peer_id":"broadcast","target_device_ids":["broadcast"],"kind":"dispatched","reason":"legacy_beacon_fallback","adapter":"ble_android","outcome_at_ms":185587056}
611:05-17 05:45:15.038 29576 29576 I MobBleDispatch: {"v":1,"event":"legacy_beacon_advertising_started","attempt_id":"selftest-1779021914995","beacon_size":22,"beacon":"TUIBAQEALUmnmk1lMu0S94VXUXoT+Q==","message_id_hash":"LUmnmk1lMu0=","sender_peer_id_hash":"EveFV1F6E\/k=","payload_kind":"TX","envelope_version":1,"window_ms":5000,"data_carrier":"legacy_advertisement"}
612:05-17 05:45:16.903 29576 29623 I Elixir  : BleSelfTest: HEARTBEAT events=4 devices=0 mob_peers=0 sent=4 distinct_msgs=0 beacon_callbacks=0 envelopes=0
613:05-17 05:45:16.904 29576 29613 I BEAMout : 05:45:16.903 [info] BleSelfTest: HEARTBEAT events=4 devices=0 mob_peers=0 sent=4 distinct_msgs=0 beacon_callbacks=0 envelopes=0
630:05-17 05:45:21.905 29576 29623 I Elixir  : BleSelfTest: HEARTBEAT events=4 devices=0 mob_peers=0 sent=4 distinct_msgs=0 beacon_callbacks=0 envelopes=0
631:05-17 05:45:21.907 29576 29613 I BEAMout : 05:45:21.905 [info] BleSelfTest: HEARTBEAT events=4 devices=0 mob_peers=0 sent=4 distinct_msgs=0 beacon_callbacks=0 envelopes=0
637:05-17 05:45:22.023 29576 29623 I MobBleDispatch: {"v":1,"event":"ble_capabilities","supports_extended_advertising":true,"max_advertising_data_length":1024,"is_multiple_advertisement_supported":true,"legacy_manufacturer_payload_budget":24}
649:05-17 05:45:22.040 29576 29623 I MobBleDispatch: {"v":1,"event":"attempt_outcome","attempt_id":"selftest-1779021922017","message_id":"3l9dUElXeKdj4dgsT06HkQ==","target_peer_id":"broadcast","target_device_ids":["broadcast"],"kind":"dispatched","reason":"legacy_beacon_fallback","adapter":"ble_android","outcome_at_ms":185594078}
650:05-17 05:45:22.041 29576 29623 I MobBleNative: sendToPeer(broadcast, 31B) -> DISPATCHED reason=legacy_beacon_fallback
651:05-17 05:45:22.042 29576 29623 I Elixir  : BleSelfTest: MESH MESSAGE SENT payload="hello-from-mob-dev-1779021922" result=:ok
652:05-17 05:45:22.043 29576 29623 W Elixir  : BleSelfTest: bridge error unknown: {"v":1,"event":"attempt_outcome","attempt_id":"selftest-1779021922017","message_id":"3l9dUElXeKdj4dgsT06HkQ==","target_peer_id":"broadcast","target_device_ids":["broadcast"],"kind":"dispatched","reason":"legacy_beacon_fallback","adapter":"ble_android","outcome_at_ms":185594078}
653:05-17 05:45:22.044 29576 29613 I BEAMout : 05:45:22.042 [info] BleSelfTest: MESH MESSAGE SENT payload="hello-from-mob-dev-1779021922" result=:ok
654:05-17 05:45:22.047 29576 29613 I BEAMout : 05:45:22.043 [warning] BleSelfTest: bridge error unknown: {"v":1,"event":"attempt_outcome","attempt_id":"selftest-1779021922017","message_id":"3l9dUElXeKdj4dgsT06HkQ==","target_peer_id":"broadcast","target_device_ids":["broadcast"],"kind":"dispatched","reason":"legacy_beacon_fallback","adapter":"ble_android","outcome_at_ms":185594078}
657:05-17 05:45:22.094 29576 29576 I MobBleDispatch: {"v":1,"event":"legacy_beacon_advertising_started","attempt_id":"selftest-1779021922017","beacon_size":22,"beacon":"TUIBAQEAcyjq0lULaHcS94VXUXoT+Q==","message_id_hash":"cyjq0lULaHc=","sender_peer_id_hash":"EveFV1F6E\/k=","payload_kind":"TX","envelope_version":1,"window_ms":5000,"data_carrier":"legacy_advertisement"}
661:05-17 05:45:26.907 29576 29623 I Elixir  : BleSelfTest: HEARTBEAT events=5 devices=0 mob_peers=0 sent=5 distinct_msgs=0 beacon_callbacks=0 envelopes=0
662:05-17 05:45:26.908 29576 29613 I BEAMout : 05:45:26.907 [info] BleSelfTest: HEARTBEAT events=5 devices=0 mob_peers=0 sent=5 distinct_msgs=0 beacon_callbacks=0 envelopes=0
678:05-17 05:45:29.051 29576 29623 I MobBleDispatch: {"v":1,"event":"ble_capabilities","supports_extended_advertising":true,"max_advertising_data_length":1024,"is_multiple_advertisement_supported":true,"legacy_manufacturer_payload_budget":24}
690:05-17 05:45:29.069 29576 29623 I MobBleDispatch: {"v":1,"event":"attempt_outcome","attempt_id":"selftest-1779021929045","message_id":"\/9o8oiLV05QDaeKZozC4\/w==","target_peer_id":"broadcast","target_device_ids":["broadcast"],"kind":"dispatched","reason":"legacy_beacon_fallback","adapter":"ble_android","outcome_at_ms":185601106}
691:05-17 05:45:29.071 29576 29623 I MobBleNative: sendToPeer(broadcast, 31B) -> DISPATCHED reason=legacy_beacon_fallback
692:05-17 05:45:29.072 29576 29623 I Elixir  : BleSelfTest: MESH MESSAGE SENT payload="hello-from-mob-dev-1779021929" result=:ok
693:05-17 05:45:29.073 29576 29623 W Elixir  : BleSelfTest: bridge error unknown: {"v":1,"event":"attempt_outcome","attempt_id":"selftest-1779021929045","message_id":"\/9o8oiLV05QDaeKZozC4\/w==","target_peer_id":"broadcast","target_device_ids":["broadcast"],"kind":"dispatched","reason":"legacy_beacon_fallback","adapter":"ble_android","outcome_at_ms":185601106}
694:05-17 05:45:29.074 29576 29613 I BEAMout : 05:45:29.071 [info] BleSelfTest: MESH MESSAGE SENT payload="hello-from-mob-dev-1779021929" result=:ok
695:05-17 05:45:29.075 29576 29613 I BEAMout : 05:45:29.072 [warning] BleSelfTest: bridge error unknown: {"v":1,"event":"attempt_outcome","attempt_id":"selftest-1779021929045","message_id":"\/9o8oiLV05QDaeKZozC4\/w==","target_peer_id":"broadcast","target_device_ids":["broadcast"],"kind":"dispatched","reason":"legacy_beacon_fallback","adapter":"ble_android","outcome_at_ms":185601106}
698:05-17 05:45:29.095 29576 29576 I MobBleDispatch: {"v":1,"event":"legacy_beacon_advertising_started","attempt_id":"selftest-1779021929045","beacon_size":22,"beacon":"TUIBAQEA73kpwz2KzU8S94VXUXoT+Q==","message_id_hash":"73kpwz2KzU8=","sender_peer_id_hash":"EveFV1F6E\/k=","payload_kind":"TX","envelope_version":1,"window_ms":5000,"data_carrier":"legacy_advertisement"}
702:05-17 05:45:31.909 29576 29623 I Elixir  : BleSelfTest: HEARTBEAT events=6 devices=0 mob_peers=0 sent=6 distinct_msgs=0 beacon_callbacks=0 envelopes=0
703:05-17 05:45:31.910 29576 29613 I BEAMout : 05:45:31.909 [info] BleSelfTest: HEARTBEAT events=6 devices=0 mob_peers=0 sent=6 distinct_msgs=0 beacon_callbacks=0 envelopes=0
717:05-17 05:45:36.080 29576 29623 I MobBleDispatch: {"v":1,"event":"ble_capabilities","supports_extended_advertising":true,"max_advertising_data_length":1024,"is_multiple_advertisement_supported":true,"legacy_manufacturer_payload_budget":24}
729:05-17 05:45:36.097 29576 29623 I MobBleDispatch: {"v":1,"event":"attempt_outcome","attempt_id":"selftest-1779021936074","message_id":"5FPR2zWRJ6KP6PIWf9awjg==","target_peer_id":"broadcast","target_device_ids":["broadcast"],"kind":"dispatched","reason":"legacy_beacon_fallback","adapter":"ble_android","outcome_at_ms":185608135}
730:05-17 05:45:36.098 29576 29623 I MobBleNative: sendToPeer(broadcast, 31B) -> DISPATCHED reason=legacy_beacon_fallback
731:05-17 05:45:36.098 29576 29623 I Elixir  : BleSelfTest: MESH MESSAGE SENT payload="hello-from-mob-dev-1779021936" result=:ok
732:05-17 05:45:36.100 29576 29623 W Elixir  : BleSelfTest: bridge error unknown: {"v":1,"event":"attempt_outcome","attempt_id":"selftest-1779021936074","message_id":"5FPR2zWRJ6KP6PIWf9awjg==","target_peer_id":"broadcast","target_device_ids":["broadcast"],"kind":"dispatched","reason":"legacy_beacon_fallback","adapter":"ble_android","outcome_at_ms":185608135}
733:05-17 05:45:36.101 29576 29613 I BEAMout : 05:45:36.098 [info] BleSelfTest: MESH MESSAGE SENT payload="hello-from-mob-dev-1779021936" result=:ok
734:05-17 05:45:36.102 29576 29613 I BEAMout : 05:45:36.099 [warning] BleSelfTest: bridge error unknown: {"v":1,"event":"attempt_outcome","attempt_id":"selftest-1779021936074","message_id":"5FPR2zWRJ6KP6PIWf9awjg==","target_peer_id":"broadcast","target_device_ids":["broadcast"],"kind":"dispatched","reason":"legacy_beacon_fallback","adapter":"ble_android","outcome_at_ms":185608135}
737:05-17 05:45:36.146 29576 29576 I MobBleDispatch: {"v":1,"event":"legacy_beacon_advertising_started","attempt_id":"selftest-1779021936074","beacon_size":22,"beacon":"TUIBAQEARwVkofHc5TQS94VXUXoT+Q==","message_id_hash":"RwVkofHc5TQ=","sender_peer_id_hash":"EveFV1F6E\/k=","payload_kind":"TX","envelope_version":1,"window_ms":5000,"data_carrier":"legacy_advertisement"}
738:05-17 05:45:36.911 29576 29623 I Elixir  : BleSelfTest: HEARTBEAT events=7 devices=0 mob_peers=0 sent=7 distinct_msgs=0 beacon_callbacks=0 envelopes=0
739:05-17 05:45:36.913 29576 29613 I BEAMout : 05:45:36.911 [info] BleSelfTest: HEARTBEAT events=7 devices=0 mob_peers=0 sent=7 distinct_msgs=0 beacon_callbacks=0 envelopes=0
