05:44:47  Acquired tunnel connection to device.
05:44:47  Enabling developer disk image services.
05:44:47  Acquired usage assertion.
Launched application with dev.mob.node.harness bundle identifier.
Waiting for the application to terminate…
MobMessageObserver: beacon_dispatch_started sender_peer_id=ios-harness-DE669730
MobMessageObserver: state CBManagerState(rawValue: 5)
MobMessageObserver: beacon_dispatched seq=1 message_id=85b14f0508384811d5b952582983a930 sender_peer_id=ios-harness-DE669730 sender_peer_id_hash=1032dc6f4584999f
MobMessageObserver: peripheral_advertising_started
MobMessageObserver: beacon_dispatched seq=2 message_id=f015e4a255cb36d371eb4bc8a3891577 sender_peer_id=ios-harness-DE669730 sender_peer_id_hash=1032dc6f4584999f
MobMessageObserver: peripheral_advertising_started
MobMessageObserver: beacon_dispatched seq=3 message_id=7980535cca9f3458559c1e4b23a96a40 sender_peer_id=ios-harness-DE669730 sender_peer_id_hash=1032dc6f4584999f
MobMessageObserver: peripheral_advertising_started
MobMessageObserver: beacon_dispatched seq=4 message_id=8fae4f345a77b226088ac81051e84a8f sender_peer_id=ios-harness-DE669730 sender_peer_id_hash=1032dc6f4584999f
MobMessageObserver: peripheral_advertising_started
MobMessageObserver: beacon_dispatched seq=5 message_id=c2ed259b0736c94996e5362780cd0457 sender_peer_id=ios-harness-DE669730 sender_peer_id_hash=1032dc6f4584999f
MobMessageObserver: peripheral_advertising_started
MobMessageObserver: beacon_dispatched seq=6 message_id=995375892431258c0b25b731e2ec1d0d sender_peer_id=ios-harness-DE669730 sender_peer_id_hash=1032dc6f4584999f
MobMessageObserver: peripheral_advertising_started
MobMessageObserver: beacon_dispatched seq=7 message_id=5368d4d0a5bfe1989a53633a0988758a sender_peer_id=ios-harness-DE669730 sender_peer_id_hash=1032dc6f4584999f
MobMessageObserver: peripheral_advertising_started
MobMessageObserver: beacon_dispatched seq=8 message_id=b0e639b0742b09fa3a77f12cb548b3b3 sender_peer_id=ios-harness-DE669730 sender_peer_id_hash=1032dc6f4584999f
MobMessageObserver: peripheral_advertising_started
MobMessageObserver: beacon_dispatched seq=9 message_id=7cf57ea59860effa86c7e62e522b1754 sender_peer_id=ios-harness-DE669730 sender_peer_id_hash=1032dc6f4584999f
MobMessageObserver: peripheral_advertising_started
MobMessageObserver: beacon_dispatched seq=10 message_id=300cf80d1dc4982237af39c9af774150 sender_peer_id=ios-harness-DE669730 sender_peer_id_hash=1032dc6f4584999f
MobMessageObserver: peripheral_advertising_started
MobMessageObserver: beacon_dispatched seq=11 message_id=d919848e8d8ebf23e254f879aa61de52 sender_peer_id=ios-harness-DE669730 sender_peer_id_hash=1032dc6f4584999f
MobMessageObserver: peripheral_advertising_started
MobMessageObserver: beacon_dispatched seq=12 message_id=f078e56033a5f2fe0d0dee893e98a16c sender_peer_id=ios-harness-DE669730 sender_peer_id_hash=1032dc6f4584999f
MobMessageObserver: peripheral_advertising_started
MobMessageObserver: beacon_dispatched seq=13 message_id=12ecb2d92e494ef544b39d8062cbab3e sender_peer_id=ios-harness-DE669730 sender_peer_id_hash=1032dc6f4584999f
MobMessageObserver: peripheral_advertising_started
MobMessageObserver: beacon_dispatched seq=14 message_id=a8af1fef6b637300d3e9088003029378 sender_peer_id=ios-harness-DE669730 sender_peer_id_hash=1032dc6f4584999f
MobMessageObserver: peripheral_advertising_started
MobMessageObserver: beacon_dispatched seq=15 message_id=b89125d5a86a0adcda947dfcabdd3e52 sender_peer_id=ios-harness-DE669730 sender_peer_id_hash=1032dc6f4584999f
MobMessageObserver: peripheral_advertising_started
MobMessageObserver: beacon_dispatched seq=16 message_id=996c050b1d49c4a62719dc13400443f9 sender_peer_id=ios-harness-DE669730 sender_peer_id_hash=1032dc6f4584999f
MobMessageObserver: peripheral_advertising_started
MobMessageObserver: beacon_dispatched seq=17 message_id=8d347124e40d946f1fa20505b3cc96a4 sender_peer_id=ios-harness-DE669730 sender_peer_id_hash=1032dc6f4584999f
MobMessageObserver: peripheral_advertising_started
MobMessageObserver: beacon_dispatched seq=18 message_id=e5a4a67a2e8702ffe6fd7a87fb4835c7 sender_peer_id=ios-harness-DE669730 sender_peer_id_hash=1032dc6f4584999f
MobMessageObserver: peripheral_advertising_started
MobMessageObserver: beacon_dispatched seq=19 message_id=1ec4a860dc09c2cbecbbc41b0295dedb sender_peer_id=ios-harness-DE669730 sender_peer_id_hash=1032dc6f4584999f
MobMessageObserver: peripheral_advertising_started
MobMessageObserver: beacon_dispatched seq=20 message_id=0e69b29105bd685f526e4acaf6231578 sender_peer_id=ios-harness-DE669730 sender_peer_id_hash=1032dc6f4584999f
MobMessageObserver: peripheral_advertising_started
MobMessageObserver: beacon_dispatched seq=21 message_id=e0457686c34d8f6815be1e22ace75789 sender_peer_id=ios-harness-DE669730 sender_peer_id_hash=1032dc6f4584999f
MobMessageObserver: peripheral_advertising_started
MobMessageObserver: beacon_dispatched seq=22 message_id=4b20162d04f0e53dd9b63f50e4b5df2b sender_peer_id=ios-harness-DE669730 sender_peer_id_hash=1032dc6f4584999f
MobMessageObserver: peripheral_advertising_started
MobMessageObserver: beacon_dispatched seq=23 message_id=66d14a7905e38a218592266b362efed0 sender_peer_id=ios-harness-DE669730 sender_peer_id_hash=1032dc6f4584999f
MobMessageObserver: peripheral_advertising_started
MobMessageObserver: beacon_dispatched seq=24 message_id=f1734ed2f4597512beec7a75d679a814 sender_peer_id=ios-harness-DE669730 sender_peer_id_hash=1032dc6f4584999f
MobMessageObserver: peripheral_advertising_started
MobMessageObserver: beacon_dispatched seq=25 message_id=e89f78ab822753de5274318882e6cc30 sender_peer_id=ios-harness-DE669730 sender_peer_id_hash=1032dc6f4584999f
MobMessageObserver: peripheral_advertising_started
MobMessageObserver: beacon_dispatched seq=26 message_id=3094bc38cbc6d92862139aba48ccd257 sender_peer_id=ios-harness-DE669730 sender_peer_id_hash=1032dc6f4584999f
MobMessageObserver: peripheral_advertising_started
MobMessageObserver: beacon_dispatched seq=27 message_id=4713d5a5cca31c09d01ca87c0c8fc822 sender_peer_id=ios-harness-DE669730 sender_peer_id_hash=1032dc6f4584999f
MobMessageObserver: peripheral_advertising_started
MobMessageObserver: beacon_dispatched seq=28 message_id=7b92962bc467142e14da4150e51265f6 sender_peer_id=ios-harness-DE669730 sender_peer_id_hash=1032dc6f4584999f
MobMessageObserver: peripheral_advertising_started
MobMessageObserver: beacon_dispatched seq=29 message_id=07cb08723b28e466a064888007ff4395 sender_peer_id=ios-harness-DE669730 sender_peer_id_hash=1032dc6f4584999f
MobMessageObserver: peripheral_advertising_started
MobMessageObserver: beacon_dispatched seq=30 message_id=def5997b629b0ff46605a02b5ce4a374 sender_peer_id=ios-harness-DE669730 sender_peer_id_hash=1032dc6f4584999f
MobMessageObserver: peripheral_advertising_started
MobMessageObserver: beacon_dispatched seq=31 message_id=db2224ad5717fcb49add49bc1337763e sender_peer_id=ios-harness-DE669730 sender_peer_id_hash=1032dc6f4584999f
MobMessageObserver: peripheral_advertising_started
App terminated due to signal 15.
