10:52:19  Acquired tunnel connection to device.
10:52:19  Enabling developer disk image services.
10:52:19  Acquired usage assertion.
Launched application with dev.meshx.mobile.harness bundle identifier.
Waiting for the application to terminate…
MeshxMessageObserver: basic_beacon_dispatch_started sender_peer_id=ios-harness-A32A9282
MeshxMessageObserver: state CBManagerState(rawValue: 5)
MeshxMessageObserver: beacon_dispatched seq=1 message_id=3e5d6224d5b9219a27ed9db4ec886126 message_id_hash=55bbdc1498cffa2e sender_peer_id=ios-harness-A32A9282 sender_peer_id_hash=a597ba03c3738fed
MeshxMessageObserver: peripheral_advertising_started
MeshxMessageObserver: beacon_dispatched seq=2 message_id=7989b4f747b3011bbd83fc5ae90825d8 message_id_hash=f58f278d7295f4ce sender_peer_id=ios-harness-A32A9282 sender_peer_id_hash=a597ba03c3738fed
MeshxMessageObserver: peripheral_advertising_started
MeshxMessageObserver: beacon_dispatched seq=3 message_id=0bd462aeb027642ceae2e9eaf617e5bb message_id_hash=cd867d48b0806873 sender_peer_id=ios-harness-A32A9282 sender_peer_id_hash=a597ba03c3738fed
MeshxMessageObserver: peripheral_advertising_started
MeshxMessageObserver: beacon_dispatched seq=4 message_id=a9a34adec2b80a1fd92d2f1043412bee message_id_hash=e3294d5d4ae11384 sender_peer_id=ios-harness-A32A9282 sender_peer_id_hash=a597ba03c3738fed
MeshxMessageObserver: peripheral_advertising_started
MeshxMessageObserver: beacon_dispatched seq=5 message_id=a5db20a491fa1e58fdb5c14ee42c1369 message_id_hash=4b2a90ab1ac182b9 sender_peer_id=ios-harness-A32A9282 sender_peer_id_hash=a597ba03c3738fed
MeshxMessageObserver: peripheral_advertising_started
MeshxMessageObserver: beacon_dispatched seq=6 message_id=9b80820d1eb96f4a23bcfc1e81b0d94d message_id_hash=6f1809bb859ac17d sender_peer_id=ios-harness-A32A9282 sender_peer_id_hash=a597ba03c3738fed
MeshxMessageObserver: peripheral_advertising_started
MeshxMessageObserver: beacon_dispatched seq=7 message_id=f80537b29805717c0969628684e616b6 message_id_hash=e18d6558aff7c58d sender_peer_id=ios-harness-A32A9282 sender_peer_id_hash=a597ba03c3738fed
MeshxMessageObserver: peripheral_advertising_started
MeshxMessageObserver: beacon_dispatched seq=8 message_id=8136b32bcb385115ab5f50440cbef390 message_id_hash=04b36027a8105444 sender_peer_id=ios-harness-A32A9282 sender_peer_id_hash=a597ba03c3738fed
MeshxMessageObserver: peripheral_advertising_started
MeshxMessageObserver: beacon_dispatched seq=9 message_id=6d9c25485d5ac15613c470e7192e2830 message_id_hash=3f8826fdbf586aef sender_peer_id=ios-harness-A32A9282 sender_peer_id_hash=a597ba03c3738fed
MeshxMessageObserver: peripheral_advertising_started
MeshxMessageObserver: beacon_dispatched seq=10 message_id=50f5278be4011c1666b5dc1b9a752257 message_id_hash=b10068f6573a8b38 sender_peer_id=ios-harness-A32A9282 sender_peer_id_hash=a597ba03c3738fed
MeshxMessageObserver: peripheral_advertising_started
MeshxMessageObserver: beacon_dispatched seq=11 message_id=e49a4498927b4659cb32b2e49afe95bb message_id_hash=1a31c7fcaeab4044 sender_peer_id=ios-harness-A32A9282 sender_peer_id_hash=a597ba03c3738fed
MeshxMessageObserver: peripheral_advertising_started
MeshxMessageObserver: beacon_dispatched seq=12 message_id=b91a91cc00e89b1ccadde475df9e505b message_id_hash=d501021f20573688 sender_peer_id=ios-harness-A32A9282 sender_peer_id_hash=a597ba03c3738fed
MeshxMessageObserver: peripheral_advertising_started
MeshxMessageObserver: beacon_dispatched seq=13 message_id=a90d5983659bd0ee34d1b7688d8b7548 message_id_hash=2ff7854f75865954 sender_peer_id=ios-harness-A32A9282 sender_peer_id_hash=a597ba03c3738fed
MeshxMessageObserver: peripheral_advertising_started
MeshxMessageObserver: beacon_dispatched seq=14 message_id=fd0151891439e90402ac988c2741fe28 message_id_hash=2079ea81156a401b sender_peer_id=ios-harness-A32A9282 sender_peer_id_hash=a597ba03c3738fed
MeshxMessageObserver: peripheral_advertising_started
MeshxMessageObserver: beacon_dispatched seq=15 message_id=637e1ce7852217201abdda90d76c562f message_id_hash=73b90e562a136bcf sender_peer_id=ios-harness-A32A9282 sender_peer_id_hash=a597ba03c3738fed
MeshxMessageObserver: peripheral_advertising_started
MeshxMessageObserver: beacon_dispatched seq=16 message_id=504b1b4202745277dd109c99e9321268 message_id_hash=f54f0f8bf42770d8 sender_peer_id=ios-harness-A32A9282 sender_peer_id_hash=a597ba03c3738fed
MeshxMessageObserver: peripheral_advertising_started
MeshxMessageObserver: beacon_dispatched seq=17 message_id=b5ea5de08f39257d7ef5c64d4ef515ce message_id_hash=e7c28e1000e68708 sender_peer_id=ios-harness-A32A9282 sender_peer_id_hash=a597ba03c3738fed
MeshxMessageObserver: peripheral_advertising_started
MeshxMessageObserver: beacon_dispatched seq=18 message_id=2fd32c34cf6e60af7a573afa667940c0 message_id_hash=12f9529d1b007712 sender_peer_id=ios-harness-A32A9282 sender_peer_id_hash=a597ba03c3738fed
MeshxMessageObserver: peripheral_advertising_started
MeshxMessageObserver: beacon_dispatched seq=19 message_id=84766c2171f50caba209614aebeec8bc message_id_hash=2d4285c6b0103733 sender_peer_id=ios-harness-A32A9282 sender_peer_id_hash=a597ba03c3738fed
MeshxMessageObserver: peripheral_advertising_started
MeshxMessageObserver: beacon_dispatched seq=20 message_id=c907bedaa904ba90ebc028e88e7adadb message_id_hash=1f117f43253913b9 sender_peer_id=ios-harness-A32A9282 sender_peer_id_hash=a597ba03c3738fed
MeshxMessageObserver: peripheral_advertising_started
MeshxMessageObserver: beacon_dispatched seq=21 message_id=693be79fbdec2da2af10106dcf8ffc1c message_id_hash=5ac878fafd1370b7 sender_peer_id=ios-harness-A32A9282 sender_peer_id_hash=a597ba03c3738fed
MeshxMessageObserver: peripheral_advertising_started
MeshxMessageObserver: beacon_dispatched seq=22 message_id=06a55aaf8718f7d93f4a875019711d17 message_id_hash=7136ace7dbefee04 sender_peer_id=ios-harness-A32A9282 sender_peer_id_hash=a597ba03c3738fed
MeshxMessageObserver: peripheral_advertising_started
MeshxMessageObserver: beacon_dispatched seq=23 message_id=de91cdcef09437a0e88aa105c30270ab message_id_hash=2b24f14f34b233c0 sender_peer_id=ios-harness-A32A9282 sender_peer_id_hash=a597ba03c3738fed
MeshxMessageObserver: peripheral_advertising_started
MeshxMessageObserver: beacon_dispatched seq=24 message_id=95334949b4af3482394600dd3aae97f9 message_id_hash=0e3c31b7d05801e0 sender_peer_id=ios-harness-A32A9282 sender_peer_id_hash=a597ba03c3738fed
MeshxMessageObserver: peripheral_advertising_started
MeshxMessageObserver: beacon_dispatched seq=25 message_id=b92a30e19286263e18a4ddb31b6f21ed message_id_hash=03b56fad8fbb26ea sender_peer_id=ios-harness-A32A9282 sender_peer_id_hash=a597ba03c3738fed
MeshxMessageObserver: peripheral_advertising_started
MeshxMessageObserver: beacon_dispatched seq=26 message_id=9d151af604e12dc89b8888c04210efaa message_id_hash=6ffac800630cadb4 sender_peer_id=ios-harness-A32A9282 sender_peer_id_hash=a597ba03c3738fed
MeshxMessageObserver: peripheral_advertising_started
MeshxMessageObserver: beacon_dispatched seq=27 message_id=e4568ca5eeffe9c7138c39e955a2c0c7 message_id_hash=add9296d4b271a21 sender_peer_id=ios-harness-A32A9282 sender_peer_id_hash=a597ba03c3738fed
MeshxMessageObserver: peripheral_advertising_started
MeshxMessageObserver: beacon_dispatched seq=28 message_id=6b19f6142972fffcb23e50d501aa6062 message_id_hash=57ce018e68d4eb9c sender_peer_id=ios-harness-A32A9282 sender_peer_id_hash=a597ba03c3738fed
MeshxMessageObserver: peripheral_advertising_started
MeshxMessageObserver: beacon_dispatched seq=29 message_id=3677611ff725a8e50631c17a37e40e43 message_id_hash=3c9eb260fed30358 sender_peer_id=ios-harness-A32A9282 sender_peer_id_hash=a597ba03c3738fed
MeshxMessageObserver: peripheral_advertising_started
MeshxMessageObserver: beacon_dispatched seq=30 message_id=84e47729fa137f5777906d9c1c142a63 message_id_hash=6adec90e969a3e0c sender_peer_id=ios-harness-A32A9282 sender_peer_id_hash=a597ba03c3738fed
MeshxMessageObserver: peripheral_advertising_started
MeshxMessageObserver: beacon_dispatched seq=31 message_id=961f70b2d3874471a9cdbb8774e8d0b5 message_id_hash=dcc90039f8f01c4c sender_peer_id=ios-harness-A32A9282 sender_peer_id_hash=a597ba03c3738fed
MeshxMessageObserver: peripheral_advertising_started
MeshxMessageObserver: beacon_dispatched seq=32 message_id=7443b4aceae5e08b23a7401eed6990d7 message_id_hash=31e76171acf6ff3e sender_peer_id=ios-harness-A32A9282 sender_peer_id_hash=a597ba03c3738fed
MeshxMessageObserver: peripheral_advertising_started
MeshxMessageObserver: beacon_dispatched seq=33 message_id=1e0c17ff5ccc3726147e6a30e9608a48 message_id_hash=6c39634117519d89 sender_peer_id=ios-harness-A32A9282 sender_peer_id_hash=a597ba03c3738fed
MeshxMessageObserver: peripheral_advertising_started
MeshxMessageObserver: beacon_dispatched seq=34 message_id=e4f9ca1395addc946f7f9e05fb76ff8b message_id_hash=15a5558feaafd259 sender_peer_id=ios-harness-A32A9282 sender_peer_id_hash=a597ba03c3738fed
MeshxMessageObserver: peripheral_advertising_started
MeshxMessageObserver: beacon_dispatched seq=35 message_id=5ab51466a871cb0a46f29ab8e5d5dcb9 message_id_hash=770cc6b61e9be2f3 sender_peer_id=ios-harness-A32A9282 sender_peer_id_hash=a597ba03c3738fed
MeshxMessageObserver: peripheral_advertising_started
MeshxMessageObserver: beacon_dispatched seq=36 message_id=1121f74b12f8649ebbb61efea3cb136e message_id_hash=b1947a3f76d934ce sender_peer_id=ios-harness-A32A9282 sender_peer_id_hash=a597ba03c3738fed
MeshxMessageObserver: peripheral_advertising_started
App terminated due to signal 15.
