13:05-17 05:23:37.749 29107 29157 I Elixir  : BleSelfTest: HEARTBEAT events=9447 devices=40 meshx_peers=1 sent=15 distinct_msgs=6 beacon_callbacks=403 envelopes=0
14:05-17 05:23:37.750 29107 29142 I BEAMout : 05:23:37.749 [info] BleSelfTest: HEARTBEAT events=9447 devices=40 meshx_peers=1 sent=15 distinct_msgs=6 beacon_callbacks=403 envelopes=0
226:05-17 05:23:40.215 29107 29157 I MeshxBleDispatch: {"v":1,"event":"ble_capabilities","supports_extended_advertising":true,"max_advertising_data_length":1024,"is_multiple_advertisement_supported":true,"legacy_manufacturer_payload_budget":24}
240:05-17 05:23:40.234 29107 29157 I MeshxBleDispatch: {"v":1,"event":"attempt_outcome","attempt_id":"selftest-1779020620204","message_id":"7NhqbNAmMztqEBJ00uy5Dg==","target_peer_id":"broadcast","target_device_ids":["broadcast"],"kind":"dispatched","reason":"legacy_beacon_fallback","adapter":"ble_android","outcome_at_ms":184292266}
241:05-17 05:23:40.235 29107 29157 I MeshxBleNative: sendToPeer(broadcast, 31B) -> DISPATCHED reason=legacy_beacon_fallback
242:05-17 05:23:40.236 29107 29157 I Elixir  : BleSelfTest: MESH MESSAGE SENT payload="hello-from-meshx-dev-1779020620" result=:ok
243:05-17 05:23:40.239 29107 29157 W Elixir  : BleSelfTest: bridge error unknown: {"v":1,"event":"attempt_outcome","attempt_id":"selftest-1779020620204","message_id":"7NhqbNAmMztqEBJ00uy5Dg==","target_peer_id":"broadcast","target_device_ids":["broadcast"],"kind":"dispatched","reason":"legacy_beacon_fallback","adapter":"ble_android","outcome_at_ms":184292266}
244:05-17 05:23:40.242 29107 29142 I BEAMout : 05:23:40.236 [info] BleSelfTest: MESH MESSAGE SENT payload="hello-from-meshx-dev-1779020620" result=:ok
245:05-17 05:23:40.244 29107 29142 I BEAMout : 05:23:40.239 [warning] BleSelfTest: bridge error unknown: {"v":1,"event":"attempt_outcome","attempt_id":"selftest-1779020620204","message_id":"7NhqbNAmMztqEBJ00uy5Dg==","target_peer_id":"broadcast","target_device_ids":["broadcast"],"kind":"dispatched","reason":"legacy_beacon_fallback","adapter":"ble_android","outcome_at_ms":184292266}
248:05-17 05:23:40.255 29107 29107 I MeshxBleDispatch: {"v":1,"event":"legacy_beacon_advertising_started","attempt_id":"selftest-1779020620204","beacon_size":22,"beacon":"TUIBAQEAa4UN99iWKGIS94VXUXoT+Q==","message_id_hash":"a4UN99iWKGI=","sender_peer_id_hash":"EveFV1F6E\/k=","payload_kind":"TX","envelope_version":1,"window_ms":5000,"data_carrier":"legacy_advertisement"}
358:05-17 05:23:42.120 29107 29157 I Elixir  : BleSelfTest: DISTINCT MESH MESSAGE kind=beacon key=f70806eddc285bcc:45095be59f98070a from=sender_hash=f70806eddc285bcc device_id=41:9A:B2:BC:F9:8D first_seen_after=404_callbacks
359:05-17 05:23:42.123 29107 29142 I BEAMout : 05:23:42.120 [info] BleSelfTest: DISTINCT MESH MESSAGE kind=beacon key=f70806eddc285bcc:45095be59f98070a from=sender_hash=f70806eddc285bcc device_id=41:9A:B2:BC:F9:8D first_seen_after=404_callbacks
398:05-17 05:23:42.751 29107 29157 I Elixir  : BleSelfTest: HEARTBEAT events=9786 devices=41 meshx_peers=1 sent=16 distinct_msgs=7 beacon_callbacks=405 envelopes=0
400:05-17 05:23:42.756 29107 29142 I BEAMout : 05:23:42.750 [info] BleSelfTest: HEARTBEAT events=9786 devices=41 meshx_peers=1 sent=16 distinct_msgs=7 beacon_callbacks=405 envelopes=0
1283:05-17 05:23:46.152 29233 29233 I MeshxBleNif: meshx_ble_cache_class: MeshxBleNative cached
1292:05-17 05:23:46.187 29233 29233 I MeshxBleNative: init: application context set
1729:05-17 05:23:47.372 29233 29283 I Elixir  : BleSelfTest: starting scan + advertising as meshx-dev
1769:05-17 05:23:47.416 29233 29269 I BEAMout : 05:23:47.372 [info] BleSelfTest: starting scan + advertising as meshx-dev
1791:05-17 05:23:47.461 29233 29283 I Elixir  : BleSelfTest: start_scan=:ok start_advertising=:ok
1793:05-17 05:23:47.462 29233 29269 I BEAMout : 05:23:47.461 [info] BleSelfTest: start_scan=:ok start_advertising=:ok
1804:05-17 05:23:47.556 29233 29283 I Elixir  : BleSelfTest: DISTINCT MESH MESSAGE kind=beacon key=f70806eddc285bcc:45095be59f98070a from=sender_hash=f70806eddc285bcc device_id=41:9A:B2:BC:F9:8D first_seen_after=1_callbacks
1805:05-17 05:23:47.557 29233 29269 I BEAMout : 05:23:47.556 [info] BleSelfTest: DISTINCT MESH MESSAGE kind=beacon key=f70806eddc285bcc:45095be59f98070a from=sender_hash=f70806eddc285bcc device_id=41:9A:B2:BC:F9:8D first_seen_after=1_callbacks
1819:05-17 05:23:47.632 29233 29283 I Elixir  : BleSelfTest: MESHX PEER device_id=44:F1:54:89:9E:A6 rssi=-51 name=meshx-dev
1820:05-17 05:23:47.635 29233 29269 I BEAMout : 05:23:47.632 [info] BleSelfTest: MESHX PEER device_id=44:F1:54:89:9E:A6 rssi=-51 name=meshx-dev
2092:05-17 05:23:50.534 29233 29283 I Elixir  : BleSelfTest: DISTINCT MESH MESSAGE kind=beacon key=f70806eddc285bcc:7761ab12538f7798 from=sender_hash=f70806eddc285bcc device_id=45:48:01:AE:54:9D first_seen_after=6_callbacks
2093:05-17 05:23:50.536 29233 29269 I BEAMout : 05:23:50.534 [info] BleSelfTest: DISTINCT MESH MESSAGE kind=beacon key=f70806eddc285bcc:7761ab12538f7798 from=sender_hash=f70806eddc285bcc device_id=45:48:01:AE:54:9D first_seen_after=6_callbacks
2260:05-17 05:23:52.463 29233 29283 I Elixir  : BleSelfTest: HEARTBEAT events=395 devices=32 meshx_peers=1 sent=0 distinct_msgs=2 beacon_callbacks=18 envelopes=0
2261:05-17 05:23:52.465 29233 29269 I BEAMout : 05:23:52.462 [info] BleSelfTest: HEARTBEAT events=395 devices=32 meshx_peers=1 sent=0 distinct_msgs=2 beacon_callbacks=18 envelopes=0
2428:05-17 05:23:54.480 29233 29283 I MeshxBleDispatch: {"v":1,"event":"ble_capabilities","supports_extended_advertising":true,"max_advertising_data_length":1024,"is_multiple_advertisement_supported":true,"legacy_manufacturer_payload_budget":24}
2440:05-17 05:23:54.504 29233 29283 I MeshxBleDispatch: {"v":1,"event":"attempt_outcome","attempt_id":"selftest-1779020634468","message_id":"IuYubSjH4wp\/yZulIMqo1w==","target_peer_id":"broadcast","target_device_ids":["broadcast"],"kind":"dispatched","reason":"legacy_beacon_fallback","adapter":"ble_android","outcome_at_ms":184306529}
2441:05-17 05:23:54.506 29233 29283 I MeshxBleNative: sendToPeer(broadcast, 31B) -> DISPATCHED reason=legacy_beacon_fallback
2442:05-17 05:23:54.507 29233 29283 I Elixir  : BleSelfTest: MESH MESSAGE SENT payload="hello-from-meshx-dev-1779020634" result=:ok
2446:05-17 05:23:54.525 29233 29269 I BEAMout : 05:23:54.507 [info] BleSelfTest: MESH MESSAGE SENT payload="hello-from-meshx-dev-1779020634" result=:ok
2447:05-17 05:23:54.526 29233 29283 W Elixir  : BleSelfTest: bridge error unknown: {"v":1,"event":"attempt_outcome","attempt_id":"selftest-1779020634468","message_id":"IuYubSjH4wp\/yZulIMqo1w==","target_peer_id":"broadcast","target_device_ids":["broadcast"],"kind":"dispatched","reason":"legacy_beacon_fallback","adapter":"ble_android","outcome_at_ms":184306529}
2450:05-17 05:23:54.528 29233 29269 I BEAMout : 05:23:54.526 [warning] BleSelfTest: bridge error unknown: {"v":1,"event":"attempt_outcome","attempt_id":"selftest-1779020634468","message_id":"IuYubSjH4wp\/yZulIMqo1w==","target_peer_id":"broadcast","target_device_ids":["broadcast"],"kind":"dispatched","reason":"legacy_beacon_fallback","adapter":"ble_android","outcome_at_ms":184306529}
2451:05-17 05:23:54.529 29233 29233 I MeshxBleDispatch: {"v":1,"event":"legacy_beacon_advertising_started","attempt_id":"selftest-1779020634468","beacon_size":22,"beacon":"TUIBAQEAhwy0GFCKr60S94VXUXoT+Q==","message_id_hash":"hwy0GFCKr60=","sender_peer_id_hash":"EveFV1F6E\/k=","payload_kind":"TX","envelope_version":1,"window_ms":5000,"data_carrier":"legacy_advertisement"}
2757:05-17 05:23:57.464 29233 29283 I Elixir  : BleSelfTest: HEARTBEAT events=773 devices=35 meshx_peers=1 sent=1 distinct_msgs=2 beacon_callbacks=38 envelopes=0
2758:05-17 05:23:57.466 29233 29269 I BEAMout : 05:23:57.464 [info] BleSelfTest: HEARTBEAT events=773 devices=35 meshx_peers=1 sent=1 distinct_msgs=2 beacon_callbacks=38 envelopes=0
2939:05-17 05:23:58.660 29233 29283 I Elixir  : BleSelfTest: DISTINCT MESH MESSAGE kind=beacon key=f70806eddc285bcc:552fe912904bfedc from=sender_hash=f70806eddc285bcc device_id=72:60:F3:F7:95:E3 first_seen_after=39_callbacks
2941:05-17 05:23:58.662 29233 29269 I BEAMout : 05:23:58.660 [info] BleSelfTest: DISTINCT MESH MESSAGE kind=beacon key=f70806eddc285bcc:552fe912904bfedc from=sender_hash=f70806eddc285bcc device_id=72:60:F3:F7:95:E3 first_seen_after=39_callbacks
3245:05-17 05:24:01.517 29233 29283 I MeshxBleDispatch: {"v":1,"event":"ble_capabilities","supports_extended_advertising":true,"max_advertising_data_length":1024,"is_multiple_advertisement_supported":true,"legacy_manufacturer_payload_budget":24}
3258:05-17 05:24:01.536 29233 29283 I MeshxBleDispatch: {"v":1,"event":"attempt_outcome","attempt_id":"selftest-1779020641510","message_id":"odoAvm4H6jQHPEoyIYroZg==","target_peer_id":"broadcast","target_device_ids":["broadcast"],"kind":"dispatched","reason":"legacy_beacon_fallback","adapter":"ble_android","outcome_at_ms":184313571}
3259:05-17 05:24:01.537 29233 29283 I MeshxBleNative: sendToPeer(broadcast, 31B) -> DISPATCHED reason=legacy_beacon_fallback
3260:05-17 05:24:01.539 29233 29283 I Elixir  : BleSelfTest: MESH MESSAGE SENT payload="hello-from-meshx-dev-1779020641" result=:ok
3261:05-17 05:24:01.541 29233 29283 W Elixir  : BleSelfTest: bridge error unknown: {"v":1,"event":"attempt_outcome","attempt_id":"selftest-1779020641510","message_id":"odoAvm4H6jQHPEoyIYroZg==","target_peer_id":"broadcast","target_device_ids":["broadcast"],"kind":"dispatched","reason":"legacy_beacon_fallback","adapter":"ble_android","outcome_at_ms":184313571}
3262:05-17 05:24:01.544 29233 29269 I BEAMout : 05:24:01.539 [info] BleSelfTest: MESH MESSAGE SENT payload="hello-from-meshx-dev-1779020641" result=:ok
3264:05-17 05:24:01.547 29233 29269 I BEAMout : 05:24:01.541 [warning] BleSelfTest: bridge error unknown: {"v":1,"event":"attempt_outcome","attempt_id":"selftest-1779020641510","message_id":"odoAvm4H6jQHPEoyIYroZg==","target_peer_id":"broadcast","target_device_ids":["broadcast"],"kind":"dispatched","reason":"legacy_beacon_fallback","adapter":"ble_android","outcome_at_ms":184313571}
3268:05-17 05:24:01.560 29233 29233 I MeshxBleDispatch: {"v":1,"event":"legacy_beacon_advertising_started","attempt_id":"selftest-1779020641510","beacon_size":22,"beacon":"TUIBAQEAEpVbSxbOllIS94VXUXoT+Q==","message_id_hash":"EpVbSxbOllI=","sender_peer_id_hash":"EveFV1F6E\/k=","payload_kind":"TX","envelope_version":1,"window_ms":5000,"data_carrier":"legacy_advertisement"}
3336:05-17 05:24:02.466 29233 29283 I Elixir  : BleSelfTest: HEARTBEAT events=1202 devices=35 meshx_peers=1 sent=2 distinct_msgs=3 beacon_callbacks=56 envelopes=0
3337:05-17 05:24:02.469 29233 29269 I BEAMout : 05:24:02.466 [info] BleSelfTest: HEARTBEAT events=1202 devices=35 meshx_peers=1 sent=2 distinct_msgs=3 beacon_callbacks=56 envelopes=0
3732:05-17 05:24:06.800 29233 29283 I Elixir  : BleSelfTest: DISTINCT MESH MESSAGE kind=beacon key=f70806eddc285bcc:41ccd12eae9dad20 from=sender_hash=f70806eddc285bcc device_id=41:FC:DF:1E:C8:7A first_seen_after=69_callbacks
3733:05-17 05:24:06.803 29233 29269 I BEAMout : 05:24:06.800 [info] BleSelfTest: DISTINCT MESH MESSAGE kind=beacon key=f70806eddc285bcc:41ccd12eae9dad20 from=sender_hash=f70806eddc285bcc device_id=41:FC:DF:1E:C8:7A first_seen_after=69_callbacks
3795:05-17 05:24:07.467 29233 29283 I Elixir  : BleSelfTest: HEARTBEAT events=1640 devices=36 meshx_peers=1 sent=2 distinct_msgs=4 beacon_callbacks=72 envelopes=0
3796:05-17 05:24:07.469 29233 29269 I BEAMout : 05:24:07.467 [info] BleSelfTest: HEARTBEAT events=1640 devices=36 meshx_peers=1 sent=2 distinct_msgs=4 beacon_callbacks=72 envelopes=0
3911:05-17 05:24:08.551 29233 29283 I MeshxBleDispatch: {"v":1,"event":"ble_capabilities","supports_extended_advertising":true,"max_advertising_data_length":1024,"is_multiple_advertisement_supported":true,"legacy_manufacturer_payload_budget":24}
3924:05-17 05:24:08.566 29233 29283 I MeshxBleDispatch: {"v":1,"event":"attempt_outcome","attempt_id":"selftest-1779020648542","message_id":"NO5Nn\/1Gem2XwUjveA9NoQ==","target_peer_id":"broadcast","target_device_ids":["broadcast"],"kind":"dispatched","reason":"legacy_beacon_fallback","adapter":"ble_android","outcome_at_ms":184320603}
3925:05-17 05:24:08.567 29233 29283 I MeshxBleNative: sendToPeer(broadcast, 31B) -> DISPATCHED reason=legacy_beacon_fallback
3927:05-17 05:24:08.568 29233 29283 I Elixir  : BleSelfTest: MESH MESSAGE SENT payload="hello-from-meshx-dev-1779020648" result=:ok
3928:05-17 05:24:08.571 29233 29283 W Elixir  : BleSelfTest: bridge error unknown: {"v":1,"event":"attempt_outcome","attempt_id":"selftest-1779020648542","message_id":"NO5Nn\/1Gem2XwUjveA9NoQ==","target_peer_id":"broadcast","target_device_ids":["broadcast"],"kind":"dispatched","reason":"legacy_beacon_fallback","adapter":"ble_android","outcome_at_ms":184320603}
3929:05-17 05:24:08.574 29233 29269 I BEAMout : 05:24:08.568 [info] BleSelfTest: MESH MESSAGE SENT payload="hello-from-meshx-dev-1779020648" result=:ok
3931:05-17 05:24:08.576 29233 29269 I BEAMout : 05:24:08.571 [warning] BleSelfTest: bridge error unknown: {"v":1,"event":"attempt_outcome","attempt_id":"selftest-1779020648542","message_id":"NO5Nn\/1Gem2XwUjveA9NoQ==","target_peer_id":"broadcast","target_device_ids":["broadcast"],"kind":"dispatched","reason":"legacy_beacon_fallback","adapter":"ble_android","outcome_at_ms":184320603}
3935:05-17 05:24:08.589 29233 29233 I MeshxBleDispatch: {"v":1,"event":"legacy_beacon_advertising_started","attempt_id":"selftest-1779020648542","beacon_size":22,"beacon":"TUIBAQEAJ+YFmxdSifoS94VXUXoT+Q==","message_id_hash":"J+YFmxdSifo=","sender_peer_id_hash":"EveFV1F6E\/k=","payload_kind":"TX","envelope_version":1,"window_ms":5000,"data_carrier":"legacy_advertisement"}
4258:05-17 05:24:12.470 29233 29283 I Elixir  : BleSelfTest: HEARTBEAT events=2067 devices=36 meshx_peers=1 sent=3 distinct_msgs=4 beacon_callbacks=98 envelopes=0
4259:05-17 05:24:12.475 29233 29269 I BEAMout : 05:24:12.469 [info] BleSelfTest: HEARTBEAT events=2067 devices=36 meshx_peers=1 sent=3 distinct_msgs=4 beacon_callbacks=98 envelopes=0
4568:05-17 05:24:15.577 29233 29283 I MeshxBleDispatch: {"v":1,"event":"ble_capabilities","supports_extended_advertising":true,"max_advertising_data_length":1024,"is_multiple_advertisement_supported":true,"legacy_manufacturer_payload_budget":24}
4580:05-17 05:24:15.590 29233 29283 I MeshxBleDispatch: {"v":1,"event":"attempt_outcome","attempt_id":"selftest-1779020655571","message_id":"FPC+u5VlJcHqzF+V0ETh5w==","target_peer_id":"broadcast","target_device_ids":["broadcast"],"kind":"dispatched","reason":"legacy_beacon_fallback","adapter":"ble_android","outcome_at_ms":184327632}
4581:05-17 05:24:15.592 29233 29283 I MeshxBleNative: sendToPeer(broadcast, 31B) -> DISPATCHED reason=legacy_beacon_fallback
4582:05-17 05:24:15.592 29233 29283 I Elixir  : BleSelfTest: MESH MESSAGE SENT payload="hello-from-meshx-dev-1779020655" result=:ok
4583:05-17 05:24:15.594 29233 29283 W Elixir  : BleSelfTest: bridge error unknown: {"v":1,"event":"attempt_outcome","attempt_id":"selftest-1779020655571","message_id":"FPC+u5VlJcHqzF+V0ETh5w==","target_peer_id":"broadcast","target_device_ids":["broadcast"],"kind":"dispatched","reason":"legacy_beacon_fallback","adapter":"ble_android","outcome_at_ms":184327632}
4585:05-17 05:24:15.597 29233 29269 I BEAMout : 05:24:15.592 [info] BleSelfTest: MESH MESSAGE SENT payload="hello-from-meshx-dev-1779020655" result=:ok
4586:05-17 05:24:15.598 29233 29269 I BEAMout : 05:24:15.594 [warning] BleSelfTest: bridge error unknown: {"v":1,"event":"attempt_outcome","attempt_id":"selftest-1779020655571","message_id":"FPC+u5VlJcHqzF+V0ETh5w==","target_peer_id":"broadcast","target_device_ids":["broadcast"],"kind":"dispatched","reason":"legacy_beacon_fallback","adapter":"ble_android","outcome_at_ms":184327632}
4590:05-17 05:24:15.614 29233 29233 I MeshxBleDispatch: {"v":1,"event":"legacy_beacon_advertising_started","attempt_id":"selftest-1779020655571","beacon_size":22,"beacon":"TUIBAQEAYxx9fqiRjpgS94VXUXoT+Q==","message_id_hash":"Yxx9fqiRjpg=","sender_peer_id_hash":"EveFV1F6E\/k=","payload_kind":"TX","envelope_version":1,"window_ms":5000,"data_carrier":"legacy_advertisement"}
4726:05-17 05:24:17.472 29233 29283 I Elixir  : BleSelfTest: HEARTBEAT events=2492 devices=36 meshx_peers=1 sent=4 distinct_msgs=4 beacon_callbacks=125 envelopes=0
4727:05-17 05:24:17.474 29233 29269 I BEAMout : 05:24:17.472 [info] BleSelfTest: HEARTBEAT events=2492 devices=36 meshx_peers=1 sent=4 distinct_msgs=4 beacon_callbacks=125 envelopes=0
5145:05-17 05:24:22.474 29233 29283 I Elixir  : BleSelfTest: HEARTBEAT events=2886 devices=36 meshx_peers=1 sent=4 distinct_msgs=4 beacon_callbacks=158 envelopes=0
5146:05-17 05:24:22.476 29233 29269 I BEAMout : 05:24:22.474 [info] BleSelfTest: HEARTBEAT events=2886 devices=36 meshx_peers=1 sent=4 distinct_msgs=4 beacon_callbacks=158 envelopes=0
5161:05-17 05:24:22.612 29233 29283 I MeshxBleDispatch: {"v":1,"event":"ble_capabilities","supports_extended_advertising":true,"max_advertising_data_length":1024,"is_multiple_advertisement_supported":true,"legacy_manufacturer_payload_budget":24}
5173:05-17 05:24:22.630 29233 29283 I MeshxBleDispatch: {"v":1,"event":"attempt_outcome","attempt_id":"selftest-1779020662596","message_id":"jqibMLGPZuqhINQrgdopJw==","target_peer_id":"broadcast","target_device_ids":["broadcast"],"kind":"dispatched","reason":"legacy_beacon_fallback","adapter":"ble_android","outcome_at_ms":184334659}
5174:05-17 05:24:22.632 29233 29283 I MeshxBleNative: sendToPeer(broadcast, 31B) -> DISPATCHED reason=legacy_beacon_fallback
5175:05-17 05:24:22.632 29233 29283 I Elixir  : BleSelfTest: MESH MESSAGE SENT payload="hello-from-meshx-dev-1779020662" result=:ok
5176:05-17 05:24:22.635 29233 29283 W Elixir  : BleSelfTest: bridge error unknown: {"v":1,"event":"attempt_outcome","attempt_id":"selftest-1779020662596","message_id":"jqibMLGPZuqhINQrgdopJw==","target_peer_id":"broadcast","target_device_ids":["broadcast"],"kind":"dispatched","reason":"legacy_beacon_fallback","adapter":"ble_android","outcome_at_ms":184334659}
5177:05-17 05:24:22.637 29233 29269 I BEAMout : 05:24:22.632 [info] BleSelfTest: MESH MESSAGE SENT payload="hello-from-meshx-dev-1779020662" result=:ok
5178:05-17 05:24:22.637 29233 29269 I BEAMout : 05:24:22.635 [warning] BleSelfTest: bridge error unknown: {"v":1,"event":"attempt_outcome","attempt_id":"selftest-1779020662596","message_id":"jqibMLGPZuqhINQrgdopJw==","target_peer_id":"broadcast","target_device_ids":["broadcast"],"kind":"dispatched","reason":"legacy_beacon_fallback","adapter":"ble_android","outcome_at_ms":184334659}
5181:05-17 05:24:22.647 29233 29233 I MeshxBleDispatch: {"v":1,"event":"legacy_beacon_advertising_started","attempt_id":"selftest-1779020662596","beacon_size":22,"beacon":"TUIBAQEA\/LtJDbBlKIIS94VXUXoT+Q==","message_id_hash":"\/LtJDbBlKII=","sender_peer_id_hash":"EveFV1F6E\/k=","payload_kind":"TX","envelope_version":1,"window_ms":5000,"data_carrier":"legacy_advertisement"}
5606:05-17 05:24:27.477 29233 29283 I Elixir  : BleSelfTest: HEARTBEAT events=3318 devices=37 meshx_peers=1 sent=5 distinct_msgs=4 beacon_callbacks=164 envelopes=0
5607:05-17 05:24:27.478 29233 29269 I BEAMout : 05:24:27.477 [info] BleSelfTest: HEARTBEAT events=3318 devices=37 meshx_peers=1 sent=5 distinct_msgs=4 beacon_callbacks=164 envelopes=0
5740:05-17 05:24:29.653 29233 29283 I MeshxBleDispatch: {"v":1,"event":"ble_capabilities","supports_extended_advertising":true,"max_advertising_data_length":1024,"is_multiple_advertisement_supported":true,"legacy_manufacturer_payload_budget":24}
5756:05-17 05:24:29.680 29233 29283 I MeshxBleDispatch: {"v":1,"event":"attempt_outcome","attempt_id":"selftest-1779020669640","message_id":"o\/K\/wuH2fjmgh4i0IXCFKA==","target_peer_id":"broadcast","target_device_ids":["broadcast"],"kind":"dispatched","reason":"legacy_beacon_fallback","adapter":"ble_android","outcome_at_ms":184341702}
5758:05-17 05:24:29.681 29233 29283 I MeshxBleNative: sendToPeer(broadcast, 31B) -> DISPATCHED reason=legacy_beacon_fallback
5759:05-17 05:24:29.682 29233 29283 I Elixir  : BleSelfTest: MESH MESSAGE SENT payload="hello-from-meshx-dev-1779020669" result=:ok
5760:05-17 05:24:29.687 29233 29283 W Elixir  : BleSelfTest: bridge error unknown: {"v":1,"event":"attempt_outcome","attempt_id":"selftest-1779020669640","message_id":"o\/K\/wuH2fjmgh4i0IXCFKA==","target_peer_id":"broadcast","target_device_ids":["broadcast"],"kind":"dispatched","reason":"legacy_beacon_fallback","adapter":"ble_android","outcome_at_ms":184341702}
5761:05-17 05:24:29.690 29233 29269 I BEAMout : 05:24:29.682 [info] BleSelfTest: MESH MESSAGE SENT payload="hello-from-meshx-dev-1779020669" result=:ok
5762:05-17 05:24:29.692 29233 29269 I BEAMout : 05:24:29.687 [warning] BleSelfTest: bridge error unknown: {"v":1,"event":"attempt_outcome","attempt_id":"selftest-1779020669640","message_id":"o\/K\/wuH2fjmgh4i0IXCFKA==","target_peer_id":"broadcast","target_device_ids":["broadcast"],"kind":"dispatched","reason":"legacy_beacon_fallback","adapter":"ble_android","outcome_at_ms":184341702}
5765:05-17 05:24:29.701 29233 29233 I MeshxBleDispatch: {"v":1,"event":"legacy_beacon_advertising_started","attempt_id":"selftest-1779020669640","beacon_size":22,"beacon":"TUIBAQEAEezM2V5HI6wS94VXUXoT+Q==","message_id_hash":"EezM2V5HI6w=","sender_peer_id_hash":"EveFV1F6E\/k=","payload_kind":"TX","envelope_version":1,"window_ms":5000,"data_carrier":"legacy_advertisement"}
5922:05-17 05:24:32.479 29233 29283 I Elixir  : BleSelfTest: HEARTBEAT events=3594 devices=37 meshx_peers=1 sent=6 distinct_msgs=4 beacon_callbacks=164 envelopes=0
5923:05-17 05:24:32.482 29233 29269 I BEAMout : 05:24:32.479 [info] BleSelfTest: HEARTBEAT events=3594 devices=37 meshx_peers=1 sent=6 distinct_msgs=4 beacon_callbacks=164 envelopes=0
