11:18:58  Acquired tunnel connection to device.
11:18:58  Enabling developer disk image services.
11:18:58  Acquired usage assertion.
Launched application with dev.meshx.mobile.harness bundle identifier.
Waiting for the application to terminate…
MeshxMessageObserver: scan_requested
MeshxMessageObserver: state CBManagerState(rawValue: 5)
MeshxMessageObserver: scan_started
MeshxMessageObserver: legacy_beacon_received device_id=47FBE6E4-6B92-11E1-4081-E3C18A1CEFFD rssi=-57 message_id_hash=b9b99115c11c8255 sender_peer_id_hash=f70806eddc285bcc payload_kind=TX beacon_version=1 envelope_version=1
MeshxMessageObserver: legacy_beacon_received device_id=47FBE6E4-6B92-11E1-4081-E3C18A1CEFFD rssi=-58 message_id_hash=b9b99115c11c8255 sender_peer_id_hash=f70806eddc285bcc payload_kind=TX beacon_version=1 envelope_version=1
MeshxMessageObserver: legacy_beacon_received device_id=47FBE6E4-6B92-11E1-4081-E3C18A1CEFFD rssi=-60 message_id_hash=b9b99115c11c8255 sender_peer_id_hash=f70806eddc285bcc payload_kind=TX beacon_version=1 envelope_version=1
MeshxMessageObserver: legacy_beacon_received device_id=47FBE6E4-6B92-11E1-4081-E3C18A1CEFFD rssi=-60 message_id_hash=b9b99115c11c8255 sender_peer_id_hash=f70806eddc285bcc payload_kind=TX beacon_version=1 envelope_version=1
MeshxMessageObserver: legacy_beacon_received device_id=47FBE6E4-6B92-11E1-4081-E3C18A1CEFFD rssi=-60 message_id_hash=b9b99115c11c8255 sender_peer_id_hash=f70806eddc285bcc payload_kind=TX beacon_version=1 envelope_version=1
MeshxMessageObserver: legacy_beacon_received device_id=47FBE6E4-6B92-11E1-4081-E3C18A1CEFFD rssi=-60 message_id_hash=b9b99115c11c8255 sender_peer_id_hash=f70806eddc285bcc payload_kind=TX beacon_version=1 envelope_version=1
MeshxMessageObserver: legacy_beacon_received device_id=47FBE6E4-6B92-11E1-4081-E3C18A1CEFFD rssi=-60 message_id_hash=b9b99115c11c8255 sender_peer_id_hash=f70806eddc285bcc payload_kind=TX beacon_version=1 envelope_version=1
MeshxMessageObserver: legacy_beacon_received device_id=47FBE6E4-6B92-11E1-4081-E3C18A1CEFFD rssi=-60 message_id_hash=b9b99115c11c8255 sender_peer_id_hash=f70806eddc285bcc payload_kind=TX beacon_version=1 envelope_version=1
MeshxMessageObserver: legacy_beacon_received device_id=47FBE6E4-6B92-11E1-4081-E3C18A1CEFFD rssi=127 message_id_hash=b9b99115c11c8255 sender_peer_id_hash=f70806eddc285bcc payload_kind=TX beacon_version=1 envelope_version=1
MeshxMessageObserver: legacy_beacon_received device_id=47FBE6E4-6B92-11E1-4081-E3C18A1CEFFD rssi=127 message_id_hash=b9b99115c11c8255 sender_peer_id_hash=f70806eddc285bcc payload_kind=TX beacon_version=1 envelope_version=1
MeshxMessageObserver: legacy_beacon_received device_id=47FBE6E4-6B92-11E1-4081-E3C18A1CEFFD rssi=-60 message_id_hash=b9b99115c11c8255 sender_peer_id_hash=f70806eddc285bcc payload_kind=TX beacon_version=1 envelope_version=1
MeshxMessageObserver: legacy_beacon_received device_id=47FBE6E4-6B92-11E1-4081-E3C18A1CEFFD rssi=-61 message_id_hash=b9b99115c11c8255 sender_peer_id_hash=f70806eddc285bcc payload_kind=TX beacon_version=1 envelope_version=1
MeshxMessageObserver: legacy_beacon_received device_id=47FBE6E4-6B92-11E1-4081-E3C18A1CEFFD rssi=-61 message_id_hash=b9b99115c11c8255 sender_peer_id_hash=f70806eddc285bcc payload_kind=TX beacon_version=1 envelope_version=1
MeshxMessageObserver: legacy_beacon_received device_id=47FBE6E4-6B92-11E1-4081-E3C18A1CEFFD rssi=-60 message_id_hash=b9b99115c11c8255 sender_peer_id_hash=f70806eddc285bcc payload_kind=TX beacon_version=1 envelope_version=1
MeshxMessageObserver: legacy_beacon_received device_id=47FBE6E4-6B92-11E1-4081-E3C18A1CEFFD rssi=127 message_id_hash=b9b99115c11c8255 sender_peer_id_hash=f70806eddc285bcc payload_kind=TX beacon_version=1 envelope_version=1
MeshxMessageObserver: legacy_beacon_received device_id=47FBE6E4-6B92-11E1-4081-E3C18A1CEFFD rssi=127 message_id_hash=b9b99115c11c8255 sender_peer_id_hash=f70806eddc285bcc payload_kind=TX beacon_version=1 envelope_version=1
MeshxMessageObserver: legacy_beacon_received device_id=47FBE6E4-6B92-11E1-4081-E3C18A1CEFFD rssi=127 message_id_hash=b9b99115c11c8255 sender_peer_id_hash=f70806eddc285bcc payload_kind=TX beacon_version=1 envelope_version=1
MeshxMessageObserver: legacy_beacon_received device_id=47FBE6E4-6B92-11E1-4081-E3C18A1CEFFD rssi=127 message_id_hash=b9b99115c11c8255 sender_peer_id_hash=f70806eddc285bcc payload_kind=TX beacon_version=1 envelope_version=1
MeshxMessageObserver: legacy_beacon_received device_id=47FBE6E4-6B92-11E1-4081-E3C18A1CEFFD rssi=-60 message_id_hash=b9b99115c11c8255 sender_peer_id_hash=f70806eddc285bcc payload_kind=TX beacon_version=1 envelope_version=1
MeshxMessageObserver: legacy_beacon_received device_id=47FBE6E4-6B92-11E1-4081-E3C18A1CEFFD rssi=-60 message_id_hash=b9b99115c11c8255 sender_peer_id_hash=f70806eddc285bcc payload_kind=TX beacon_version=1 envelope_version=1
MeshxMessageObserver: legacy_beacon_received device_id=47FBE6E4-6B92-11E1-4081-E3C18A1CEFFD rssi=-60 message_id_hash=b9b99115c11c8255 sender_peer_id_hash=f70806eddc285bcc payload_kind=TX beacon_version=1 envelope_version=1
MeshxMessageObserver: legacy_beacon_received device_id=47FBE6E4-6B92-11E1-4081-E3C18A1CEFFD rssi=-60 message_id_hash=b9b99115c11c8255 sender_peer_id_hash=f70806eddc285bcc payload_kind=TX beacon_version=1 envelope_version=1
MeshxMessageObserver: legacy_beacon_received device_id=47FBE6E4-6B92-11E1-4081-E3C18A1CEFFD rssi=127 message_id_hash=b9b99115c11c8255 sender_peer_id_hash=f70806eddc285bcc payload_kind=TX beacon_version=1 envelope_version=1
MeshxMessageObserver: legacy_beacon_received device_id=47FBE6E4-6B92-11E1-4081-E3C18A1CEFFD rssi=127 message_id_hash=b9b99115c11c8255 sender_peer_id_hash=f70806eddc285bcc payload_kind=TX beacon_version=1 envelope_version=1
MeshxMessageObserver: legacy_beacon_received device_id=47FBE6E4-6B92-11E1-4081-E3C18A1CEFFD rssi=-61 message_id_hash=b9b99115c11c8255 sender_peer_id_hash=f70806eddc285bcc payload_kind=TX beacon_version=1 envelope_version=1
MeshxMessageObserver: legacy_beacon_received device_id=47FBE6E4-6B92-11E1-4081-E3C18A1CEFFD rssi=-61 message_id_hash=b9b99115c11c8255 sender_peer_id_hash=f70806eddc285bcc payload_kind=TX beacon_version=1 envelope_version=1
MeshxMessageObserver: legacy_beacon_received device_id=67406CA8-A328-C342-1319-A2E527290CFD rssi=-61 message_id_hash=6fcf5329bcd9f083 sender_peer_id_hash=f70806eddc285bcc payload_kind=TX beacon_version=1 envelope_version=1
MeshxMessageObserver: legacy_beacon_received device_id=67406CA8-A328-C342-1319-A2E527290CFD rssi=-61 message_id_hash=6fcf5329bcd9f083 sender_peer_id_hash=f70806eddc285bcc payload_kind=TX beacon_version=1 envelope_version=1
MeshxMessageObserver: legacy_beacon_received device_id=67406CA8-A328-C342-1319-A2E527290CFD rssi=-60 message_id_hash=6fcf5329bcd9f083 sender_peer_id_hash=f70806eddc285bcc payload_kind=TX beacon_version=1 envelope_version=1
MeshxMessageObserver: legacy_beacon_received device_id=67406CA8-A328-C342-1319-A2E527290CFD rssi=-61 message_id_hash=6fcf5329bcd9f083 sender_peer_id_hash=f70806eddc285bcc payload_kind=TX beacon_version=1 envelope_version=1
MeshxMessageObserver: legacy_beacon_received device_id=67406CA8-A328-C342-1319-A2E527290CFD rssi=127 message_id_hash=6fcf5329bcd9f083 sender_peer_id_hash=f70806eddc285bcc payload_kind=TX beacon_version=1 envelope_version=1
MeshxMessageObserver: legacy_beacon_received device_id=67406CA8-A328-C342-1319-A2E527290CFD rssi=127 message_id_hash=6fcf5329bcd9f083 sender_peer_id_hash=f70806eddc285bcc payload_kind=TX beacon_version=1 envelope_version=1
MeshxMessageObserver: legacy_beacon_received device_id=67406CA8-A328-C342-1319-A2E527290CFD rssi=-58 message_id_hash=6fcf5329bcd9f083 sender_peer_id_hash=f70806eddc285bcc payload_kind=TX beacon_version=1 envelope_version=1
MeshxMessageObserver: legacy_beacon_received device_id=67406CA8-A328-C342-1319-A2E527290CFD rssi=-60 message_id_hash=6fcf5329bcd9f083 sender_peer_id_hash=f70806eddc285bcc payload_kind=TX beacon_version=1 envelope_version=1
MeshxMessageObserver: legacy_beacon_received device_id=67406CA8-A328-C342-1319-A2E527290CFD rssi=-60 message_id_hash=6fcf5329bcd9f083 sender_peer_id_hash=f70806eddc285bcc payload_kind=TX beacon_version=1 envelope_version=1
MeshxMessageObserver: legacy_beacon_received device_id=67406CA8-A328-C342-1319-A2E527290CFD rssi=-60 message_id_hash=6fcf5329bcd9f083 sender_peer_id_hash=f70806eddc285bcc payload_kind=TX beacon_version=1 envelope_version=1
MeshxMessageObserver: legacy_beacon_received device_id=67406CA8-A328-C342-1319-A2E527290CFD rssi=-61 message_id_hash=6fcf5329bcd9f083 sender_peer_id_hash=f70806eddc285bcc payload_kind=TX beacon_version=1 envelope_version=1
MeshxMessageObserver: legacy_beacon_received device_id=67406CA8-A328-C342-1319-A2E527290CFD rssi=127 message_id_hash=6fcf5329bcd9f083 sender_peer_id_hash=f70806eddc285bcc payload_kind=TX beacon_version=1 envelope_version=1
MeshxMessageObserver: legacy_beacon_received device_id=67406CA8-A328-C342-1319-A2E527290CFD rssi=127 message_id_hash=6fcf5329bcd9f083 sender_peer_id_hash=f70806eddc285bcc payload_kind=TX beacon_version=1 envelope_version=1
MeshxMessageObserver: legacy_beacon_received device_id=67406CA8-A328-C342-1319-A2E527290CFD rssi=-58 message_id_hash=6fcf5329bcd9f083 sender_peer_id_hash=f70806eddc285bcc payload_kind=TX beacon_version=1 envelope_version=1
MeshxMessageObserver: legacy_beacon_received device_id=67406CA8-A328-C342-1319-A2E527290CFD rssi=-58 message_id_hash=6fcf5329bcd9f083 sender_peer_id_hash=f70806eddc285bcc payload_kind=TX beacon_version=1 envelope_version=1
MeshxMessageObserver: legacy_beacon_received device_id=67406CA8-A328-C342-1319-A2E527290CFD rssi=-61 message_id_hash=6fcf5329bcd9f083 sender_peer_id_hash=f70806eddc285bcc payload_kind=TX beacon_version=1 envelope_version=1
MeshxMessageObserver: legacy_beacon_received device_id=67406CA8-A328-C342-1319-A2E527290CFD rssi=-61 message_id_hash=6fcf5329bcd9f083 sender_peer_id_hash=f70806eddc285bcc payload_kind=TX beacon_version=1 envelope_version=1
MeshxMessageObserver: legacy_beacon_received device_id=67406CA8-A328-C342-1319-A2E527290CFD rssi=127 message_id_hash=6fcf5329bcd9f083 sender_peer_id_hash=f70806eddc285bcc payload_kind=TX beacon_version=1 envelope_version=1
MeshxMessageObserver: legacy_beacon_received device_id=67406CA8-A328-C342-1319-A2E527290CFD rssi=127 message_id_hash=6fcf5329bcd9f083 sender_peer_id_hash=f70806eddc285bcc payload_kind=TX beacon_version=1 envelope_version=1
MeshxMessageObserver: legacy_beacon_received device_id=67406CA8-A328-C342-1319-A2E527290CFD rssi=127 message_id_hash=6fcf5329bcd9f083 sender_peer_id_hash=f70806eddc285bcc payload_kind=TX beacon_version=1 envelope_version=1
MeshxMessageObserver: legacy_beacon_received device_id=67406CA8-A328-C342-1319-A2E527290CFD rssi=-58 message_id_hash=6fcf5329bcd9f083 sender_peer_id_hash=f70806eddc285bcc payload_kind=TX beacon_version=1 envelope_version=1
MeshxMessageObserver: legacy_beacon_received device_id=67406CA8-A328-C342-1319-A2E527290CFD rssi=-58 message_id_hash=6fcf5329bcd9f083 sender_peer_id_hash=f70806eddc285bcc payload_kind=TX beacon_version=1 envelope_version=1
MeshxMessageObserver: legacy_beacon_received device_id=67406CA8-A328-C342-1319-A2E527290CFD rssi=-58 message_id_hash=6fcf5329bcd9f083 sender_peer_id_hash=f70806eddc285bcc payload_kind=TX beacon_version=1 envelope_version=1
MeshxMessageObserver: legacy_beacon_received device_id=67406CA8-A328-C342-1319-A2E527290CFD rssi=-60 message_id_hash=6fcf5329bcd9f083 sender_peer_id_hash=f70806eddc285bcc payload_kind=TX beacon_version=1 envelope_version=1
MeshxMessageObserver: legacy_beacon_received device_id=67406CA8-A328-C342-1319-A2E527290CFD rssi=-59 message_id_hash=6fcf5329bcd9f083 sender_peer_id_hash=f70806eddc285bcc payload_kind=TX beacon_version=1 envelope_version=1
MeshxMessageObserver: legacy_beacon_received device_id=67406CA8-A328-C342-1319-A2E527290CFD rssi=-60 message_id_hash=6fcf5329bcd9f083 sender_peer_id_hash=f70806eddc285bcc payload_kind=TX beacon_version=1 envelope_version=1
MeshxMessageObserver: legacy_beacon_received device_id=67406CA8-A328-C342-1319-A2E527290CFD rssi=-61 message_id_hash=6fcf5329bcd9f083 sender_peer_id_hash=f70806eddc285bcc payload_kind=TX beacon_version=1 envelope_version=1
MeshxMessageObserver: legacy_beacon_received device_id=67406CA8-A328-C342-1319-A2E527290CFD rssi=127 message_id_hash=6fcf5329bcd9f083 sender_peer_id_hash=f70806eddc285bcc payload_kind=TX beacon_version=1 envelope_version=1
MeshxMessageObserver: legacy_beacon_received device_id=67406CA8-A328-C342-1319-A2E527290CFD rssi=127 message_id_hash=6fcf5329bcd9f083 sender_peer_id_hash=f70806eddc285bcc payload_kind=TX beacon_version=1 envelope_version=1
MeshxMessageObserver: legacy_beacon_received device_id=67406CA8-A328-C342-1319-A2E527290CFD rssi=127 message_id_hash=6fcf5329bcd9f083 sender_peer_id_hash=f70806eddc285bcc payload_kind=TX beacon_version=1 envelope_version=1
MeshxMessageObserver: legacy_beacon_received device_id=67406CA8-A328-C342-1319-A2E527290CFD rssi=127 message_id_hash=6fcf5329bcd9f083 sender_peer_id_hash=f70806eddc285bcc payload_kind=TX beacon_version=1 envelope_version=1
MeshxMessageObserver: legacy_beacon_received device_id=67406CA8-A328-C342-1319-A2E527290CFD rssi=-58 message_id_hash=6fcf5329bcd9f083 sender_peer_id_hash=f70806eddc285bcc payload_kind=TX beacon_version=1 envelope_version=1
MeshxMessageObserver: legacy_beacon_received device_id=67406CA8-A328-C342-1319-A2E527290CFD rssi=-58 message_id_hash=6fcf5329bcd9f083 sender_peer_id_hash=f70806eddc285bcc payload_kind=TX beacon_version=1 envelope_version=1
MeshxMessageObserver: legacy_beacon_received device_id=67406CA8-A328-C342-1319-A2E527290CFD rssi=-58 message_id_hash=6fcf5329bcd9f083 sender_peer_id_hash=f70806eddc285bcc payload_kind=TX beacon_version=1 envelope_version=1
MeshxMessageObserver: legacy_beacon_received device_id=67406CA8-A328-C342-1319-A2E527290CFD rssi=-58 message_id_hash=6fcf5329bcd9f083 sender_peer_id_hash=f70806eddc285bcc payload_kind=TX beacon_version=1 envelope_version=1
MeshxMessageObserver: legacy_beacon_received device_id=67406CA8-A328-C342-1319-A2E527290CFD rssi=-61 message_id_hash=6fcf5329bcd9f083 sender_peer_id_hash=f70806eddc285bcc payload_kind=TX beacon_version=1 envelope_version=1
MeshxMessageObserver: legacy_beacon_received device_id=67406CA8-A328-C342-1319-A2E527290CFD rssi=-61 message_id_hash=6fcf5329bcd9f083 sender_peer_id_hash=f70806eddc285bcc payload_kind=TX beacon_version=1 envelope_version=1
MeshxMessageObserver: legacy_beacon_received device_id=67406CA8-A328-C342-1319-A2E527290CFD rssi=-60 message_id_hash=6fcf5329bcd9f083 sender_peer_id_hash=f70806eddc285bcc payload_kind=TX beacon_version=1 envelope_version=1
MeshxMessageObserver: legacy_beacon_received device_id=67406CA8-A328-C342-1319-A2E527290CFD rssi=-62 message_id_hash=6fcf5329bcd9f083 sender_peer_id_hash=f70806eddc285bcc payload_kind=TX beacon_version=1 envelope_version=1
MeshxMessageObserver: legacy_beacon_received device_id=67406CA8-A328-C342-1319-A2E527290CFD rssi=127 message_id_hash=6fcf5329bcd9f083 sender_peer_id_hash=f70806eddc285bcc payload_kind=TX beacon_version=1 envelope_version=1
MeshxMessageObserver: legacy_beacon_received device_id=67406CA8-A328-C342-1319-A2E527290CFD rssi=-57 message_id_hash=6fcf5329bcd9f083 sender_peer_id_hash=f70806eddc285bcc payload_kind=TX beacon_version=1 envelope_version=1
MeshxMessageObserver: legacy_beacon_received device_id=67406CA8-A328-C342-1319-A2E527290CFD rssi=-60 message_id_hash=6fcf5329bcd9f083 sender_peer_id_hash=f70806eddc285bcc payload_kind=TX beacon_version=1 envelope_version=1
MeshxMessageObserver: legacy_beacon_received device_id=67406CA8-A328-C342-1319-A2E527290CFD rssi=-60 message_id_hash=6fcf5329bcd9f083 sender_peer_id_hash=f70806eddc285bcc payload_kind=TX beacon_version=1 envelope_version=1
MeshxMessageObserver: legacy_beacon_received device_id=67406CA8-A328-C342-1319-A2E527290CFD rssi=127 message_id_hash=6fcf5329bcd9f083 sender_peer_id_hash=f70806eddc285bcc payload_kind=TX beacon_version=1 envelope_version=1
MeshxMessageObserver: legacy_beacon_received device_id=67406CA8-A328-C342-1319-A2E527290CFD rssi=127 message_id_hash=6fcf5329bcd9f083 sender_peer_id_hash=f70806eddc285bcc payload_kind=TX beacon_version=1 envelope_version=1
MeshxMessageObserver: legacy_beacon_received device_id=67406CA8-A328-C342-1319-A2E527290CFD rssi=-58 message_id_hash=6fcf5329bcd9f083 sender_peer_id_hash=f70806eddc285bcc payload_kind=TX beacon_version=1 envelope_version=1
MeshxMessageObserver: legacy_beacon_received device_id=67406CA8-A328-C342-1319-A2E527290CFD rssi=-58 message_id_hash=6fcf5329bcd9f083 sender_peer_id_hash=f70806eddc285bcc payload_kind=TX beacon_version=1 envelope_version=1
MeshxMessageObserver: legacy_beacon_received device_id=67406CA8-A328-C342-1319-A2E527290CFD rssi=-58 message_id_hash=6fcf5329bcd9f083 sender_peer_id_hash=f70806eddc285bcc payload_kind=TX beacon_version=1 envelope_version=1
MeshxMessageObserver: legacy_beacon_received device_id=67406CA8-A328-C342-1319-A2E527290CFD rssi=127 message_id_hash=6fcf5329bcd9f083 sender_peer_id_hash=f70806eddc285bcc payload_kind=TX beacon_version=1 envelope_version=1
MeshxMessageObserver: legacy_beacon_received device_id=67406CA8-A328-C342-1319-A2E527290CFD rssi=127 message_id_hash=6fcf5329bcd9f083 sender_peer_id_hash=f70806eddc285bcc payload_kind=TX beacon_version=1 envelope_version=1
MeshxMessageObserver: legacy_beacon_received device_id=67406CA8-A328-C342-1319-A2E527290CFD rssi=-58 message_id_hash=6fcf5329bcd9f083 sender_peer_id_hash=f70806eddc285bcc payload_kind=TX beacon_version=1 envelope_version=1
MeshxMessageObserver: legacy_beacon_received device_id=67406CA8-A328-C342-1319-A2E527290CFD rssi=127 message_id_hash=6fcf5329bcd9f083 sender_peer_id_hash=f70806eddc285bcc payload_kind=TX beacon_version=1 envelope_version=1
MeshxMessageObserver: legacy_beacon_received device_id=67406CA8-A328-C342-1319-A2E527290CFD rssi=-57 message_id_hash=6fcf5329bcd9f083 sender_peer_id_hash=f70806eddc285bcc payload_kind=TX beacon_version=1 envelope_version=1
MeshxMessageObserver: legacy_beacon_received device_id=67406CA8-A328-C342-1319-A2E527290CFD rssi=-60 message_id_hash=6fcf5329bcd9f083 sender_peer_id_hash=f70806eddc285bcc payload_kind=TX beacon_version=1 envelope_version=1
MeshxMessageObserver: legacy_beacon_received device_id=67406CA8-A328-C342-1319-A2E527290CFD rssi=127 message_id_hash=6fcf5329bcd9f083 sender_peer_id_hash=f70806eddc285bcc payload_kind=TX beacon_version=1 envelope_version=1
MeshxMessageObserver: legacy_beacon_received device_id=67406CA8-A328-C342-1319-A2E527290CFD rssi=-58 message_id_hash=6fcf5329bcd9f083 sender_peer_id_hash=f70806eddc285bcc payload_kind=TX beacon_version=1 envelope_version=1
MeshxMessageObserver: legacy_beacon_received device_id=67406CA8-A328-C342-1319-A2E527290CFD rssi=-58 message_id_hash=6fcf5329bcd9f083 sender_peer_id_hash=f70806eddc285bcc payload_kind=TX beacon_version=1 envelope_version=1
MeshxMessageObserver: legacy_beacon_received device_id=67406CA8-A328-C342-1319-A2E527290CFD rssi=-58 message_id_hash=6fcf5329bcd9f083 sender_peer_id_hash=f70806eddc285bcc payload_kind=TX beacon_version=1 envelope_version=1
MeshxMessageObserver: legacy_beacon_received device_id=67406CA8-A328-C342-1319-A2E527290CFD rssi=-60 message_id_hash=6fcf5329bcd9f083 sender_peer_id_hash=f70806eddc285bcc payload_kind=TX beacon_version=1 envelope_version=1
MeshxMessageObserver: legacy_beacon_received device_id=67406CA8-A328-C342-1319-A2E527290CFD rssi=-59 message_id_hash=6fcf5329bcd9f083 sender_peer_id_hash=f70806eddc285bcc payload_kind=TX beacon_version=1 envelope_version=1
MeshxMessageObserver: legacy_beacon_received device_id=67406CA8-A328-C342-1319-A2E527290CFD rssi=-60 message_id_hash=6fcf5329bcd9f083 sender_peer_id_hash=f70806eddc285bcc payload_kind=TX beacon_version=1 envelope_version=1
MeshxMessageObserver: legacy_beacon_received device_id=67406CA8-A328-C342-1319-A2E527290CFD rssi=-60 message_id_hash=6fcf5329bcd9f083 sender_peer_id_hash=f70806eddc285bcc payload_kind=TX beacon_version=1 envelope_version=1
MeshxMessageObserver: legacy_beacon_received device_id=67406CA8-A328-C342-1319-A2E527290CFD rssi=-58 message_id_hash=6fcf5329bcd9f083 sender_peer_id_hash=f70806eddc285bcc payload_kind=TX beacon_version=1 envelope_version=1
MeshxMessageObserver: legacy_beacon_received device_id=67406CA8-A328-C342-1319-A2E527290CFD rssi=127 message_id_hash=6fcf5329bcd9f083 sender_peer_id_hash=f70806eddc285bcc payload_kind=TX beacon_version=1 envelope_version=1
MeshxMessageObserver: legacy_beacon_received device_id=67406CA8-A328-C342-1319-A2E527290CFD rssi=-58 message_id_hash=6fcf5329bcd9f083 sender_peer_id_hash=f70806eddc285bcc payload_kind=TX beacon_version=1 envelope_version=1
MeshxMessageObserver: legacy_beacon_received device_id=26CA66DF-83C3-B885-6EF0-4EB8E0401236 rssi=-61 message_id_hash=00ec2f1545597cba sender_peer_id_hash=f70806eddc285bcc payload_kind=TX beacon_version=1 envelope_version=1
MeshxMessageObserver: legacy_beacon_received device_id=26CA66DF-83C3-B885-6EF0-4EB8E0401236 rssi=-60 message_id_hash=00ec2f1545597cba sender_peer_id_hash=f70806eddc285bcc payload_kind=TX beacon_version=1 envelope_version=1
MeshxMessageObserver: legacy_beacon_received device_id=26CA66DF-83C3-B885-6EF0-4EB8E0401236 rssi=-58 message_id_hash=00ec2f1545597cba sender_peer_id_hash=f70806eddc285bcc payload_kind=TX beacon_version=1 envelope_version=1
MeshxMessageObserver: legacy_beacon_received device_id=26CA66DF-83C3-B885-6EF0-4EB8E0401236 rssi=-60 message_id_hash=00ec2f1545597cba sender_peer_id_hash=f70806eddc285bcc payload_kind=TX beacon_version=1 envelope_version=1
MeshxMessageObserver: legacy_beacon_received device_id=26CA66DF-83C3-B885-6EF0-4EB8E0401236 rssi=-60 message_id_hash=00ec2f1545597cba sender_peer_id_hash=f70806eddc285bcc payload_kind=TX beacon_version=1 envelope_version=1
MeshxMessageObserver: legacy_beacon_received device_id=26CA66DF-83C3-B885-6EF0-4EB8E0401236 rssi=-61 message_id_hash=00ec2f1545597cba sender_peer_id_hash=f70806eddc285bcc payload_kind=TX beacon_version=1 envelope_version=1
MeshxMessageObserver: legacy_beacon_received device_id=26CA66DF-83C3-B885-6EF0-4EB8E0401236 rssi=-60 message_id_hash=00ec2f1545597cba sender_peer_id_hash=f70806eddc285bcc payload_kind=TX beacon_version=1 envelope_version=1
MeshxMessageObserver: legacy_beacon_received device_id=26CA66DF-83C3-B885-6EF0-4EB8E0401236 rssi=-58 message_id_hash=00ec2f1545597cba sender_peer_id_hash=f70806eddc285bcc payload_kind=TX beacon_version=1 envelope_version=1
MeshxMessageObserver: legacy_beacon_received device_id=26CA66DF-83C3-B885-6EF0-4EB8E0401236 rssi=127 message_id_hash=00ec2f1545597cba sender_peer_id_hash=f70806eddc285bcc payload_kind=TX beacon_version=1 envelope_version=1
MeshxMessageObserver: legacy_beacon_received device_id=26CA66DF-83C3-B885-6EF0-4EB8E0401236 rssi=-58 message_id_hash=00ec2f1545597cba sender_peer_id_hash=f70806eddc285bcc payload_kind=TX beacon_version=1 envelope_version=1
MeshxMessageObserver: legacy_beacon_received device_id=26CA66DF-83C3-B885-6EF0-4EB8E0401236 rssi=-58 message_id_hash=00ec2f1545597cba sender_peer_id_hash=f70806eddc285bcc payload_kind=TX beacon_version=1 envelope_version=1
MeshxMessageObserver: legacy_beacon_received device_id=26CA66DF-83C3-B885-6EF0-4EB8E0401236 rssi=-60 message_id_hash=00ec2f1545597cba sender_peer_id_hash=f70806eddc285bcc payload_kind=TX beacon_version=1 envelope_version=1
MeshxMessageObserver: legacy_beacon_received device_id=26CA66DF-83C3-B885-6EF0-4EB8E0401236 rssi=-60 message_id_hash=00ec2f1545597cba sender_peer_id_hash=f70806eddc285bcc payload_kind=TX beacon_version=1 envelope_version=1
MeshxMessageObserver: legacy_beacon_received device_id=26CA66DF-83C3-B885-6EF0-4EB8E0401236 rssi=-60 message_id_hash=00ec2f1545597cba sender_peer_id_hash=f70806eddc285bcc payload_kind=TX beacon_version=1 envelope_version=1
MeshxMessageObserver: legacy_beacon_received device_id=26CA66DF-83C3-B885-6EF0-4EB8E0401236 rssi=-60 message_id_hash=00ec2f1545597cba sender_peer_id_hash=f70806eddc285bcc payload_kind=TX beacon_version=1 envelope_version=1
MeshxMessageObserver: legacy_beacon_received device_id=26CA66DF-83C3-B885-6EF0-4EB8E0401236 rssi=-60 message_id_hash=00ec2f1545597cba sender_peer_id_hash=f70806eddc285bcc payload_kind=TX beacon_version=1 envelope_version=1
MeshxMessageObserver: legacy_beacon_received device_id=26CA66DF-83C3-B885-6EF0-4EB8E0401236 rssi=-60 message_id_hash=00ec2f1545597cba sender_peer_id_hash=f70806eddc285bcc payload_kind=TX beacon_version=1 envelope_version=1
MeshxMessageObserver: legacy_beacon_received device_id=26CA66DF-83C3-B885-6EF0-4EB8E0401236 rssi=127 message_id_hash=00ec2f1545597cba sender_peer_id_hash=f70806eddc285bcc payload_kind=TX beacon_version=1 envelope_version=1
MeshxMessageObserver: legacy_beacon_received device_id=26CA66DF-83C3-B885-6EF0-4EB8E0401236 rssi=-58 message_id_hash=00ec2f1545597cba sender_peer_id_hash=f70806eddc285bcc payload_kind=TX beacon_version=1 envelope_version=1
MeshxMessageObserver: legacy_beacon_received device_id=26CA66DF-83C3-B885-6EF0-4EB8E0401236 rssi=127 message_id_hash=00ec2f1545597cba sender_peer_id_hash=f70806eddc285bcc payload_kind=TX beacon_version=1 envelope_version=1
MeshxMessageObserver: legacy_beacon_received device_id=26CA66DF-83C3-B885-6EF0-4EB8E0401236 rssi=-58 message_id_hash=00ec2f1545597cba sender_peer_id_hash=f70806eddc285bcc payload_kind=TX beacon_version=1 envelope_version=1
MeshxMessageObserver: legacy_beacon_received device_id=26CA66DF-83C3-B885-6EF0-4EB8E0401236 rssi=-58 message_id_hash=00ec2f1545597cba sender_peer_id_hash=f70806eddc285bcc payload_kind=TX beacon_version=1 envelope_version=1
MeshxMessageObserver: legacy_beacon_received device_id=26CA66DF-83C3-B885-6EF0-4EB8E0401236 rssi=-58 message_id_hash=00ec2f1545597cba sender_peer_id_hash=f70806eddc285bcc payload_kind=TX beacon_version=1 envelope_version=1
MeshxMessageObserver: legacy_beacon_received device_id=26CA66DF-83C3-B885-6EF0-4EB8E0401236 rssi=-60 message_id_hash=00ec2f1545597cba sender_peer_id_hash=f70806eddc285bcc payload_kind=TX beacon_version=1 envelope_version=1
MeshxMessageObserver: legacy_beacon_received device_id=26CA66DF-83C3-B885-6EF0-4EB8E0401236 rssi=-61 message_id_hash=00ec2f1545597cba sender_peer_id_hash=f70806eddc285bcc payload_kind=TX beacon_version=1 envelope_version=1
MeshxMessageObserver: legacy_beacon_received device_id=26CA66DF-83C3-B885-6EF0-4EB8E0401236 rssi=-61 message_id_hash=00ec2f1545597cba sender_peer_id_hash=f70806eddc285bcc payload_kind=TX beacon_version=1 envelope_version=1
MeshxMessageObserver: legacy_beacon_received device_id=26CA66DF-83C3-B885-6EF0-4EB8E0401236 rssi=-60 message_id_hash=00ec2f1545597cba sender_peer_id_hash=f70806eddc285bcc payload_kind=TX beacon_version=1 envelope_version=1
MeshxMessageObserver: legacy_beacon_received device_id=26CA66DF-83C3-B885-6EF0-4EB8E0401236 rssi=-58 message_id_hash=00ec2f1545597cba sender_peer_id_hash=f70806eddc285bcc payload_kind=TX beacon_version=1 envelope_version=1
MeshxMessageObserver: legacy_beacon_received device_id=26CA66DF-83C3-B885-6EF0-4EB8E0401236 rssi=127 message_id_hash=00ec2f1545597cba sender_peer_id_hash=f70806eddc285bcc payload_kind=TX beacon_version=1 envelope_version=1
App terminated due to signal 2.
