--------- beginning of main
05-17 05:18:10.337 28825 28825 I MeshX   : registered BluetoothAdapter state receiver
05-17 05:18:10.337 28825 28825 I MeshX   : onCreate: MESHX_BLE_SELFTEST=1
05-17 05:18:10.342 28825 28825 I MeshX   : onCreate — handing off to BEAM
05-17 05:18:19.026 28825 28898 I MeshxBleDispatch: {"v":1,"event":"ble_capabilities","supports_extended_advertising":true,"max_advertising_data_length":1024,"is_multiple_advertisement_supported":true,"legacy_manufacturer_payload_budget":24}
05-17 05:18:19.052 28825 28898 I MeshxBleDispatch: {"v":1,"event":"attempt_outcome","attempt_id":"selftest-1779020299007","message_id":"Z8\/p9olhADB+YS7UlJVIUA==","target_peer_id":"broadcast","target_device_ids":["broadcast"],"kind":"dispatched","reason":"legacy_beacon_fallback","adapter":"ble_android","outcome_at_ms":183971069}
05-17 05:18:19.073 28825 28825 I MeshxBleDispatch: {"v":1,"event":"legacy_beacon_advertising_started","attempt_id":"selftest-1779020299007","beacon_size":22,"beacon":"TUIBAQEAW71eD75qdUgS94VXUXoT+Q==","message_id_hash":"W71eD75qdUg=","sender_peer_id_hash":"EveFV1F6E\/k=","payload_kind":"TX","envelope_version":1,"window_ms":5000,"data_carrier":"legacy_advertisement"}
05-17 05:18:26.074 28825 28898 I MeshxBleDispatch: {"v":1,"event":"ble_capabilities","supports_extended_advertising":true,"max_advertising_data_length":1024,"is_multiple_advertisement_supported":true,"legacy_manufacturer_payload_budget":24}
05-17 05:18:26.093 28825 28898 I MeshxBleDispatch: {"v":1,"event":"attempt_outcome","attempt_id":"selftest-1779020306060","message_id":"afM\/4oGLZenM9ZdVt364KQ==","target_peer_id":"broadcast","target_device_ids":["broadcast"],"kind":"dispatched","reason":"legacy_beacon_fallback","adapter":"ble_android","outcome_at_ms":183978121}
05-17 05:18:26.123 28825 28825 I MeshxBleDispatch: {"v":1,"event":"legacy_beacon_advertising_started","attempt_id":"selftest-1779020306060","beacon_size":22,"beacon":"TUIBAQEA9KJAFzNZVKoS94VXUXoT+Q==","message_id_hash":"9KJAFzNZVKo=","sender_peer_id_hash":"EveFV1F6E\/k=","payload_kind":"TX","envelope_version":1,"window_ms":5000,"data_carrier":"legacy_advertisement"}
05-17 05:18:33.113 28825 28898 I MeshxBleDispatch: {"v":1,"event":"ble_capabilities","supports_extended_advertising":true,"max_advertising_data_length":1024,"is_multiple_advertisement_supported":true,"legacy_manufacturer_payload_budget":24}
05-17 05:18:33.133 28825 28898 I MeshxBleDispatch: {"v":1,"event":"attempt_outcome","attempt_id":"selftest-1779020313099","message_id":"jY\/bwb8UkiFqrPhwr5E05A==","target_peer_id":"broadcast","target_device_ids":["broadcast"],"kind":"dispatched","reason":"legacy_beacon_fallback","adapter":"ble_android","outcome_at_ms":183985161}
05-17 05:18:33.174 28825 28825 I MeshxBleDispatch: {"v":1,"event":"legacy_beacon_advertising_started","attempt_id":"selftest-1779020313099","beacon_size":22,"beacon":"TUIBAQEAyu+orKvMi60S94VXUXoT+Q==","message_id_hash":"yu+orKvMi60=","sender_peer_id_hash":"EveFV1F6E\/k=","payload_kind":"TX","envelope_version":1,"window_ms":5000,"data_carrier":"legacy_advertisement"}
05-17 05:18:40.147 28825 28898 I MeshxBleDispatch: {"v":1,"event":"ble_capabilities","supports_extended_advertising":true,"max_advertising_data_length":1024,"is_multiple_advertisement_supported":true,"legacy_manufacturer_payload_budget":24}
05-17 05:18:40.162 28825 28898 I MeshxBleDispatch: {"v":1,"event":"attempt_outcome","attempt_id":"selftest-1779020320137","message_id":"JsxR2tsvL6ikt8svMr9Tlg==","target_peer_id":"broadcast","target_device_ids":["broadcast"],"kind":"dispatched","reason":"legacy_beacon_fallback","adapter":"ble_android","outcome_at_ms":183992199}
05-17 05:18:40.184 28825 28825 I MeshxBleDispatch: {"v":1,"event":"legacy_beacon_advertising_started","attempt_id":"selftest-1779020320137","beacon_size":22,"beacon":"TUIBAQEAV6NEL5YP+FYS94VXUXoT+Q==","message_id_hash":"V6NEL5YP+FY=","sender_peer_id_hash":"EveFV1F6E\/k=","payload_kind":"TX","envelope_version":1,"window_ms":5000,"data_carrier":"legacy_advertisement"}
05-17 05:18:47.178 28825 28898 I MeshxBleDispatch: {"v":1,"event":"ble_capabilities","supports_extended_advertising":true,"max_advertising_data_length":1024,"is_multiple_advertisement_supported":true,"legacy_manufacturer_payload_budget":24}
05-17 05:18:47.198 28825 28898 I MeshxBleDispatch: {"v":1,"event":"attempt_outcome","attempt_id":"selftest-1779020327168","message_id":"69Eb8EZiTHytJoBUOqrJxw==","target_peer_id":"broadcast","target_device_ids":["broadcast"],"kind":"dispatched","reason":"legacy_beacon_fallback","adapter":"ble_android","outcome_at_ms":183999230}
05-17 05:18:47.220 28825 28825 I MeshxBleDispatch: {"v":1,"event":"legacy_beacon_advertising_started","attempt_id":"selftest-1779020327168","beacon_size":22,"beacon":"TUIBAQEAETT7e0++w7MS94VXUXoT+Q==","message_id_hash":"ETT7e0++w7M=","sender_peer_id_hash":"EveFV1F6E\/k=","payload_kind":"TX","envelope_version":1,"window_ms":5000,"data_carrier":"legacy_advertisement"}
05-17 05:18:54.212 28825 28898 I MeshxBleDispatch: {"v":1,"event":"ble_capabilities","supports_extended_advertising":true,"max_advertising_data_length":1024,"is_multiple_advertisement_supported":true,"legacy_manufacturer_payload_budget":24}
05-17 05:18:54.234 28825 28898 I MeshxBleDispatch: {"v":1,"event":"attempt_outcome","attempt_id":"selftest-1779020334204","message_id":"DuC3aBA4\/Z3D2wWcr4lFBg==","target_peer_id":"broadcast","target_device_ids":["broadcast"],"kind":"dispatched","reason":"legacy_beacon_fallback","adapter":"ble_android","outcome_at_ms":184006265}
05-17 05:18:54.253 28825 28825 I MeshxBleDispatch: {"v":1,"event":"legacy_beacon_advertising_started","attempt_id":"selftest-1779020334204","beacon_size":22,"beacon":"TUIBAQEAyjbcC8VDa\/oS94VXUXoT+Q==","message_id_hash":"yjbcC8VDa\/o=","sender_peer_id_hash":"EveFV1F6E\/k=","payload_kind":"TX","envelope_version":1,"window_ms":5000,"data_carrier":"legacy_advertisement"}
